{"C:\\Users\\24656\\OneDrive\\文档\\2023Spring\\4995\\customizable-login-component-library\\clcl\\src\\components\\HelloWorld.vue": {"path":"C:\\Users\\24656\\OneDrive\\文档\\2023Spring\\4995\\customizable-login-component-library\\clcl\\src\\components\\HelloWorld.vue","statementMap":{"0":{"start":{"line":3,"column":16},"end":{"line":22,"column":3}},"1":{"start":{"line":4,"column":22},"end":{"line":13,"column":3}},"2":{"start":{"line":5,"column":4},"end":{"line":11,"column":6}},"3":{"start":{"line":8,"column":6},"end":{"line":8,"column":22}},"4":{"start":{"line":10,"column":6},"end":{"line":10,"column":83}},"5":{"start":{"line":10,"column":23},"end":{"line":10,"column":83}},"6":{"start":{"line":10,"column":71},"end":{"line":10,"column":83}},"7":{"start":{"line":12,"column":4},"end":{"line":12,"column":31}},"8":{"start":{"line":14,"column":2},"end":{"line":21,"column":4}},"9":{"start":{"line":15,"column":4},"end":{"line":15,"column":137}},"10":{"start":{"line":15,"column":47},"end":{"line":15,"column":137}},"11":{"start":{"line":16,"column":4},"end":{"line":16,"column":24}},"12":{"start":{"line":18,"column":6},"end":{"line":18,"column":27}},"13":{"start":{"line":20,"column":4},"end":{"line":20,"column":89}},"14":{"start":{"line":23,"column":17},"end":{"line":29,"column":1}},"15":{"start":{"line":24,"column":10},"end":{"line":24,"column":26}},"16":{"start":{"line":25,"column":8},"end":{"line":25,"column":99}},"17":{"start":{"line":27,"column":2},"end":{"line":27,"column":275}},"18":{"start":{"line":27,"column":77},"end":{"line":27,"column":129}},"19":{"start":{"line":27,"column":134},"end":{"line":27,"column":275}},"20":{"start":{"line":27,"column":147},"end":{"line":27,"column":168}},"21":{"start":{"line":27,"column":183},"end":{"line":27,"column":275}},"22":{"start":{"line":27,"column":206},"end":{"line":27,"column":275}},"23":{"start":{"line":28,"column":2},"end":{"line":28,"column":64}},"24":{"start":{"line":30,"column":0},"end":{"line":32,"column":3}},"25":{"start":{"line":33,"column":28},"end":{"line":33,"column":58}},"26":{"start":{"line":34,"column":30},"end":{"line":52,"column":28}},"27":{"start":{"line":35,"column":2},"end":{"line":35,"column":32}},"28":{"start":{"line":37,"column":16},"end":{"line":37,"column":72}},"29":{"start":{"line":38,"column":4},"end":{"line":43,"column":7}},"30":{"start":{"line":44,"column":4},"end":{"line":44,"column":17}},"31":{"start":{"line":46,"column":2},"end":{"line":50,"column":19}},"32":{"start":{"line":51,"column":2},"end":{"line":51,"column":20}},"33":{"start":{"line":53,"column":0},"end":{"line":53,"column":29}},"34":{"start":{"line":54,"column":0},"end":{"line":54,"column":13}},"35":{"start":{"line":55,"column":0},"end":{"line":55,"column":62}},"36":{"start":{"line":56,"column":0},"end":{"line":56,"column":24}},"37":{"start":{"line":57,"column":12},"end":{"line":57,"column":26}},"38":{"start":{"line":58,"column":17},"end":{"line":58,"column":35}},"39":{"start":{"line":59,"column":31},"end":{"line":59,"column":1892}},"40":{"start":{"line":61,"column":4},"end":{"line":64,"column":8}},"41":{"start":{"line":66,"column":0},"end":{"line":66,"column":24}},"42":{"start":{"line":68,"column":7},"end":{"line":71,"column":6}},"43":{"start":{"line":71,"column":7},"end":{"line":71,"column":54}}},"fnMap":{"0":{"name":"(anonymous_0)","decl":{"start":{"line":3,"column":42},"end":{"line":3,"column":43}},"loc":{"start":{"line":3,"column":54},"end":{"line":22,"column":1}},"line":3},"1":{"name":"(anonymous_1)","decl":{"start":{"line":4,"column":22},"end":{"line":4,"column":23}},"loc":{"start":{"line":4,"column":38},"end":{"line":13,"column":3}},"line":4},"2":{"name":"(anonymous_2)","decl":{"start":{"line":7,"column":26},"end":{"line":7,"column":27}},"loc":{"start":{"line":7,"column":42},"end":{"line":9,"column":5}},"line":7},"3":{"name":"(anonymous_3)","decl":{"start":{"line":9,"column":9},"end":{"line":9,"column":10}},"loc":{"start":{"line":9,"column":25},"end":{"line":11,"column":5}},"line":9},"4":{"name":"(anonymous_4)","decl":{"start":{"line":14,"column":9},"end":{"line":14,"column":10}},"loc":{"start":{"line":14,"column":25},"end":{"line":21,"column":3}},"line":14},"5":{"name":"__","decl":{"start":{"line":17,"column":13},"end":{"line":17,"column":15}},"loc":{"start":{"line":17,"column":18},"end":{"line":19,"column":5}},"line":17},"6":{"name":"(anonymous_6)","decl":{"start":{"line":23,"column":44},"end":{"line":23,"column":45}},"loc":{"start":{"line":23,"column":85},"end":{"line":29,"column":1}},"line":23},"7":{"name":"(anonymous_7)","decl":{"start":{"line":34,"column":30},"end":{"line":34,"column":31}},"loc":{"start":{"line":34,"column":48},"end":{"line":52,"column":1}},"line":34},"8":{"name":"HelloWorld","decl":{"start":{"line":36,"column":11},"end":{"line":36,"column":21}},"loc":{"start":{"line":36,"column":24},"end":{"line":45,"column":3}},"line":36},"9":{"name":"render","decl":{"start":{"line":60,"column":9},"end":{"line":60,"column":15}},"loc":{"start":{"line":60,"column":30},"end":{"line":65,"column":1}},"line":60}},"branchMap":{"0":{"loc":{"start":{"line":3,"column":16},"end":{"line":22,"column":3}},"type":"binary-expr","locations":[{"start":{"line":3,"column":16},"end":{"line":3,"column":20}},{"start":{"line":3,"column":24},"end":{"line":3,"column":38}},{"start":{"line":3,"column":42},"end":{"line":22,"column":3}}],"line":3},"1":{"loc":{"start":{"line":5,"column":20},"end":{"line":11,"column":5}},"type":"binary-expr","locations":[{"start":{"line":5,"column":20},"end":{"line":5,"column":41}},{"start":{"line":5,"column":45},"end":{"line":7,"column":22}},{"start":{"line":7,"column":26},"end":{"line":9,"column":5}},{"start":{"line":9,"column":9},"end":{"line":11,"column":5}}],"line":5},"2":{"loc":{"start":{"line":10,"column":23},"end":{"line":10,"column":83}},"type":"if","locations":[{"start":{"line":10,"column":23},"end":{"line":10,"column":83}},{"start":{},"end":{}}],"line":10},"3":{"loc":{"start":{"line":15,"column":4},"end":{"line":15,"column":137}},"type":"if","locations":[{"start":{"line":15,"column":4},"end":{"line":15,"column":137}},{"start":{},"end":{}}],"line":15},"4":{"loc":{"start":{"line":15,"column":8},"end":{"line":15,"column":45}},"type":"binary-expr","locations":[{"start":{"line":15,"column":8},"end":{"line":15,"column":31}},{"start":{"line":15,"column":35},"end":{"line":15,"column":45}}],"line":15},"5":{"loc":{"start":{"line":20,"column":18},"end":{"line":20,"column":88}},"type":"cond-expr","locations":[{"start":{"line":20,"column":31},"end":{"line":20,"column":47}},{"start":{"line":20,"column":51},"end":{"line":20,"column":87}}],"line":20},"6":{"loc":{"start":{"line":23,"column":17},"end":{"line":29,"column":1}},"type":"binary-expr","locations":[{"start":{"line":23,"column":17},"end":{"line":23,"column":21}},{"start":{"line":23,"column":25},"end":{"line":23,"column":40}},{"start":{"line":23,"column":44},"end":{"line":29,"column":1}}],"line":23},"7":{"loc":{"start":{"line":25,"column":8},"end":{"line":25,"column":99}},"type":"cond-expr","locations":[{"start":{"line":25,"column":16},"end":{"line":25,"column":22}},{"start":{"line":25,"column":25},"end":{"line":25,"column":99}}],"line":25},"8":{"loc":{"start":{"line":25,"column":25},"end":{"line":25,"column":99}},"type":"cond-expr","locations":[{"start":{"line":25,"column":41},"end":{"line":25,"column":92}},{"start":{"line":25,"column":95},"end":{"line":25,"column":99}}],"line":25},"9":{"loc":{"start":{"line":27,"column":2},"end":{"line":27,"column":275}},"type":"if","locations":[{"start":{"line":27,"column":2},"end":{"line":27,"column":275}},{"start":{"line":27,"column":134},"end":{"line":27,"column":275}}],"line":27},"10":{"loc":{"start":{"line":27,"column":6},"end":{"line":27,"column":75}},"type":"binary-expr","locations":[{"start":{"line":27,"column":6},"end":{"line":27,"column":33}},{"start":{"line":27,"column":37},"end":{"line":27,"column":75}}],"line":27},"11":{"loc":{"start":{"line":27,"column":183},"end":{"line":27,"column":275}},"type":"if","locations":[{"start":{"line":27,"column":183},"end":{"line":27,"column":275}},{"start":{},"end":{}}],"line":27},"12":{"loc":{"start":{"line":27,"column":210},"end":{"line":27,"column":274}},"type":"binary-expr","locations":[{"start":{"line":27,"column":211},"end":{"line":27,"column":268}},{"start":{"line":27,"column":273},"end":{"line":27,"column":274}}],"line":27},"13":{"loc":{"start":{"line":27,"column":211},"end":{"line":27,"column":268}},"type":"cond-expr","locations":[{"start":{"line":27,"column":219},"end":{"line":27,"column":223}},{"start":{"line":27,"column":226},"end":{"line":27,"column":268}}],"line":27},"14":{"loc":{"start":{"line":27,"column":226},"end":{"line":27,"column":268}},"type":"cond-expr","locations":[{"start":{"line":27,"column":234},"end":{"line":27,"column":251}},{"start":{"line":27,"column":254},"end":{"line":27,"column":268}}],"line":27},"15":{"loc":{"start":{"line":28,"column":9},"end":{"line":28,"column":60}},"type":"binary-expr","locations":[{"start":{"line":28,"column":9},"end":{"line":28,"column":14}},{"start":{"line":28,"column":18},"end":{"line":28,"column":19}},{"start":{"line":28,"column":23},"end":{"line":28,"column":60}}],"line":28},"16":{"loc":{"start":{"line":37,"column":16},"end":{"line":37,"column":72}},"type":"binary-expr","locations":[{"start":{"line":37,"column":16},"end":{"line":37,"column":31}},{"start":{"line":37,"column":35},"end":{"line":37,"column":64}},{"start":{"line":37,"column":68},"end":{"line":37,"column":72}}],"line":37}},"s":{"0":1,"1":1,"2":1,"3":0,"4":0,"5":0,"6":0,"7":1,"8":1,"9":1,"10":0,"11":1,"12":1,"13":1,"14":1,"15":1,"16":1,"17":1,"18":0,"19":1,"20":1,"21":1,"22":1,"23":1,"24":1,"25":1,"26":1,"27":1,"28":1,"29":1,"30":1,"31":1,"32":1,"33":1,"34":1,"35":1,"36":1,"37":1,"38":1,"39":1,"40":1,"41":1,"42":1,"43":1},"f":{"0":1,"1":1,"2":0,"3":0,"4":1,"5":1,"6":1,"7":1,"8":1,"9":1},"b":{"0":[1,1,1],"1":[1,0,0,0],"2":[0,0],"3":[0,1],"4":[1,0],"5":[0,1],"6":[1,1,1],"7":[1,0],"8":[0,0],"9":[0,1],"10":[1,1],"11":[1,0],"12":[1,0],"13":[1,0],"14":[0,0],"15":[1,0,0],"16":[1,1,1]},"inputSourceMap":{"0":"{","1":"\"","2":"v","3":"e","4":"r","5":"s","6":"i","7":"o","8":"n","9":"\"","10":":","11":"3","12":",","13":"\"","14":"s","15":"o","16":"u","17":"r","18":"c","19":"e","20":"s","21":"\"","22":":","23":"[","24":"\"","25":"C","26":":","27":"\\","28":"\\","29":"U","30":"s","31":"e","32":"r","33":"s","34":"\\","35":"\\","36":"2","37":"4","38":"6","39":"5","40":"6","41":"\\","42":"\\","43":"O","44":"n","45":"e","46":"D","47":"r","48":"i","49":"v","50":"e","51":"\\","52":"\\","53":"文","54":"档","55":"\\","56":"\\","57":"2","58":"0","59":"2","60":"3","61":"S","62":"p","63":"r","64":"i","65":"n","66":"g","67":"\\","68":"\\","69":"4","70":"9","71":"9","72":"5","73":"\\","74":"\\","75":"c","76":"u","77":"s","78":"t","79":"o","80":"m","81":"i","82":"z","83":"a","84":"b","85":"l","86":"e","87":"-","88":"l","89":"o","90":"g","91":"i","92":"n","93":"-","94":"c","95":"o","96":"m","97":"p","98":"o","99":"n","100":"e","101":"n","102":"t","103":"-","104":"l","105":"i","106":"b","107":"r","108":"a","109":"r","110":"y","111":"\\","112":"\\","113":"c","114":"l","115":"c","116":"l","117":"\\","118":"\\","119":"s","120":"r","121":"c","122":"\\","123":"\\","124":"c","125":"o","126":"m","127":"p","128":"o","129":"n","130":"e","131":"n","132":"t","133":"s","134":"\\","135":"\\","136":"H","137":"e","138":"l","139":"l","140":"o","141":"W","142":"o","143":"r","144":"l","145":"d","146":".","147":"v","148":"u","149":"e","150":"\"","151":"]","152":",","153":"\"","154":"n","155":"a","156":"m","157":"e","158":"s","159":"\"","160":":","161":"[","162":"]","163":",","164":"\"","165":"m","166":"a","167":"p","168":"p","169":"i","170":"n","171":"g","172":"s","173":"\"","174":":","175":"\"","176":";","177":";","178":";","179":";","180":";","181":";","182":";","183":";","184":";","185":";","186":";","187":";","188":";","189":";","190":";","191":";","192":";","193":";","194":";","195":";","196":";","197":";","198":";","199":";","200":";","201":";","202":";","203":";","204":";","205":";","206":";","207":";","208":"A","209":"A","210":"m","211":"C","212":"A","213":";","214":"A","215":"A","216":"O","217":"A","218":";","219":"E","220":"A","221":"A","222":"w","223":"C","224":";","225":"E","226":"A","227":"A","228":"x","229":"C","230":";","231":"I","232":"A","233":"A","234":"A","235":";","236":"I","237":"A","238":"C","239":"E","240":";","241":";","242":";","243":";","244":";","245":";","246":";","247":"E","248":"A","249":"C","250":"F","251":";","252":"E","253":"A","254":"F","255":"q","256":"B","257":",","258":"U","259":"A","260":"A","261":"U","262":",","263":"e","264":"A","265":"L","266":"9","267":"B","268":",","269":"i","270":"C","271":"A","272":"A","273":"O","274":",","275":"E","276":"A","277":"A","278":"C","279":";","280":"I","281":"A","282":"C","283":"P","284":",","285":"K","286":"A","287":"A","288":"K","289":",","290":"E","291":"A","292":"A","293":"E","294":";","295":"M","296":"A","297":"C","298":"L","299":",","300":"G","301":"A","302":"A","303":"G","304":",","305":"E","306":"A","307":"A","308":"E","309":";","310":";","311":"G","312":"A","313":"E","314":"R","315":",","316":"C","317":"A","318":"A","319":"C","320":",","321":"G","322":"A","323":"C","324":"m","325":"B","326":",","327":"U","328":"A","329":"A","330":"U","331":",","332":"C","333":"A","334":"E","335":"9","336":"B","337":";","338":"E","339":"A","340":"A","341":"D","342":",","343":"i","344":"B","345":"A","346":"A","347":"C","348":";","349":"C","350":"A","351":"A","352":"A","353":",","354":"C","355":"A","356":"F","357":"u","358":"C","359":",","360":"y","361":"B","362":"A","363":"A","364":"G","365":";","366":"k","367":"B","368":"A","369":"A","370":"t","371":"B","372":",","373":"U","374":"A","375":"A","376":"U","377":"\"","378":",","379":"\"","380":"f","381":"i","382":"l","383":"e","384":"\"","385":":","386":"\"","387":"C","388":":","389":"\\","390":"\\","391":"U","392":"s","393":"e","394":"r","395":"s","396":"\\","397":"\\","398":"2","399":"4","400":"6","401":"5","402":"6","403":"\\","404":"\\","405":"O","406":"n","407":"e","408":"D","409":"r","410":"i","411":"v","412":"e","413":"\\","414":"\\","415":"文","416":"档","417":"\\","418":"\\","419":"2","420":"0","421":"2","422":"3","423":"S","424":"p","425":"r","426":"i","427":"n","428":"g","429":"\\","430":"\\","431":"4","432":"9","433":"9","434":"5","435":"\\","436":"\\","437":"c","438":"u","439":"s","440":"t","441":"o","442":"m","443":"i","444":"z","445":"a","446":"b","447":"l","448":"e","449":"-","450":"l","451":"o","452":"g","453":"i","454":"n","455":"-","456":"c","457":"o","458":"m","459":"p","460":"o","461":"n","462":"e","463":"n","464":"t","465":"-","466":"l","467":"i","468":"b","469":"r","470":"a","471":"r","472":"y","473":"\\","474":"\\","475":"c","476":"l","477":"c","478":"l","479":"\\","480":"\\","481":"s","482":"r","483":"c","484":"\\","485":"\\","486":"c","487":"o","488":"m","489":"p","490":"o","491":"n","492":"e","493":"n","494":"t","495":"s","496":"\\","497":"\\","498":"H","499":"e","500":"l","501":"l","502":"o","503":"W","504":"o","505":"r","506":"l","507":"d","508":".","509":"v","510":"u","511":"e","512":"\"","513":",","514":"\"","515":"s","516":"o","517":"u","518":"r","519":"c","520":"e","521":"s","522":"C","523":"o","524":"n","525":"t","526":"e","527":"n","528":"t","529":"\"","530":":","531":"[","532":"\"","533":"<","534":"t","535":"e","536":"m","537":"p","538":"l","539":"a","540":"t","541":"e","542":">","543":"\\","544":"n","545":" ","546":" ","547":"<","548":"d","549":"i","550":"v","551":" ","552":"c","553":"l","554":"a","555":"s","556":"s","557":"=","558":"\\","559":"\"","560":"h","561":"e","562":"l","563":"l","564":"o","565":"\\","566":"\"","567":">","568":"\\","569":"n","570":" ","571":" ","572":" ","573":" ","574":"<","575":"h","576":"1","577":">","578":"{","579":"{","580":" ","581":"m","582":"s","583":"g","584":" ","585":"}","586":"}","587":"<","588":"/","589":"h","590":"1","591":">","592":"\\","593":"n","594":" ","595":" ","596":" ","597":" ","598":"<","599":"p","600":">","601":"\\","602":"n","603":" ","604":" ","605":" ","606":" ","607":" ","608":" ","609":"F","610":"o","611":"r","612":" ","613":"a","614":" ","615":"g","616":"u","617":"i","618":"d","619":"e","620":" ","621":"a","622":"n","623":"d","624":" ","625":"r","626":"e","627":"c","628":"i","629":"p","630":"e","631":"s","632":" ","633":"o","634":"n","635":" ","636":"h","637":"o","638":"w","639":" ","640":"t","641":"o","642":" ","643":"c","644":"o","645":"n","646":"f","647":"i","648":"g","649":"u","650":"r","651":"e","652":" ","653":"/","654":" ","655":"c","656":"u","657":"s","658":"t","659":"o","660":"m","661":"i","662":"z","663":"e","664":" ","665":"t","666":"h","667":"i","668":"s","669":" ","670":"p","671":"r","672":"o","673":"j","674":"e","675":"c","676":"t","677":",","678":"<","679":"b","680":"r","681":">","682":"\\","683":"n","684":" ","685":" ","686":" ","687":" ","688":" ","689":" ","690":"c","691":"h","692":"e","693":"c","694":"k","695":" ","696":"o","697":"u","698":"t","699":" ","700":"t","701":"h","702":"e","703":"\\","704":"n","705":" ","706":" ","707":" ","708":" ","709":" ","710":" ","711":"<","712":"a","713":" ","714":"h","715":"r","716":"e","717":"f","718":"=","719":"\\","720":"\"","721":"h","722":"t","723":"t","724":"p","725":"s","726":":","727":"/","728":"/","729":"c","730":"l","731":"i","732":".","733":"v","734":"u","735":"e","736":"j","737":"s","738":".","739":"o","740":"r","741":"g","742":"\\","743":"\"","744":" ","745":"t","746":"a","747":"r","748":"g","749":"e","750":"t","751":"=","752":"\\","753":"\"","754":"_","755":"b","756":"l","757":"a","758":"n","759":"k","760":"\\","761":"\"","762":" ","763":"r","764":"e","765":"l","766":"=","767":"\\","768":"\"","769":"n","770":"o","771":"o","772":"p","773":"e","774":"n","775":"e","776":"r","777":"\\","778":"\"","779":">","780":"v","781":"u","782":"e","783":"-","784":"c","785":"l","786":"i","787":" ","788":"d","789":"o","790":"c","791":"u","792":"m","793":"e","794":"n","795":"t","796":"a","797":"t","798":"i","799":"o","800":"n","801":"<","802":"/","803":"a","804":">","805":".","806":"\\","807":"n","808":" ","809":" ","810":" ","811":" ","812":"<","813":"/","814":"p","815":">","816":"\\","817":"n","818":" ","819":" ","820":" ","821":" ","822":"<","823":"h","824":"3","825":">","826":"I","827":"n","828":"s","829":"t","830":"a","831":"l","832":"l","833":"e","834":"d","835":" ","836":"C","837":"L","838":"I","839":" ","840":"P","841":"l","842":"u","843":"g","844":"i","845":"n","846":"s","847":"<","848":"/","849":"h","850":"3","851":">","852":"\\","853":"n","854":" ","855":" ","856":" ","857":" ","858":"<","859":"u","860":"l","861":">","862":"\\","863":"n","864":" ","865":" ","866":" ","867":" ","868":" ","869":" ","870":"<","871":"l","872":"i","873":">","874":"<","875":"a","876":" ","877":"h","878":"r","879":"e","880":"f","881":"=","882":"\\","883":"\"","884":"h","885":"t","886":"t","887":"p","888":"s","889":":","890":"/","891":"/","892":"g","893":"i","894":"t","895":"h","896":"u","897":"b","898":".","899":"c","900":"o","901":"m","902":"/","903":"v","904":"u","905":"e","906":"j","907":"s","908":"/","909":"v","910":"u","911":"e","912":"-","913":"c","914":"l","915":"i","916":"/","917":"t","918":"r","919":"e","920":"e","921":"/","922":"d","923":"e","924":"v","925":"/","926":"p","927":"a","928":"c","929":"k","930":"a","931":"g","932":"e","933":"s","934":"/","935":"%","936":"4","937":"0","938":"v","939":"u","940":"e","941":"/","942":"c","943":"l","944":"i","945":"-","946":"p","947":"l","948":"u","949":"g","950":"i","951":"n","952":"-","953":"b","954":"a","955":"b","956":"e","957":"l","958":"\\","959":"\"","960":" ","961":"t","962":"a","963":"r","964":"g","965":"e","966":"t","967":"=","968":"\\","969":"\"","970":"_","971":"b","972":"l","973":"a","974":"n","975":"k","976":"\\","977":"\"","978":" ","979":"r","980":"e","981":"l","982":"=","983":"\\","984":"\"","985":"n","986":"o","987":"o","988":"p","989":"e","990":"n","991":"e","992":"r","993":"\\","994":"\"","995":">","996":"b","997":"a","998":"b","999":"e","1000":"l","1001":"<","1002":"/","1003":"a","1004":">","1005":"<","1006":"/","1007":"l","1008":"i","1009":">","1010":"\\","1011":"n","1012":" ","1013":" ","1014":" ","1015":" ","1016":" ","1017":" ","1018":"<","1019":"l","1020":"i","1021":">","1022":"<","1023":"a","1024":" ","1025":"h","1026":"r","1027":"e","1028":"f","1029":"=","1030":"\\","1031":"\"","1032":"h","1033":"t","1034":"t","1035":"p","1036":"s","1037":":","1038":"/","1039":"/","1040":"g","1041":"i","1042":"t","1043":"h","1044":"u","1045":"b","1046":".","1047":"c","1048":"o","1049":"m","1050":"/","1051":"v","1052":"u","1053":"e","1054":"j","1055":"s","1056":"/","1057":"v","1058":"u","1059":"e","1060":"-","1061":"c","1062":"l","1063":"i","1064":"/","1065":"t","1066":"r","1067":"e","1068":"e","1069":"/","1070":"d","1071":"e","1072":"v","1073":"/","1074":"p","1075":"a","1076":"c","1077":"k","1078":"a","1079":"g","1080":"e","1081":"s","1082":"/","1083":"%","1084":"4","1085":"0","1086":"v","1087":"u","1088":"e","1089":"/","1090":"c","1091":"l","1092":"i","1093":"-","1094":"p","1095":"l","1096":"u","1097":"g","1098":"i","1099":"n","1100":"-","1101":"r","1102":"o","1103":"u","1104":"t","1105":"e","1106":"r","1107":"\\","1108":"\"","1109":" ","1110":"t","1111":"a","1112":"r","1113":"g","1114":"e","1115":"t","1116":"=","1117":"\\","1118":"\"","1119":"_","1120":"b","1121":"l","1122":"a","1123":"n","1124":"k","1125":"\\","1126":"\"","1127":" ","1128":"r","1129":"e","1130":"l","1131":"=","1132":"\\","1133":"\"","1134":"n","1135":"o","1136":"o","1137":"p","1138":"e","1139":"n","1140":"e","1141":"r","1142":"\\","1143":"\"","1144":">","1145":"r","1146":"o","1147":"u","1148":"t","1149":"e","1150":"r","1151":"<","1152":"/","1153":"a","1154":">","1155":"<","1156":"/","1157":"l","1158":"i","1159":">","1160":"\\","1161":"n","1162":" ","1163":" ","1164":" ","1165":" ","1166":" ","1167":" ","1168":"<","1169":"l","1170":"i","1171":">","1172":"<","1173":"a","1174":" ","1175":"h","1176":"r","1177":"e","1178":"f","1179":"=","1180":"\\","1181":"\"","1182":"h","1183":"t","1184":"t","1185":"p","1186":"s","1187":":","1188":"/","1189":"/","1190":"g","1191":"i","1192":"t","1193":"h","1194":"u","1195":"b","1196":".","1197":"c","1198":"o","1199":"m","1200":"/","1201":"v","1202":"u","1203":"e","1204":"j","1205":"s","1206":"/","1207":"v","1208":"u","1209":"e","1210":"-","1211":"c","1212":"l","1213":"i","1214":"/","1215":"t","1216":"r","1217":"e","1218":"e","1219":"/","1220":"d","1221":"e","1222":"v","1223":"/","1224":"p","1225":"a","1226":"c","1227":"k","1228":"a","1229":"g","1230":"e","1231":"s","1232":"/","1233":"%","1234":"4","1235":"0","1236":"v","1237":"u","1238":"e","1239":"/","1240":"c","1241":"l","1242":"i","1243":"-","1244":"p","1245":"l","1246":"u","1247":"g","1248":"i","1249":"n","1250":"-","1251":"v","1252":"u","1253":"e","1254":"x","1255":"\\","1256":"\"","1257":" ","1258":"t","1259":"a","1260":"r","1261":"g","1262":"e","1263":"t","1264":"=","1265":"\\","1266":"\"","1267":"_","1268":"b","1269":"l","1270":"a","1271":"n","1272":"k","1273":"\\","1274":"\"","1275":" ","1276":"r","1277":"e","1278":"l","1279":"=","1280":"\\","1281":"\"","1282":"n","1283":"o","1284":"o","1285":"p","1286":"e","1287":"n","1288":"e","1289":"r","1290":"\\","1291":"\"","1292":">","1293":"v","1294":"u","1295":"e","1296":"x","1297":"<","1298":"/","1299":"a","1300":">","1301":"<","1302":"/","1303":"l","1304":"i","1305":">","1306":"\\","1307":"n","1308":" ","1309":" ","1310":" ","1311":" ","1312":" ","1313":" ","1314":"<","1315":"l","1316":"i","1317":">","1318":"<","1319":"a","1320":" ","1321":"h","1322":"r","1323":"e","1324":"f","1325":"=","1326":"\\","1327":"\"","1328":"h","1329":"t","1330":"t","1331":"p","1332":"s","1333":":","1334":"/","1335":"/","1336":"g","1337":"i","1338":"t","1339":"h","1340":"u","1341":"b","1342":".","1343":"c","1344":"o","1345":"m","1346":"/","1347":"v","1348":"u","1349":"e","1350":"j","1351":"s","1352":"/","1353":"v","1354":"u","1355":"e","1356":"-","1357":"c","1358":"l","1359":"i","1360":"/","1361":"t","1362":"r","1363":"e","1364":"e","1365":"/","1366":"d","1367":"e","1368":"v","1369":"/","1370":"p","1371":"a","1372":"c","1373":"k","1374":"a","1375":"g","1376":"e","1377":"s","1378":"/","1379":"%","1380":"4","1381":"0","1382":"v","1383":"u","1384":"e","1385":"/","1386":"c","1387":"l","1388":"i","1389":"-","1390":"p","1391":"l","1392":"u","1393":"g","1394":"i","1395":"n","1396":"-","1397":"t","1398":"y","1399":"p","1400":"e","1401":"s","1402":"c","1403":"r","1404":"i","1405":"p","1406":"t","1407":"\\","1408":"\"","1409":" ","1410":"t","1411":"a","1412":"r","1413":"g","1414":"e","1415":"t","1416":"=","1417":"\\","1418":"\"","1419":"_","1420":"b","1421":"l","1422":"a","1423":"n","1424":"k","1425":"\\","1426":"\"","1427":" ","1428":"r","1429":"e","1430":"l","1431":"=","1432":"\\","1433":"\"","1434":"n","1435":"o","1436":"o","1437":"p","1438":"e","1439":"n","1440":"e","1441":"r","1442":"\\","1443":"\"","1444":">","1445":"t","1446":"y","1447":"p","1448":"e","1449":"s","1450":"c","1451":"r","1452":"i","1453":"p","1454":"t","1455":"<","1456":"/","1457":"a","1458":">","1459":"<","1460":"/","1461":"l","1462":"i","1463":">","1464":"\\","1465":"n","1466":" ","1467":" ","1468":" ","1469":" ","1470":"<","1471":"/","1472":"u","1473":"l","1474":">","1475":"\\","1476":"n","1477":" ","1478":" ","1479":" ","1480":" ","1481":"<","1482":"h","1483":"3","1484":">","1485":"E","1486":"s","1487":"s","1488":"e","1489":"n","1490":"t","1491":"i","1492":"a","1493":"l","1494":" ","1495":"L","1496":"i","1497":"n","1498":"k","1499":"s","1500":"<","1501":"/","1502":"h","1503":"3","1504":">","1505":"\\","1506":"n","1507":" ","1508":" ","1509":" ","1510":" ","1511":"<","1512":"u","1513":"l","1514":">","1515":"\\","1516":"n","1517":" ","1518":" ","1519":" ","1520":" ","1521":" ","1522":" ","1523":"<","1524":"l","1525":"i","1526":">","1527":"<","1528":"a","1529":" ","1530":"h","1531":"r","1532":"e","1533":"f","1534":"=","1535":"\\","1536":"\"","1537":"h","1538":"t","1539":"t","1540":"p","1541":"s","1542":":","1543":"/","1544":"/","1545":"v","1546":"u","1547":"e","1548":"j","1549":"s","1550":".","1551":"o","1552":"r","1553":"g","1554":"\\","1555":"\"","1556":" ","1557":"t","1558":"a","1559":"r","1560":"g","1561":"e","1562":"t","1563":"=","1564":"\\","1565":"\"","1566":"_","1567":"b","1568":"l","1569":"a","1570":"n","1571":"k","1572":"\\","1573":"\"","1574":" ","1575":"r","1576":"e","1577":"l","1578":"=","1579":"\\","1580":"\"","1581":"n","1582":"o","1583":"o","1584":"p","1585":"e","1586":"n","1587":"e","1588":"r","1589":"\\","1590":"\"","1591":">","1592":"C","1593":"o","1594":"r","1595":"e","1596":" ","1597":"D","1598":"o","1599":"c","1600":"s","1601":"<","1602":"/","1603":"a","1604":">","1605":"<","1606":"/","1607":"l","1608":"i","1609":">","1610":"\\","1611":"n","1612":" ","1613":" ","1614":" ","1615":" ","1616":" ","1617":" ","1618":"<","1619":"l","1620":"i","1621":">","1622":"<","1623":"a","1624":" ","1625":"h","1626":"r","1627":"e","1628":"f","1629":"=","1630":"\\","1631":"\"","1632":"h","1633":"t","1634":"t","1635":"p","1636":"s","1637":":","1638":"/","1639":"/","1640":"f","1641":"o","1642":"r","1643":"u","1644":"m","1645":".","1646":"v","1647":"u","1648":"e","1649":"j","1650":"s","1651":".","1652":"o","1653":"r","1654":"g","1655":"\\","1656":"\"","1657":" ","1658":"t","1659":"a","1660":"r","1661":"g","1662":"e","1663":"t","1664":"=","1665":"\\","1666":"\"","1667":"_","1668":"b","1669":"l","1670":"a","1671":"n","1672":"k","1673":"\\","1674":"\"","1675":" ","1676":"r","1677":"e","1678":"l","1679":"=","1680":"\\","1681":"\"","1682":"n","1683":"o","1684":"o","1685":"p","1686":"e","1687":"n","1688":"e","1689":"r","1690":"\\","1691":"\"","1692":">","1693":"F","1694":"o","1695":"r","1696":"u","1697":"m","1698":"<","1699":"/","1700":"a","1701":">","1702":"<","1703":"/","1704":"l","1705":"i","1706":">","1707":"\\","1708":"n","1709":" ","1710":" ","1711":" ","1712":" ","1713":" ","1714":" ","1715":"<","1716":"l","1717":"i","1718":">","1719":"<","1720":"a","1721":" ","1722":"h","1723":"r","1724":"e","1725":"f","1726":"=","1727":"\\","1728":"\"","1729":"h","1730":"t","1731":"t","1732":"p","1733":"s","1734":":","1735":"/","1736":"/","1737":"c","1738":"h","1739":"a","1740":"t","1741":".","1742":"v","1743":"u","1744":"e","1745":"j","1746":"s","1747":".","1748":"o","1749":"r","1750":"g","1751":"\\","1752":"\"","1753":" ","1754":"t","1755":"a","1756":"r","1757":"g","1758":"e","1759":"t","1760":"=","1761":"\\","1762":"\"","1763":"_","1764":"b","1765":"l","1766":"a","1767":"n","1768":"k","1769":"\\","1770":"\"","1771":" ","1772":"r","1773":"e","1774":"l","1775":"=","1776":"\\","1777":"\"","1778":"n","1779":"o","1780":"o","1781":"p","1782":"e","1783":"n","1784":"e","1785":"r","1786":"\\","1787":"\"","1788":">","1789":"C","1790":"o","1791":"m","1792":"m","1793":"u","1794":"n","1795":"i","1796":"t","1797":"y","1798":" ","1799":"C","1800":"h","1801":"a","1802":"t","1803":"<","1804":"/","1805":"a","1806":">","1807":"<","1808":"/","1809":"l","1810":"i","1811":">","1812":"\\","1813":"n","1814":" ","1815":" ","1816":" ","1817":" ","1818":" ","1819":" ","1820":"<","1821":"l","1822":"i","1823":">","1824":"<","1825":"a","1826":" ","1827":"h","1828":"r","1829":"e","1830":"f","1831":"=","1832":"\\","1833":"\"","1834":"h","1835":"t","1836":"t","1837":"p","1838":"s","1839":":","1840":"/","1841":"/","1842":"t","1843":"w","1844":"i","1845":"t","1846":"t","1847":"e","1848":"r","1849":".","1850":"c","1851":"o","1852":"m","1853":"/","1854":"v","1855":"u","1856":"e","1857":"j","1858":"s","1859":"\\","1860":"\"","1861":" ","1862":"t","1863":"a","1864":"r","1865":"g","1866":"e","1867":"t","1868":"=","1869":"\\","1870":"\"","1871":"_","1872":"b","1873":"l","1874":"a","1875":"n","1876":"k","1877":"\\","1878":"\"","1879":" ","1880":"r","1881":"e","1882":"l","1883":"=","1884":"\\","1885":"\"","1886":"n","1887":"o","1888":"o","1889":"p","1890":"e","1891":"n","1892":"e","1893":"r","1894":"\\","1895":"\"","1896":">","1897":"T","1898":"w","1899":"i","1900":"t","1901":"t","1902":"e","1903":"r","1904":"<","1905":"/","1906":"a","1907":">","1908":"<","1909":"/","1910":"l","1911":"i","1912":">","1913":"\\","1914":"n","1915":" ","1916":" ","1917":" ","1918":" ","1919":" ","1920":" ","1921":"<","1922":"l","1923":"i","1924":">","1925":"<","1926":"a","1927":" ","1928":"h","1929":"r","1930":"e","1931":"f","1932":"=","1933":"\\","1934":"\"","1935":"h","1936":"t","1937":"t","1938":"p","1939":"s","1940":":","1941":"/","1942":"/","1943":"n","1944":"e","1945":"w","1946":"s","1947":".","1948":"v","1949":"u","1950":"e","1951":"j","1952":"s","1953":".","1954":"o","1955":"r","1956":"g","1957":"\\","1958":"\"","1959":" ","1960":"t","1961":"a","1962":"r","1963":"g","1964":"e","1965":"t","1966":"=","1967":"\\","1968":"\"","1969":"_","1970":"b","1971":"l","1972":"a","1973":"n","1974":"k","1975":"\\","1976":"\"","1977":" ","1978":"r","1979":"e","1980":"l","1981":"=","1982":"\\","1983":"\"","1984":"n","1985":"o","1986":"o","1987":"p","1988":"e","1989":"n","1990":"e","1991":"r","1992":"\\","1993":"\"","1994":">","1995":"N","1996":"e","1997":"w","1998":"s","1999":"<","2000":"/","2001":"a","2002":">","2003":"<","2004":"/","2005":"l","2006":"i","2007":">","2008":"\\","2009":"n","2010":" ","2011":" ","2012":" ","2013":" ","2014":"<","2015":"/","2016":"u","2017":"l","2018":">","2019":"\\","2020":"n","2021":" ","2022":" ","2023":" ","2024":" ","2025":"<","2026":"h","2027":"3","2028":">","2029":"E","2030":"c","2031":"o","2032":"s","2033":"y","2034":"s","2035":"t","2036":"e","2037":"m","2038":"<","2039":"/","2040":"h","2041":"3","2042":">","2043":"\\","2044":"n","2045":" ","2046":" ","2047":" ","2048":" ","2049":"<","2050":"u","2051":"l","2052":">","2053":"\\","2054":"n","2055":" ","2056":" ","2057":" ","2058":" ","2059":" ","2060":" ","2061":"<","2062":"l","2063":"i","2064":">","2065":"<","2066":"a","2067":" ","2068":"h","2069":"r","2070":"e","2071":"f","2072":"=","2073":"\\","2074":"\"","2075":"h","2076":"t","2077":"t","2078":"p","2079":"s","2080":":","2081":"/","2082":"/","2083":"r","2084":"o","2085":"u","2086":"t","2087":"e","2088":"r","2089":".","2090":"v","2091":"u","2092":"e","2093":"j","2094":"s","2095":".","2096":"o","2097":"r","2098":"g","2099":"\\","2100":"\"","2101":" ","2102":"t","2103":"a","2104":"r","2105":"g","2106":"e","2107":"t","2108":"=","2109":"\\","2110":"\"","2111":"_","2112":"b","2113":"l","2114":"a","2115":"n","2116":"k","2117":"\\","2118":"\"","2119":" ","2120":"r","2121":"e","2122":"l","2123":"=","2124":"\\","2125":"\"","2126":"n","2127":"o","2128":"o","2129":"p","2130":"e","2131":"n","2132":"e","2133":"r","2134":"\\","2135":"\"","2136":">","2137":"v","2138":"u","2139":"e","2140":"-","2141":"r","2142":"o","2143":"u","2144":"t","2145":"e","2146":"r","2147":"<","2148":"/","2149":"a","2150":">","2151":"<","2152":"/","2153":"l","2154":"i","2155":">","2156":"\\","2157":"n","2158":" ","2159":" ","2160":" ","2161":" ","2162":" ","2163":" ","2164":"<","2165":"l","2166":"i","2167":">","2168":"<","2169":"a","2170":" ","2171":"h","2172":"r","2173":"e","2174":"f","2175":"=","2176":"\\","2177":"\"","2178":"h","2179":"t","2180":"t","2181":"p","2182":"s","2183":":","2184":"/","2185":"/","2186":"v","2187":"u","2188":"e","2189":"x","2190":".","2191":"v","2192":"u","2193":"e","2194":"j","2195":"s","2196":".","2197":"o","2198":"r","2199":"g","2200":"\\","2201":"\"","2202":" ","2203":"t","2204":"a","2205":"r","2206":"g","2207":"e","2208":"t","2209":"=","2210":"\\","2211":"\"","2212":"_","2213":"b","2214":"l","2215":"a","2216":"n","2217":"k","2218":"\\","2219":"\"","2220":" ","2221":"r","2222":"e","2223":"l","2224":"=","2225":"\\","2226":"\"","2227":"n","2228":"o","2229":"o","2230":"p","2231":"e","2232":"n","2233":"e","2234":"r","2235":"\\","2236":"\"","2237":">","2238":"v","2239":"u","2240":"e","2241":"x","2242":"<","2243":"/","2244":"a","2245":">","2246":"<","2247":"/","2248":"l","2249":"i","2250":">","2251":"\\","2252":"n","2253":" ","2254":" ","2255":" ","2256":" ","2257":" ","2258":" ","2259":"<","2260":"l","2261":"i","2262":">","2263":"<","2264":"a","2265":" ","2266":"h","2267":"r","2268":"e","2269":"f","2270":"=","2271":"\\","2272":"\"","2273":"h","2274":"t","2275":"t","2276":"p","2277":"s","2278":":","2279":"/","2280":"/","2281":"g","2282":"i","2283":"t","2284":"h","2285":"u","2286":"b","2287":".","2288":"c","2289":"o","2290":"m","2291":"/","2292":"v","2293":"u","2294":"e","2295":"j","2296":"s","2297":"/","2298":"v","2299":"u","2300":"e","2301":"-","2302":"d","2303":"e","2304":"v","2305":"t","2306":"o","2307":"o","2308":"l","2309":"s","2310":"#","2311":"v","2312":"u","2313":"e","2314":"-","2315":"d","2316":"e","2317":"v","2318":"t","2319":"o","2320":"o","2321":"l","2322":"s","2323":"\\","2324":"\"","2325":" ","2326":"t","2327":"a","2328":"r","2329":"g","2330":"e","2331":"t","2332":"=","2333":"\\","2334":"\"","2335":"_","2336":"b","2337":"l","2338":"a","2339":"n","2340":"k","2341":"\\","2342":"\"","2343":" ","2344":"r","2345":"e","2346":"l","2347":"=","2348":"\\","2349":"\"","2350":"n","2351":"o","2352":"o","2353":"p","2354":"e","2355":"n","2356":"e","2357":"r","2358":"\\","2359":"\"","2360":">","2361":"v","2362":"u","2363":"e","2364":"-","2365":"d","2366":"e","2367":"v","2368":"t","2369":"o","2370":"o","2371":"l","2372":"s","2373":"<","2374":"/","2375":"a","2376":">","2377":"<","2378":"/","2379":"l","2380":"i","2381":">","2382":"\\","2383":"n","2384":" ","2385":" ","2386":" ","2387":" ","2388":" ","2389":" ","2390":"<","2391":"l","2392":"i","2393":">","2394":"<","2395":"a","2396":" ","2397":"h","2398":"r","2399":"e","2400":"f","2401":"=","2402":"\\","2403":"\"","2404":"h","2405":"t","2406":"t","2407":"p","2408":"s","2409":":","2410":"/","2411":"/","2412":"v","2413":"u","2414":"e","2415":"-","2416":"l","2417":"o","2418":"a","2419":"d","2420":"e","2421":"r","2422":".","2423":"v","2424":"u","2425":"e","2426":"j","2427":"s","2428":".","2429":"o","2430":"r","2431":"g","2432":"\\","2433":"\"","2434":" ","2435":"t","2436":"a","2437":"r","2438":"g","2439":"e","2440":"t","2441":"=","2442":"\\","2443":"\"","2444":"_","2445":"b","2446":"l","2447":"a","2448":"n","2449":"k","2450":"\\","2451":"\"","2452":" ","2453":"r","2454":"e","2455":"l","2456":"=","2457":"\\","2458":"\"","2459":"n","2460":"o","2461":"o","2462":"p","2463":"e","2464":"n","2465":"e","2466":"r","2467":"\\","2468":"\"","2469":">","2470":"v","2471":"u","2472":"e","2473":"-","2474":"l","2475":"o","2476":"a","2477":"d","2478":"e","2479":"r","2480":"<","2481":"/","2482":"a","2483":">","2484":"<","2485":"/","2486":"l","2487":"i","2488":">","2489":"\\","2490":"n","2491":" ","2492":" ","2493":" ","2494":" ","2495":" ","2496":" ","2497":"<","2498":"l","2499":"i","2500":">","2501":"<","2502":"a","2503":" ","2504":"h","2505":"r","2506":"e","2507":"f","2508":"=","2509":"\\","2510":"\"","2511":"h","2512":"t","2513":"t","2514":"p","2515":"s","2516":":","2517":"/","2518":"/","2519":"g","2520":"i","2521":"t","2522":"h","2523":"u","2524":"b","2525":".","2526":"c","2527":"o","2528":"m","2529":"/","2530":"v","2531":"u","2532":"e","2533":"j","2534":"s","2535":"/","2536":"a","2537":"w","2538":"e","2539":"s","2540":"o","2541":"m","2542":"e","2543":"-","2544":"v","2545":"u","2546":"e","2547":"\\","2548":"\"","2549":" ","2550":"t","2551":"a","2552":"r","2553":"g","2554":"e","2555":"t","2556":"=","2557":"\\","2558":"\"","2559":"_","2560":"b","2561":"l","2562":"a","2563":"n","2564":"k","2565":"\\","2566":"\"","2567":" ","2568":"r","2569":"e","2570":"l","2571":"=","2572":"\\","2573":"\"","2574":"n","2575":"o","2576":"o","2577":"p","2578":"e","2579":"n","2580":"e","2581":"r","2582":"\\","2583":"\"","2584":">","2585":"a","2586":"w","2587":"e","2588":"s","2589":"o","2590":"m","2591":"e","2592":"-","2593":"v","2594":"u","2595":"e","2596":"<","2597":"/","2598":"a","2599":">","2600":"<","2601":"/","2602":"l","2603":"i","2604":">","2605":"\\","2606":"n","2607":" ","2608":" ","2609":" ","2610":" ","2611":"<","2612":"/","2613":"u","2614":"l","2615":">","2616":"\\","2617":"n","2618":" ","2619":" ","2620":"<","2621":"/","2622":"d","2623":"i","2624":"v","2625":">","2626":"\\","2627":"n","2628":"<","2629":"/","2630":"t","2631":"e","2632":"m","2633":"p","2634":"l","2635":"a","2636":"t","2637":"e","2638":">","2639":"\\","2640":"n","2641":"\\","2642":"n","2643":"<","2644":"s","2645":"c","2646":"r","2647":"i","2648":"p","2649":"t","2650":" ","2651":"l","2652":"a","2653":"n","2654":"g","2655":"=","2656":"\\","2657":"\"","2658":"t","2659":"s","2660":"\\","2661":"\"","2662":">","2663":"\\","2664":"n","2665":"i","2666":"m","2667":"p","2668":"o","2669":"r","2670":"t","2671":" ","2672":"{","2673":" ","2674":"O","2675":"p","2676":"t","2677":"i","2678":"o","2679":"n","2680":"s","2681":",","2682":" ","2683":"V","2684":"u","2685":"e","2686":" ","2687":"}","2688":" ","2689":"f","2690":"r","2691":"o","2692":"m","2693":" ","2694":"'","2695":"v","2696":"u","2697":"e","2698":"-","2699":"c","2700":"l","2701":"a","2702":"s","2703":"s","2704":"-","2705":"c","2706":"o","2707":"m","2708":"p","2709":"o","2710":"n","2711":"e","2712":"n","2713":"t","2714":"'","2715":";","2716":"\\","2717":"n","2718":"\\","2719":"n","2720":"@","2721":"O","2722":"p","2723":"t","2724":"i","2725":"o","2726":"n","2727":"s","2728":"(","2729":"{","2730":"\\","2731":"n","2732":" ","2733":" ","2734":"p","2735":"r","2736":"o","2737":"p","2738":"s","2739":":","2740":" ","2741":"{","2742":"\\","2743":"n","2744":" ","2745":" ","2746":" ","2747":" ","2748":"m","2749":"s","2750":"g","2751":":","2752":" ","2753":"S","2754":"t","2755":"r","2756":"i","2757":"n","2758":"g","2759":"\\","2760":"n","2761":" ","2762":" ","2763":"}","2764":"\\","2765":"n","2766":"}","2767":")","2768":"\\","2769":"n","2770":"e","2771":"x","2772":"p","2773":"o","2774":"r","2775":"t","2776":" ","2777":"d","2778":"e","2779":"f","2780":"a","2781":"u","2782":"l","2783":"t","2784":" ","2785":"c","2786":"l","2787":"a","2788":"s","2789":"s","2790":" ","2791":"H","2792":"e","2793":"l","2794":"l","2795":"o","2796":"W","2797":"o","2798":"r","2799":"l","2800":"d","2801":" ","2802":"e","2803":"x","2804":"t","2805":"e","2806":"n","2807":"d","2808":"s","2809":" ","2810":"V","2811":"u","2812":"e","2813":" ","2814":"{","2815":"\\","2816":"n","2817":" ","2818":" ","2819":"m","2820":"s","2821":"g","2822":"!","2823":":","2824":" ","2825":"s","2826":"t","2827":"r","2828":"i","2829":"n","2830":"g","2831":"\\","2832":"n","2833":"}","2834":"\\","2835":"n","2836":"<","2837":"/","2838":"s","2839":"c","2840":"r","2841":"i","2842":"p","2843":"t","2844":">","2845":"\\","2846":"n","2847":"\\","2848":"n","2849":"<","2850":"!","2851":"-","2852":"-","2853":" ","2854":"A","2855":"d","2856":"d","2857":" ","2858":"\\","2859":"\"","2860":"s","2861":"c","2862":"o","2863":"p","2864":"e","2865":"d","2866":"\\","2867":"\"","2868":" ","2869":"a","2870":"t","2871":"t","2872":"r","2873":"i","2874":"b","2875":"u","2876":"t","2877":"e","2878":" ","2879":"t","2880":"o","2881":" ","2882":"l","2883":"i","2884":"m","2885":"i","2886":"t","2887":" ","2888":"C","2889":"S","2890":"S","2891":" ","2892":"t","2893":"o","2894":" ","2895":"t","2896":"h","2897":"i","2898":"s","2899":" ","2900":"c","2901":"o","2902":"m","2903":"p","2904":"o","2905":"n","2906":"e","2907":"n","2908":"t","2909":" ","2910":"o","2911":"n","2912":"l","2913":"y","2914":" ","2915":"-","2916":"-","2917":">","2918":"\\","2919":"n","2920":"<","2921":"s","2922":"t","2923":"y","2924":"l","2925":"e","2926":" ","2927":"s","2928":"c","2929":"o","2930":"p","2931":"e","2932":"d","2933":">","2934":"\\","2935":"n","2936":"h","2937":"3","2938":" ","2939":"{","2940":"\\","2941":"n","2942":" ","2943":" ","2944":"m","2945":"a","2946":"r","2947":"g","2948":"i","2949":"n","2950":":","2951":" ","2952":"4","2953":"0","2954":"p","2955":"x","2956":" ","2957":"0","2958":" ","2959":"0","2960":";","2961":"\\","2962":"n","2963":"}","2964":"\\","2965":"n","2966":"u","2967":"l","2968":" ","2969":"{","2970":"\\","2971":"n","2972":" ","2973":" ","2974":"l","2975":"i","2976":"s","2977":"t","2978":"-","2979":"s","2980":"t","2981":"y","2982":"l","2983":"e","2984":"-","2985":"t","2986":"y","2987":"p","2988":"e","2989":":","2990":" ","2991":"n","2992":"o","2993":"n","2994":"e","2995":";","2996":"\\","2997":"n","2998":" ","2999":" ","3000":"p","3001":"a","3002":"d","3003":"d","3004":"i","3005":"n","3006":"g","3007":":","3008":" ","3009":"0","3010":";","3011":"\\","3012":"n","3013":"}","3014":"\\","3015":"n","3016":"l","3017":"i","3018":" ","3019":"{","3020":"\\","3021":"n","3022":" ","3023":" ","3024":"d","3025":"i","3026":"s","3027":"p","3028":"l","3029":"a","3030":"y","3031":":","3032":" ","3033":"i","3034":"n","3035":"l","3036":"i","3037":"n","3038":"e","3039":"-","3040":"b","3041":"l","3042":"o","3043":"c","3044":"k","3045":";","3046":"\\","3047":"n","3048":" ","3049":" ","3050":"m","3051":"a","3052":"r","3053":"g","3054":"i","3055":"n","3056":":","3057":" ","3058":"0","3059":" ","3060":"1","3061":"0","3062":"p","3063":"x","3064":";","3065":"\\","3066":"n","3067":"}","3068":"\\","3069":"n","3070":"a","3071":" ","3072":"{","3073":"\\","3074":"n","3075":" ","3076":" ","3077":"c","3078":"o","3079":"l","3080":"o","3081":"r","3082":":","3083":" ","3084":"#","3085":"4","3086":"2","3087":"b","3088":"9","3089":"8","3090":"3","3091":";","3092":"\\","3093":"n","3094":"}","3095":"\\","3096":"n","3097":"<","3098":"/","3099":"s","3100":"t","3101":"y","3102":"l","3103":"e","3104":">","3105":"\\","3106":"n","3107":"\"","3108":"]","3109":"}"},"_coverageSchema":"1a1c01bbd47fc00a2c39e90264f33305004495a9","hash":"921e0b45678e83fc918102952f9a930ec9e94067"}
}
