<?xml version="1.0" encoding="UTF-8"?>
<coverage generated="1680861287472" clover="3.2.0">
  <project timestamp="1680861287472" name="All files">
    <metrics statements="51" coveredstatements="44" conditionals="6" coveredconditionals="6" methods="22" coveredmethods="17" elements="79" coveredelements="67" complexity="0" loc="51" ncloc="51" packages="1" files="1" classes="1"/>
    <file name="Google.vue" path="C:\project\customizable-login-component-library\src\packages\Google.vue">
      <metrics statements="51" coveredstatements="44" conditionals="6" coveredconditionals="6" methods="22" coveredmethods="17"/>
      <line num="4" count="1" type="stmt"/>
      <line num="7" count="1" type="stmt"/>
      <line num="13" count="1" type="stmt"/>
      <line num="16" count="1" type="stmt"/>
      <line num="24" count="0" type="stmt"/>
      <line num="25" count="0" type="stmt"/>
      <line num="26" count="0" type="stmt"/>
      <line num="29" count="0" type="stmt"/>
      <line num="35" count="1" type="stmt"/>
      <line num="36" count="1" type="stmt"/>
      <line num="37" count="1" type="stmt"/>
      <line num="38" count="1" type="stmt"/>
      <line num="39" count="1" type="stmt"/>
      <line num="40" count="1" type="stmt"/>
      <line num="120" count="1" type="stmt"/>
      <line num="121" count="1" type="stmt"/>
      <line num="122" count="1" type="stmt"/>
      <line num="125" count="1" type="stmt"/>
      <line num="126" count="1" type="stmt"/>
      <line num="127" count="1" type="stmt"/>
      <line num="128" count="1" type="stmt"/>
      <line num="129" count="1" type="stmt"/>
      <line num="131" count="1" type="stmt"/>
      <line num="132" count="1" type="stmt"/>
      <line num="133" count="1" type="stmt"/>
      <line num="134" count="1" type="stmt"/>
      <line num="135" count="1" type="stmt"/>
      <line num="136" count="1" type="stmt"/>
      <line num="137" count="1" type="stmt"/>
      <line num="138" count="1" type="stmt"/>
      <line num="139" count="1" type="stmt"/>
      <line num="144" count="1" type="stmt"/>
      <line num="156" count="1" type="stmt"/>
      <line num="158" count="1" type="stmt"/>
      <line num="161" count="0" type="cond" truecount="2" falsecount="0"/>
      <line num="166" count="1" type="stmt"/>
      <line num="175" count="1" type="stmt"/>
      <line num="183" count="1" type="stmt"/>
      <line num="194" count="1" type="stmt"/>
      <line num="204" count="1" type="stmt"/>
      <line num="208" count="0" type="cond" truecount="2" falsecount="0"/>
      <line num="213" count="1" type="stmt"/>
      <line num="223" count="1" type="stmt"/>
      <line num="243" count="0" type="cond" truecount="2" falsecount="0"/>
      <line num="248" count="1" type="stmt"/>
      <line num="250" count="3" type="stmt"/>
      <line num="264" count="1" type="stmt"/>
      <line num="273" count="1" type="stmt"/>
      <line num="282" count="1" type="stmt"/>
      <line num="291" count="1" type="stmt"/>
      <line num="292" count="1" type="stmt"/>
    </file>
  </project>
</coverage>
