{"C:\\project\\customizable-login-component-library\\src\\packages\\Amazon.vue": {"path":"C:\\project\\customizable-login-component-library\\src\\packages\\Amazon.vue","statementMap":{"0":{"start":{"line":4,"column":0},"end":{"line":6,"column":3}},"1":{"start":{"line":7,"column":0},"end":{"line":7,"column":25}},"2":{"start":{"line":14,"column":15},"end":{"line":32,"column":1}},"3":{"start":{"line":17,"column":4},"end":{"line":20,"column":6}},"4":{"start":{"line":24,"column":23},"end":{"line":24,"column":28}},"5":{"start":{"line":25,"column":23},"end":{"line":25,"column":28}},"6":{"start":{"line":26,"column":6},"end":{"line":26,"column":38}},"7":{"start":{"line":29,"column":6},"end":{"line":29,"column":37}},"8":{"start":{"line":35,"column":0},"end":{"line":35,"column":13}},"9":{"start":{"line":36,"column":0},"end":{"line":36,"column":62}},"10":{"start":{"line":37,"column":0},"end":{"line":37,"column":24}},"11":{"start":{"line":38,"column":12},"end":{"line":38,"column":26}},"12":{"start":{"line":39,"column":31},"end":{"line":42,"column":26}},"13":{"start":{"line":43,"column":31},"end":{"line":43,"column":129}},"14":{"start":{"line":44,"column":17},"end":{"line":44,"column":64}},"15":{"start":{"line":45,"column":31},"end":{"line":45,"column":248}},"16":{"start":{"line":46,"column":31},"end":{"line":46,"column":158}},"17":{"start":{"line":47,"column":31},"end":{"line":47,"column":129}},"18":{"start":{"line":48,"column":31},"end":{"line":53,"column":20}},"19":{"start":{"line":54,"column":31},"end":{"line":56,"column":20}},"20":{"start":{"line":57,"column":31},"end":{"line":57,"column":131}},"21":{"start":{"line":58,"column":32},"end":{"line":61,"column":20}},"22":{"start":{"line":62,"column":32},"end":{"line":62,"column":130}},"23":{"start":{"line":63,"column":32},"end":{"line":71,"column":20}},"24":{"start":{"line":73,"column":30},"end":{"line":73,"column":69}},"25":{"start":{"line":74,"column":31},"end":{"line":74,"column":71}},"26":{"start":{"line":75,"column":38},"end":{"line":75,"column":85}},"27":{"start":{"line":76,"column":33},"end":{"line":76,"column":75}},"28":{"start":{"line":77,"column":29},"end":{"line":77,"column":67}},"29":{"start":{"line":78,"column":4},"end":{"line":153,"column":34}},"30":{"start":{"line":82,"column":54},"end":{"line":150,"column":14}},"31":{"start":{"line":94,"column":66},"end":{"line":146,"column":26}},"32":{"start":{"line":96,"column":74},"end":{"line":116,"column":34}},"33":{"start":{"line":100,"column":109},"end":{"line":100,"column":143}},"34":{"start":{"line":109,"column":82},"end":{"line":111,"column":42}},"35":{"start":{"line":120,"column":74},"end":{"line":143,"column":34}},"36":{"start":{"line":128,"column":109},"end":{"line":128,"column":143}},"37":{"start":{"line":137,"column":82},"end":{"line":139,"column":42}},"38":{"start":{"line":155,"column":0},"end":{"line":155,"column":24}},"39":{"start":{"line":156,"column":1},"end":{"line":156,"column":48}}},"fnMap":{"0":{"name":"(anonymous_0)","decl":{"start":{"line":16,"column":2},"end":{"line":16,"column":3}},"loc":{"start":{"line":16,"column":9},"end":{"line":21,"column":3}},"line":16},"1":{"name":"(anonymous_1)","decl":{"start":{"line":23,"column":4},"end":{"line":23,"column":5}},"loc":{"start":{"line":23,"column":12},"end":{"line":27,"column":5}},"line":23},"2":{"name":"(anonymous_2)","decl":{"start":{"line":28,"column":4},"end":{"line":28,"column":5}},"loc":{"start":{"line":28,"column":23},"end":{"line":30,"column":5}},"line":28},"3":{"name":"render","decl":{"start":{"line":72,"column":9},"end":{"line":72,"column":15}},"loc":{"start":{"line":72,"column":30},"end":{"line":154,"column":1}},"line":72},"4":{"name":"(anonymous_4)","decl":{"start":{"line":82,"column":40},"end":{"line":82,"column":41}},"loc":{"start":{"line":82,"column":52},"end":{"line":150,"column":16}},"line":82},"5":{"name":"(anonymous_5)","decl":{"start":{"line":94,"column":52},"end":{"line":94,"column":53}},"loc":{"start":{"line":94,"column":64},"end":{"line":146,"column":28}},"line":94},"6":{"name":"(anonymous_6)","decl":{"start":{"line":96,"column":60},"end":{"line":96,"column":61}},"loc":{"start":{"line":96,"column":72},"end":{"line":116,"column":36}},"line":96},"7":{"name":"(anonymous_7)","decl":{"start":{"line":100,"column":89},"end":{"line":100,"column":90}},"loc":{"start":{"line":100,"column":107},"end":{"line":100,"column":145}},"line":100},"8":{"name":"(anonymous_8)","decl":{"start":{"line":109,"column":68},"end":{"line":109,"column":69}},"loc":{"start":{"line":109,"column":80},"end":{"line":111,"column":44}},"line":109},"9":{"name":"(anonymous_9)","decl":{"start":{"line":120,"column":60},"end":{"line":120,"column":61}},"loc":{"start":{"line":120,"column":72},"end":{"line":143,"column":36}},"line":120},"10":{"name":"(anonymous_10)","decl":{"start":{"line":128,"column":89},"end":{"line":128,"column":90}},"loc":{"start":{"line":128,"column":107},"end":{"line":128,"column":145}},"line":128},"11":{"name":"(anonymous_11)","decl":{"start":{"line":137,"column":68},"end":{"line":137,"column":69}},"loc":{"start":{"line":137,"column":80},"end":{"line":139,"column":44}},"line":137}},"branchMap":{"0":{"loc":{"start":{"line":100,"column":63},"end":{"line":100,"column":146}},"type":"binary-expr","locations":[{"start":{"line":100,"column":63},"end":{"line":100,"column":72}},{"start":{"line":100,"column":77},"end":{"line":100,"column":145}}],"line":100},"1":{"loc":{"start":{"line":128,"column":63},"end":{"line":128,"column":146}},"type":"binary-expr","locations":[{"start":{"line":128,"column":63},"end":{"line":128,"column":72}},{"start":{"line":128,"column":77},"end":{"line":128,"column":145}}],"line":128}},"s":{"0":1,"1":1,"2":1,"3":1,"4":0,"5":0,"6":0,"7":0,"8":1,"9":1,"10":1,"11":1,"12":1,"13":1,"14":1,"15":1,"16":1,"17":1,"18":1,"19":1,"20":1,"21":1,"22":1,"23":1,"24":1,"25":1,"26":1,"27":1,"28":1,"29":1,"30":1,"31":1,"32":1,"33":0,"34":1,"35":1,"36":0,"37":1,"38":1,"39":1},"f":{"0":1,"1":0,"2":0,"3":1,"4":1,"5":1,"6":1,"7":0,"8":1,"9":1,"10":0,"11":1},"b":{"0":[1,1],"1":[1,1]},"inputSourceMap":{"0":"{","1":"\"","2":"v","3":"e","4":"r","5":"s","6":"i","7":"o","8":"n","9":"\"","10":":","11":"3","12":",","13":"\"","14":"s","15":"o","16":"u","17":"r","18":"c","19":"e","20":"s","21":"\"","22":":","23":"[","24":"\"","25":"C","26":":","27":"\\","28":"\\","29":"p","30":"r","31":"o","32":"j","33":"e","34":"c","35":"t","36":"\\","37":"\\","38":"c","39":"u","40":"s","41":"t","42":"o","43":"m","44":"i","45":"z","46":"a","47":"b","48":"l","49":"e","50":"-","51":"l","52":"o","53":"g","54":"i","55":"n","56":"-","57":"c","58":"o","59":"m","60":"p","61":"o","62":"n","63":"e","64":"n","65":"t","66":"-","67":"l","68":"i","69":"b","70":"r","71":"a","72":"r","73":"y","74":"\\","75":"\\","76":"s","77":"r","78":"c","79":"\\","80":"\\","81":"p","82":"a","83":"c","84":"k","85":"a","86":"g","87":"e","88":"s","89":"\\","90":"\\","91":"A","92":"m","93":"a","94":"z","95":"o","96":"n","97":".","98":"v","99":"u","100":"e","101":"\"","102":"]","103":",","104":"\"","105":"n","106":"a","107":"m","108":"e","109":"s","110":"\"","111":":","112":"[","113":"]","114":",","115":"\"","116":"m","117":"a","118":"p","119":"p","120":"i","121":"n","122":"g","123":"s","124":"\"","125":":","126":"\"","127":";","128":";","129":";","130":";","131":";","132":";","133":";","134":"A","135":"A","136":"8","137":"D","138":"A","139":";","140":";","141":";","142":";","143":";","144":";","145":"A","146":"A","147":"A","148":"A","149":",","150":"e","151":"A","152":"M","153":"e","154":";","155":"E","156":"A","157":"C","158":"b","159":",","160":"I","161":"A","162":"A","163":"I","164":",","165":"E","166":"A","167":"A","168":"E","169":",","170":"e","171":"A","172":"A","173":"e","174":";","175":"E","176":"A","177":"C","178":"r","179":"B","180":",","181":"I","182":"A","183":"A","184":"I","185":",","186":"G","187":"A","188":"A","189":"G","190":";","191":"I","192":"A","193":"C","194":"L","195":",","196":"O","197":"A","198":"A","199":"O","200":";","201":"M","202":"A","203":"C","204":"L","205":",","206":"Q","207":"A","208":"A","209":"Q","210":",","211":"E","212":"A","213":"A","214":"E","215":",","216":"E","217":"A","218":"A","219":"E","220":";","221":"M","222":"A","223":"C","224":"Z","225":",","226":"Q","227":"A","228":"A","229":"Q","230":",","231":"E","232":"A","233":"A","234":"E","235":";","236":"I","237":"A","238":"E","239":"Z","240":",","241":"C","242":"A","243":"A","244":"C","245":";","246":"E","247":"A","248":"C","249":"H","250":",","251":"C","252":"A","253":"A","254":"C","255":";","256":"E","257":"A","258":"C","259":"D","260":",","261":"O","262":"A","263":"A","264":"O","265":",","266":"E","267":"A","268":"A","269":"E","270":";","271":"I","272":"A","273":"C","274":"P","275":",","276":"K","277":"A","278":"A","279":"K","280":",","281":"G","282":"A","283":"A","284":"G","285":";","286":"M","287":"A","288":"C","289":"N","290":",","291":"M","292":"A","293":"A","294":"M","295":",","296":"Q","297":"A","298":"A","299":"Q","300":",","301":"G","302":"A","303":"A","304":"G","305":",","306":"K","307":"A","308":"A","309":"K","310":";","311":"M","312":"A","313":"C","314":"t","315":"B","316":",","317":"M","318":"A","319":"A","320":"M","321":",","322":"Q","323":"A","324":"A","325":"Q","326":",","327":"G","328":"A","329":"A","330":"G","331":",","332":"K","333":"A","334":"A","335":"K","336":";","337":"M","338":"A","339":"C","340":"t","341":"B","342":",","343":"O","344":"A","345":"A","346":"O","347":",","348":"C","349":"A","350":"A","351":"C","352":",","353":"G","354":"A","355":"A","356":"G","357":",","358":"C","359":"A","360":"A","361":"C","362":",","363":"Q","364":"A","365":"A","366":"Q","367":",","368":"E","369":"A","370":"A","371":"E","372":",","373":"Q","374":"A","375":"A","376":"Q","377":",","378":"C","379":"A","380":"A","381":"C","382":";","383":"I","384":"A","385":"C","386":"j","387":"C","388":",","389":"C","390":"A","391":"A","392":"C","393":";","394":"I","395":"A","396":"C","397":"D","398":",","399":"g","400":"B","401":"A","402":"A","403":"g","404":"B","405":",","406":"G","407":"A","408":"A","409":"G","410":";","411":"M","412":"A","413":"C","414":"j","415":"B","416":",","417":"I","418":"A","419":"A","420":"I","421":",","422":"C","423":"A","424":"A","425":"C","426":",","427":"K","428":"A","429":"A","430":"K","431":",","432":"C","433":"A","434":"A","435":"C","436":",","437":"Y","438":"A","439":"A","440":"Y","441":",","442":"C","443":"A","444":"A","445":"C","446":",","447":"I","448":"A","449":"A","450":"I","451":",","452":"E","453":"A","454":"A","455":"E","456":";","457":"I","458":"A","459":"C","460":"h","461":"C","462":";","463":"E","464":"A","465":"C","466":"F","467":";","468":"A","469":"A","470":"E","471":"F","472":",","473":"C","474":"A","475":"A","476":"C","477":";","478":"A","479":"A","480":"A","481":"A","482":";","483":"A","484":"A","485":"A","486":"A","487":"\"","488":",","489":"\"","490":"f","491":"i","492":"l","493":"e","494":"\"","495":":","496":"\"","497":"C","498":":","499":"\\","500":"\\","501":"p","502":"r","503":"o","504":"j","505":"e","506":"c","507":"t","508":"\\","509":"\\","510":"c","511":"u","512":"s","513":"t","514":"o","515":"m","516":"i","517":"z","518":"a","519":"b","520":"l","521":"e","522":"-","523":"l","524":"o","525":"g","526":"i","527":"n","528":"-","529":"c","530":"o","531":"m","532":"p","533":"o","534":"n","535":"e","536":"n","537":"t","538":"-","539":"l","540":"i","541":"b","542":"r","543":"a","544":"r","545":"y","546":"\\","547":"\\","548":"s","549":"r","550":"c","551":"\\","552":"\\","553":"p","554":"a","555":"c","556":"k","557":"a","558":"g","559":"e","560":"s","561":"\\","562":"\\","563":"A","564":"m","565":"a","566":"z","567":"o","568":"n","569":".","570":"v","571":"u","572":"e","573":"\"","574":",","575":"\"","576":"s","577":"o","578":"u","579":"r","580":"c","581":"e","582":"s","583":"C","584":"o","585":"n","586":"t","587":"e","588":"n","589":"t","590":"\"","591":":","592":"[","593":"\"","594":"<","595":"t","596":"e","597":"m","598":"p","599":"l","600":"a","601":"t","602":"e","603":">","604":"\\","605":"r","606":"\\","607":"n","608":" ","609":" ","610":"<","611":"i","612":"m","613":"g","614":" ","615":"w","616":"i","617":"d","618":"t","619":"h","620":"=","621":"\\","622":"\"","623":"1","624":"0","625":"3","626":"\\","627":"\"","628":" ","629":"s","630":"r","631":"c","632":"=","633":"\\","634":"\"","635":"h","636":"t","637":"t","638":"p","639":"s","640":":","641":"/","642":"/","643":"u","644":"p","645":"l","646":"o","647":"a","648":"d","649":".","650":"w","651":"i","652":"k","653":"i","654":"m","655":"e","656":"d","657":"i","658":"a","659":".","660":"o","661":"r","662":"g","663":"/","664":"w","665":"i","666":"k","667":"i","668":"p","669":"e","670":"d","671":"i","672":"a","673":"/","674":"c","675":"o","676":"m","677":"m","678":"o","679":"n","680":"s","681":"/","682":"a","683":"/","684":"a","685":"9","686":"/","687":"A","688":"m","689":"a","690":"z","691":"o","692":"n","693":"_","694":"l","695":"o","696":"g","697":"o","698":".","699":"s","700":"v","701":"g","702":"\\","703":"\"","704":">","705":"\\","706":"r","707":"\\","708":"n","709":" ","710":" ","711":"<","712":"d","713":"i","714":"v","715":" ","716":"s","717":"t","718":"y","719":"l","720":"e","721":"=","722":"\\","723":"\"","724":"p","725":"a","726":"d","727":"d","728":"i","729":"n","730":"g","731":"-","732":"t","733":"o","734":"p","735":":","736":" ","737":"2","738":"0","739":"p","740":"x","741":"\\","742":"\"","743":" ","744":"/","745":">","746":"\\","747":"r","748":"\\","749":"n","750":" ","751":" ","752":"<","753":"e","754":"l","755":"-","756":"c","757":"a","758":"r","759":"d","760":" ","761":"s","762":"h","763":"a","764":"d","765":"o","766":"w","767":"=","768":"\\","769":"\"","770":"n","771":"e","772":"v","773":"e","774":"r","775":"\\","776":"\"","777":">","778":"\\","779":"r","780":"\\","781":"n","782":" ","783":" ","784":" ","785":" ","786":"<","787":"d","788":"i","789":"v","790":" ","791":"s","792":"t","793":"y","794":"l","795":"e","796":"=","797":"\\","798":"\"","799":"p","800":"a","801":"d","802":"d","803":"i","804":"n","805":"g","806":":","807":" ","808":"2","809":"0","810":"p","811":"x","812":" ","813":"2","814":"6","815":"p","816":"x","817":"!","818":"i","819":"m","820":"p","821":"o","822":"r","823":"t","824":"a","825":"n","826":"t","827":";","828":"\\","829":"\"","830":">","831":"\\","832":"r","833":"\\","834":"n","835":" ","836":" ","837":" ","838":" ","839":" ","840":" ","841":"<","842":"h","843":"1","844":"\\","845":"r","846":"\\","847":"n","848":" ","849":" ","850":" ","851":" ","852":" ","853":" ","854":" ","855":" ","856":"s","857":"t","858":"y","859":"l","860":"e","861":"=","862":"\\","863":"\"","864":"m","865":"a","866":"r","867":"g","868":"i","869":"n","870":"-","871":"b","872":"o","873":"t","874":"t","875":"o","876":"m","877":":","878":" ","879":"1","880":"0","881":"p","882":"x","883":";","884":"m","885":"a","886":"r","887":"g","888":"i","889":"n","890":"-","891":"t","892":"o","893":"p","894":":","895":"0","896":"p","897":"x","898":";","899":"f","900":"o","901":"n","902":"t","903":"-","904":"s","905":"i","906":"z","907":"e","908":":","909":" ","910":"2","911":"8","912":"p","913":"x","914":";","915":"f","916":"o","917":"n","918":"t","919":"-","920":"w","921":"e","922":"i","923":"g","924":"h","925":"t","926":":","927":" ","928":"4","929":"0","930":"0","931":";","932":"l","933":"i","934":"n","935":"e","936":"-","937":"h","938":"e","939":"i","940":"g","941":"h","942":"t","943":":","944":" ","945":"1","946":".","947":"2","948":";","949":"p","950":"a","951":"d","952":"d","953":"i","954":"n","955":"g","956":"-","957":"b","958":"o","959":"t","960":"t","961":"o","962":"m","963":":","964":" ","965":"4","966":"p","967":"x","968":";","969":"\\","970":"\"","971":">","972":"\\","973":"r","974":"\\","975":"n","976":" ","977":" ","978":" ","979":" ","980":" ","981":" ","982":" ","983":" ","984":"S","985":"i","986":"g","987":"n","988":" ","989":"i","990":"n","991":"\\","992":"r","993":"\\","994":"n","995":" ","996":" ","997":" ","998":" ","999":" ","1000":" ","1001":"<","1002":"/","1003":"h","1004":"1","1005":">","1006":"\\","1007":"r","1008":"\\","1009":"n","1010":"\\","1011":"r","1012":"\\","1013":"n","1014":" ","1015":" ","1016":" ","1017":" ","1018":" ","1019":" ","1020":"<","1021":"e","1022":"l","1023":"-","1024":"c","1025":"a","1026":"r","1027":"o","1028":"u","1029":"s","1030":"e","1031":"l","1032":" ","1033":"h","1034":"e","1035":"i","1036":"g","1037":"h","1038":"t","1039":"=","1040":"\\","1041":"\"","1042":"2","1043":"0","1044":"0","1045":"p","1046":"x","1047":"\\","1048":"\"","1049":" ","1050":"r","1051":"e","1052":"f","1053":"=","1054":"\\","1055":"\"","1056":"c","1057":"a","1058":"r","1059":"o","1060":"u","1061":"s","1062":"e","1063":"l","1064":"M","1065":"e","1066":"n","1067":"u","1068":"\\","1069":"\"","1070":" ","1071":"i","1072":"n","1073":"d","1074":"i","1075":"c","1076":"a","1077":"t","1078":"o","1079":"r","1080":"-","1081":"p","1082":"o","1083":"s","1084":"i","1085":"t","1086":"i","1087":"o","1088":"n","1089":"=","1090":"\\","1091":"\"","1092":"n","1093":"o","1094":"n","1095":"e","1096":"\\","1097":"\"","1098":" ","1099":"a","1100":"r","1101":"r","1102":"o","1103":"w","1104":"=","1105":"\\","1106":"\"","1107":"n","1108":"e","1109":"v","1110":"e","1111":"r","1112":"\\","1113":"\"","1114":" ","1115":":","1116":"a","1117":"u","1118":"t","1119":"o","1120":"p","1121":"l","1122":"a","1123":"y","1124":"=","1125":"\\","1126":"\"","1127":"f","1128":"a","1129":"l","1130":"s","1131":"e","1132":"\\","1133":"\"","1134":"\\","1135":"r","1136":"\\","1137":"n","1138":" ","1139":" ","1140":" ","1141":" ","1142":" ","1143":" ","1144":" ","1145":" ","1146":" ","1147":" ","1148":" ","1149":" ","1150":" ","1151":" ","1152":" ","1153":" ","1154":" ","1155":" ","1156":" ","1157":":","1158":"l","1159":"o","1160":"o","1161":"p","1162":"=","1163":"\\","1164":"\"","1165":"f","1166":"a","1167":"l","1168":"s","1169":"e","1170":"\\","1171":"\"","1172":"\\","1173":"r","1174":"\\","1175":"n","1176":" ","1177":" ","1178":" ","1179":" ","1180":" ","1181":" ","1182":" ","1183":" ","1184":" ","1185":" ","1186":" ","1187":" ","1188":" ","1189":" ","1190":" ","1191":" ","1192":" ","1193":" ","1194":" ","1195":"t","1196":"r","1197":"i","1198":"g","1199":"g","1200":"e","1201":"r","1202":"=","1203":"\\","1204":"\"","1205":"c","1206":"l","1207":"i","1208":"c","1209":"k","1210":"\\","1211":"\"","1212":">","1213":"\\","1214":"r","1215":"\\","1216":"n","1217":"\\","1218":"r","1219":"\\","1220":"n","1221":" ","1222":" ","1223":" ","1224":" ","1225":" ","1226":" ","1227":" ","1228":" ","1229":"<","1230":"e","1231":"l","1232":"-","1233":"c","1234":"a","1235":"r","1236":"o","1237":"u","1238":"s","1239":"e","1240":"l","1241":"-","1242":"i","1243":"t","1244":"e","1245":"m","1246":">","1247":"\\","1248":"r","1249":"\\","1250":"n","1251":" ","1252":" ","1253":" ","1254":" ","1255":" ","1256":" ","1257":" ","1258":" ","1259":" ","1260":" ","1261":"<","1262":"l","1263":"a","1264":"b","1265":"e","1266":"l","1267":" ","1268":"s","1269":"t","1270":"y","1271":"l","1272":"e","1273":"=","1274":"\\","1275":"\"","1276":"f","1277":"o","1278":"n","1279":"t","1280":"-","1281":"w","1282":"e","1283":"i","1284":"g","1285":"h","1286":"t","1287":":","1288":" ","1289":"7","1290":"0","1291":"0","1292":"\\","1293":"\"","1294":">","1295":" ","1296":"E","1297":"m","1298":"a","1299":"i","1300":"l","1301":" ","1302":"o","1303":"r","1304":" ","1305":"m","1306":"o","1307":"b","1308":"i","1309":"l","1310":"e","1311":" ","1312":"p","1313":"h","1314":"o","1315":"n","1316":"e","1317":" ","1318":"n","1319":"u","1320":"m","1321":"b","1322":"e","1323":"r","1324":" ","1325":"<","1326":"/","1327":"l","1328":"a","1329":"b","1330":"e","1331":"l","1332":">","1333":"\\","1334":"r","1335":"\\","1336":"n","1337":" ","1338":" ","1339":" ","1340":" ","1341":" ","1342":" ","1343":" ","1344":" ","1345":" ","1346":" ","1347":"<","1348":"e","1349":"l","1350":"-","1351":"i","1352":"n","1353":"p","1354":"u","1355":"t","1356":" ","1357":"v","1358":"-","1359":"m","1360":"o","1361":"d","1362":"e","1363":"l","1364":"=","1365":"\\","1366":"\"","1367":"u","1368":"s","1369":"e","1370":"r","1371":"n","1372":"a","1373":"m","1374":"e","1375":"\\","1376":"\"","1377":" ","1378":"p","1379":"l","1380":"a","1381":"c","1382":"e","1383":"h","1384":"o","1385":"l","1386":"d","1387":"e","1388":"r","1389":"=","1390":"\\","1391":"\"","1392":"P","1393":"l","1394":"e","1395":"a","1396":"s","1397":"e","1398":" ","1399":"i","1400":"n","1401":"p","1402":"u","1403":"t","1404":" ","1405":"y","1406":"o","1407":"u","1408":"r","1409":" ","1410":"e","1411":"m","1412":"a","1413":"i","1414":"l","1415":"\\","1416":"\"","1417":" ","1418":"/","1419":">","1420":"\\","1421":"r","1422":"\\","1423":"n","1424":" ","1425":" ","1426":" ","1427":" ","1428":" ","1429":" ","1430":" ","1431":" ","1432":" ","1433":" ","1434":"<","1435":"d","1436":"i","1437":"v","1438":" ","1439":"s","1440":"t","1441":"y","1442":"l","1443":"e","1444":"=","1445":"\\","1446":"\"","1447":"p","1448":"a","1449":"d","1450":"d","1451":"i","1452":"n","1453":"g","1454":"-","1455":"t","1456":"o","1457":"p","1458":":","1459":" ","1460":"1","1461":"8","1462":"p","1463":"x","1464":"\\","1465":"\"","1466":" ","1467":"/","1468":">","1469":"\\","1470":"r","1471":"\\","1472":"n","1473":" ","1474":" ","1475":" ","1476":" ","1477":" ","1478":" ","1479":" ","1480":" ","1481":" ","1482":" ","1483":"<","1484":"e","1485":"l","1486":"-","1487":"b","1488":"u","1489":"t","1490":"t","1491":"o","1492":"n","1493":" ","1494":"@","1495":"c","1496":"l","1497":"i","1498":"c","1499":"k","1500":"=","1501":"\\","1502":"\"","1503":"c","1504":"h","1505":"a","1506":"n","1507":"g","1508":"e","1509":"T","1510":"o","1511":"N","1512":"e","1513":"x","1514":"t","1515":"P","1516":"a","1517":"g","1518":"e","1519":"\\","1520":"\"","1521":" ","1522":"s","1523":"t","1524":"y","1525":"l","1526":"e","1527":"=","1528":"\\","1529":"\"","1530":"w","1531":"i","1532":"d","1533":"t","1534":"h","1535":":","1536":" ","1537":"1","1538":"0","1539":"0","1540":"%","1541":";","1542":"b","1543":"o","1544":"r","1545":"d","1546":"e","1547":"r","1548":"-","1549":"c","1550":"o","1551":"l","1552":"o","1553":"r","1554":":","1555":" ","1556":"r","1557":"g","1558":"b","1559":"(","1560":"1","1561":"2","1562":"4","1563":" ","1564":"1","1565":"0","1566":"1","1567":" ","1568":"4","1569":"3","1570":")","1571":"\\","1572":"\"","1573":" ","1574":"c","1575":"o","1576":"l","1577":"o","1578":"r","1579":"=","1580":"\\","1581":"\"","1582":"#","1583":"f","1584":"0","1585":"c","1586":"1","1587":"4","1588":"b","1589":"\\","1590":"\"","1591":">","1592":"\\","1593":"r","1594":"\\","1595":"n","1596":" ","1597":" ","1598":" ","1599":" ","1600":" ","1601":" ","1602":" ","1603":" ","1604":" ","1605":" ","1606":" ","1607":" ","1608":"C","1609":"o","1610":"n","1611":"t","1612":"i","1613":"n","1614":"u","1615":"e","1616":"\\","1617":"r","1618":"\\","1619":"n","1620":" ","1621":" ","1622":" ","1623":" ","1624":" ","1625":" ","1626":" ","1627":" ","1628":" ","1629":" ","1630":"<","1631":"/","1632":"e","1633":"l","1634":"-","1635":"b","1636":"u","1637":"t","1638":"t","1639":"o","1640":"n","1641":">","1642":"\\","1643":"r","1644":"\\","1645":"n","1646":" ","1647":" ","1648":" ","1649":" ","1650":" ","1651":" ","1652":" ","1653":" ","1654":" ","1655":" ","1656":"<","1657":"d","1658":"i","1659":"v","1660":" ","1661":"s","1662":"t","1663":"y","1664":"l","1665":"e","1666":"=","1667":"\\","1668":"\"","1669":"p","1670":"a","1671":"d","1672":"d","1673":"i","1674":"n","1675":"g","1676":"-","1677":"t","1678":"o","1679":"p","1680":":","1681":" ","1682":"2","1683":"0","1684":"p","1685":"x","1686":";","1687":"f","1688":"o","1689":"n","1690":"t","1691":"-","1692":"s","1693":"i","1694":"z","1695":"e","1696":":","1697":" ","1698":"1","1699":"2","1700":"p","1701":"x","1702":";","1703":"l","1704":"i","1705":"n","1706":"e","1707":"-","1708":"h","1709":"e","1710":"i","1711":"g","1712":"h","1713":"t","1714":":","1715":" ","1716":"1","1717":".","1718":"5","1719":";","1720":"\\","1721":"\"","1722":">","1723":"\\","1724":"r","1725":"\\","1726":"n","1727":" ","1728":" ","1729":" ","1730":" ","1731":" ","1732":" ","1733":" ","1734":" ","1735":" ","1736":" ","1737":" ","1738":" ","1739":"B","1740":"y","1741":" ","1742":"c","1743":"o","1744":"n","1745":"t","1746":"i","1747":"n","1748":"u","1749":"i","1750":"n","1751":"g","1752":",","1753":" ","1754":"y","1755":"o","1756":"u","1757":" ","1758":"a","1759":"g","1760":"r","1761":"e","1762":"e","1763":" ","1764":"t","1765":"o","1766":" ","1767":"A","1768":"m","1769":"a","1770":"z","1771":"o","1772":"n","1773":"'","1774":"s","1775":"\\","1776":"r","1777":"\\","1778":"n","1779":" ","1780":" ","1781":" ","1782":" ","1783":" ","1784":" ","1785":" ","1786":" ","1787":" ","1788":" ","1789":" ","1790":" ","1791":"<","1792":"a","1793":" ","1794":"h","1795":"r","1796":"e","1797":"f","1798":"=","1799":"\\","1800":"\"","1801":"h","1802":"t","1803":"t","1804":"p","1805":"s","1806":":","1807":"/","1808":"/","1809":"w","1810":"w","1811":"w","1812":".","1813":"a","1814":"m","1815":"a","1816":"z","1817":"o","1818":"n","1819":".","1820":"c","1821":"o","1822":"m","1823":"/","1824":"\\","1825":"\"","1826":">","1827":"C","1828":"o","1829":"n","1830":"d","1831":"i","1832":"t","1833":"i","1834":"o","1835":"n","1836":"s","1837":" ","1838":"o","1839":"f","1840":" ","1841":"U","1842":"s","1843":"e","1844":"<","1845":"/","1846":"a","1847":">","1848":"\\","1849":"r","1850":"\\","1851":"n","1852":" ","1853":" ","1854":" ","1855":" ","1856":" ","1857":" ","1858":" ","1859":" ","1860":" ","1861":" ","1862":" ","1863":" ","1864":"a","1865":"n","1866":"d","1867":"\\","1868":"r","1869":"\\","1870":"n","1871":" ","1872":" ","1873":" ","1874":" ","1875":" ","1876":" ","1877":" ","1878":" ","1879":" ","1880":" ","1881":" ","1882":" ","1883":"<","1884":"a","1885":" ","1886":"h","1887":"r","1888":"e","1889":"f","1890":"=","1891":"\\","1892":"\"","1893":"h","1894":"t","1895":"t","1896":"p","1897":"s","1898":":","1899":"/","1900":"/","1901":"w","1902":"w","1903":"w","1904":".","1905":"a","1906":"m","1907":"a","1908":"z","1909":"o","1910":"n","1911":".","1912":"c","1913":"o","1914":"m","1915":"/","1916":"\\","1917":"\"","1918":">","1919":"P","1920":"r","1921":"i","1922":"v","1923":"a","1924":"c","1925":"y","1926":" ","1927":"N","1928":"o","1929":"t","1930":"i","1931":"c","1932":"e","1933":".","1934":"<","1935":"/","1936":"a","1937":">","1938":"\\","1939":"r","1940":"\\","1941":"n","1942":" ","1943":" ","1944":" ","1945":" ","1946":" ","1947":" ","1948":" ","1949":" ","1950":" ","1951":" ","1952":"<","1953":"/","1954":"d","1955":"i","1956":"v","1957":">","1958":"\\","1959":"r","1960":"\\","1961":"n","1962":" ","1963":" ","1964":" ","1965":" ","1966":" ","1967":" ","1968":" ","1969":" ","1970":" ","1971":" ","1972":"<","1973":"d","1974":"i","1975":"v","1976":" ","1977":"s","1978":"t","1979":"y","1980":"l","1981":"e","1982":"=","1983":"\\","1984":"\"","1985":"p","1986":"a","1987":"d","1988":"d","1989":"i","1990":"n","1991":"g","1992":"-","1993":"t","1994":"o","1995":"p","1996":":","1997":" ","1998":"2","1999":"0","2000":"p","2001":"x","2002":"\\","2003":"\"","2004":">","2005":"\\","2006":"r","2007":"\\","2008":"n","2009":" ","2010":" ","2011":" ","2012":" ","2013":" ","2014":" ","2015":" ","2016":" ","2017":" ","2018":" ","2019":" ","2020":" ","2021":"<","2022":"a","2023":" ","2024":"h","2025":"r","2026":"e","2027":"f","2028":"=","2029":"\\","2030":"\"","2031":"h","2032":"t","2033":"t","2034":"p","2035":"s","2036":":","2037":"/","2038":"/","2039":"w","2040":"w","2041":"w","2042":".","2043":"a","2044":"m","2045":"a","2046":"z","2047":"o","2048":"n","2049":".","2050":"c","2051":"o","2052":"m","2053":"/","2054":"\\","2055":"\"","2056":">","2057":"N","2058":"e","2059":"e","2060":"d","2061":" ","2062":"H","2063":"e","2064":"l","2065":"p","2066":"?","2067":"<","2068":"/","2069":"a","2070":">","2071":"\\","2072":"r","2073":"\\","2074":"n","2075":"\\","2076":"r","2077":"\\","2078":"n","2079":" ","2080":" ","2081":" ","2082":" ","2083":" ","2084":" ","2085":" ","2086":" ","2087":" ","2088":" ","2089":"<","2090":"/","2091":"d","2092":"i","2093":"v","2094":">","2095":"\\","2096":"r","2097":"\\","2098":"n","2099":" ","2100":" ","2101":" ","2102":" ","2103":" ","2104":" ","2105":" ","2106":" ","2107":"<","2108":"/","2109":"e","2110":"l","2111":"-","2112":"c","2113":"a","2114":"r","2115":"o","2116":"u","2117":"s","2118":"e","2119":"l","2120":"-","2121":"i","2122":"t","2123":"e","2124":"m","2125":">","2126":"\\","2127":"r","2128":"\\","2129":"n","2130":"\\","2131":"r","2132":"\\","2133":"n","2134":" ","2135":" ","2136":" ","2137":" ","2138":" ","2139":" ","2140":" ","2141":" ","2142":"<","2143":"e","2144":"l","2145":"-","2146":"c","2147":"a","2148":"r","2149":"o","2150":"u","2151":"s","2152":"e","2153":"l","2154":"-","2155":"i","2156":"t","2157":"e","2158":"m","2159":">","2160":"\\","2161":"r","2162":"\\","2163":"n","2164":" ","2165":" ","2166":" ","2167":" ","2168":" ","2169":" ","2170":" ","2171":" ","2172":" ","2173":" ","2174":"<","2175":"d","2176":"i","2177":"v","2178":">","2179":"\\","2180":"r","2181":"\\","2182":"n","2183":" ","2184":" ","2185":" ","2186":" ","2187":" ","2188":" ","2189":" ","2190":" ","2191":" ","2192":" ","2193":" ","2194":" ","2195":"{","2196":"{","2197":" ","2198":"u","2199":"s","2200":"e","2201":"r","2202":"n","2203":"a","2204":"m","2205":"e","2206":" ","2207":"}","2208":"}","2209":"\\","2210":"r","2211":"\\","2212":"n","2213":" ","2214":" ","2215":" ","2216":" ","2217":" ","2218":" ","2219":" ","2220":" ","2221":" ","2222":" ","2223":" ","2224":" ","2225":"<","2226":"a","2227":" ","2228":"h","2229":"r","2230":"e","2231":"f","2232":"=","2233":"\\","2234":"\"","2235":"h","2236":"t","2237":"t","2238":"p","2239":"s","2240":":","2241":"/","2242":"/","2243":"w","2244":"w","2245":"w","2246":".","2247":"a","2248":"m","2249":"a","2250":"z","2251":"o","2252":"n","2253":".","2254":"c","2255":"o","2256":"m","2257":"/","2258":"\\","2259":"\"","2260":">","2261":" ","2262":"C","2263":"h","2264":"a","2265":"n","2266":"g","2267":"e","2268":"<","2269":"/","2270":"a","2271":">","2272":"\\","2273":"r","2274":"\\","2275":"n","2276":" ","2277":" ","2278":" ","2279":" ","2280":" ","2281":" ","2282":" ","2283":" ","2284":" ","2285":" ","2286":"<","2287":"/","2288":"d","2289":"i","2290":"v","2291":">","2292":"\\","2293":"r","2294":"\\","2295":"n","2296":" ","2297":" ","2298":" ","2299":" ","2300":" ","2301":" ","2302":" ","2303":" ","2304":" ","2305":" ","2306":"<","2307":"d","2308":"i","2309":"v","2310":" ","2311":"s","2312":"t","2313":"y","2314":"l","2315":"e","2316":"=","2317":"\\","2318":"\"","2319":"p","2320":"a","2321":"d","2322":"d","2323":"i","2324":"n","2325":"g","2326":"-","2327":"t","2328":"o","2329":"p","2330":":","2331":" ","2332":"1","2333":"0","2334":"p","2335":"x","2336":";","2337":"d","2338":"i","2339":"s","2340":"p","2341":"l","2342":"a","2343":"y","2344":":","2345":" ","2346":"f","2347":"l","2348":"e","2349":"x","2350":";","2351":"j","2352":"u","2353":"s","2354":"t","2355":"i","2356":"f","2357":"y","2358":"-","2359":"c","2360":"o","2361":"n","2362":"t","2363":"e","2364":"n","2365":"t","2366":":","2367":" ","2368":"s","2369":"p","2370":"a","2371":"c","2372":"e","2373":"-","2374":"b","2375":"e","2376":"t","2377":"w","2378":"e","2379":"e","2380":"n","2381":"\\","2382":"\"","2383":">","2384":"\\","2385":"r","2386":"\\","2387":"n","2388":" ","2389":" ","2390":" ","2391":" ","2392":" ","2393":" ","2394":" ","2395":" ","2396":" ","2397":" ","2398":" ","2399":" ","2400":"<","2401":"h","2402":"4","2403":">","2404":"P","2405":"a","2406":"s","2407":"s","2408":"w","2409":"o","2410":"r","2411":"d","2412":"<","2413":"/","2414":"h","2415":"4","2416":">","2417":"\\","2418":"r","2419":"\\","2420":"n","2421":" ","2422":" ","2423":" ","2424":" ","2425":" ","2426":" ","2427":" ","2428":" ","2429":" ","2430":" ","2431":" ","2432":" ","2433":"<","2434":"a","2435":" ","2436":"h","2437":"r","2438":"e","2439":"f","2440":"=","2441":"\\","2442":"\"","2443":"h","2444":"t","2445":"t","2446":"p","2447":"s","2448":":","2449":"/","2450":"/","2451":"w","2452":"w","2453":"w","2454":".","2455":"a","2456":"m","2457":"a","2458":"z","2459":"o","2460":"n","2461":".","2462":"c","2463":"o","2464":"m","2465":"/","2466":"\\","2467":"\"","2468":">","2469":" ","2470":"F","2471":"o","2472":"r","2473":"g","2474":"o","2475":"t","2476":" ","2477":"y","2478":"o","2479":"u","2480":"r","2481":" ","2482":"p","2483":"a","2484":"s","2485":"s","2486":"w","2487":"o","2488":"r","2489":"d","2490":"?","2491":"<","2492":"/","2493":"a","2494":">","2495":"\\","2496":"r","2497":"\\","2498":"n","2499":" ","2500":" ","2501":" ","2502":" ","2503":" ","2504":" ","2505":" ","2506":" ","2507":" ","2508":" ","2509":"<","2510":"/","2511":"d","2512":"i","2513":"v","2514":">","2515":"\\","2516":"r","2517":"\\","2518":"n","2519":" ","2520":" ","2521":" ","2522":" ","2523":" ","2524":" ","2525":" ","2526":" ","2527":" ","2528":" ","2529":"<","2530":"e","2531":"l","2532":"-","2533":"i","2534":"n","2535":"p","2536":"u","2537":"t","2538":" ","2539":"v","2540":"-","2541":"m","2542":"o","2543":"d","2544":"e","2545":"l","2546":"=","2547":"\\","2548":"\"","2549":"p","2550":"a","2551":"s","2552":"s","2553":"w","2554":"o","2555":"r","2556":"d","2557":"\\","2558":"\"","2559":" ","2560":"p","2561":"l","2562":"a","2563":"c","2564":"e","2565":"h","2566":"o","2567":"l","2568":"d","2569":"e","2570":"r","2571":"=","2572":"\\","2573":"\"","2574":"P","2575":"l","2576":"e","2577":"a","2578":"s","2579":"e","2580":" ","2581":"i","2582":"n","2583":"p","2584":"u","2585":"t","2586":" ","2587":"y","2588":"o","2589":"u","2590":"r","2591":" ","2592":"p","2593":"a","2594":"s","2595":"s","2596":"w","2597":"o","2598":"r","2599":"d","2600":"\\","2601":"\"","2602":" ","2603":"/","2604":">","2605":"\\","2606":"r","2607":"\\","2608":"n","2609":" ","2610":" ","2611":" ","2612":" ","2613":" ","2614":" ","2615":" ","2616":" ","2617":" ","2618":" ","2619":"<","2620":"d","2621":"i","2622":"v","2623":" ","2624":"s","2625":"t","2626":"y","2627":"l","2628":"e","2629":"=","2630":"\\","2631":"\"","2632":"p","2633":"a","2634":"d","2635":"d","2636":"i","2637":"n","2638":"g","2639":"-","2640":"t","2641":"o","2642":"p","2643":":","2644":" ","2645":"1","2646":"8","2647":"p","2648":"x","2649":"\\","2650":"\"","2651":" ","2652":"/","2653":">","2654":"\\","2655":"r","2656":"\\","2657":"n","2658":" ","2659":" ","2660":" ","2661":" ","2662":" ","2663":" ","2664":" ","2665":" ","2666":" ","2667":" ","2668":"<","2669":"e","2670":"l","2671":"-","2672":"b","2673":"u","2674":"t","2675":"t","2676":"o","2677":"n","2678":" ","2679":"@","2680":"c","2681":"l","2682":"i","2683":"c","2684":"k","2685":"=","2686":"\\","2687":"\"","2688":"c","2689":"h","2690":"a","2691":"n","2692":"g","2693":"e","2694":"T","2695":"o","2696":"N","2697":"e","2698":"x","2699":"t","2700":"P","2701":"a","2702":"g","2703":"e","2704":"\\","2705":"\"","2706":" ","2707":"s","2708":"t","2709":"y","2710":"l","2711":"e","2712":"=","2713":"\\","2714":"\"","2715":"w","2716":"i","2717":"d","2718":"t","2719":"h","2720":":","2721":" ","2722":"1","2723":"0","2724":"0","2725":"%","2726":";","2727":"b","2728":"o","2729":"r","2730":"d","2731":"e","2732":"r","2733":"-","2734":"c","2735":"o","2736":"l","2737":"o","2738":"r","2739":":","2740":" ","2741":"r","2742":"g","2743":"b","2744":"(","2745":"1","2746":"2","2747":"4","2748":" ","2749":"1","2750":"0","2751":"1","2752":" ","2753":"4","2754":"3","2755":")","2756":"\\","2757":"\"","2758":" ","2759":"c","2760":"o","2761":"l","2762":"o","2763":"r","2764":"=","2765":"\\","2766":"\"","2767":"#","2768":"f","2769":"0","2770":"c","2771":"1","2772":"4","2773":"b","2774":"\\","2775":"\"","2776":">","2777":"S","2778":"i","2779":"g","2780":"n","2781":"\\","2782":"r","2783":"\\","2784":"n","2785":" ","2786":" ","2787":" ","2788":" ","2789":" ","2790":" ","2791":" ","2792":" ","2793":" ","2794":" ","2795":" ","2796":" ","2797":"i","2798":"n","2799":"\\","2800":"r","2801":"\\","2802":"n","2803":" ","2804":" ","2805":" ","2806":" ","2807":" ","2808":" ","2809":" ","2810":" ","2811":" ","2812":" ","2813":"<","2814":"/","2815":"e","2816":"l","2817":"-","2818":"b","2819":"u","2820":"t","2821":"t","2822":"o","2823":"n","2824":">","2825":"\\","2826":"r","2827":"\\","2828":"n","2829":" ","2830":" ","2831":" ","2832":" ","2833":" ","2834":" ","2835":" ","2836":" ","2837":" ","2838":" ","2839":"<","2840":"d","2841":"i","2842":"v","2843":" ","2844":"s","2845":"t","2846":"y","2847":"l","2848":"e","2849":"=","2850":"\\","2851":"\"","2852":"p","2853":"a","2854":"d","2855":"d","2856":"i","2857":"n","2858":"g","2859":"-","2860":"t","2861":"o","2862":"p","2863":":","2864":" ","2865":"1","2866":"8","2867":"p","2868":"x","2869":"\\","2870":"\"","2871":">","2872":"\\","2873":"r","2874":"\\","2875":"n","2876":" ","2877":" ","2878":" ","2879":" ","2880":" ","2881":" ","2882":" ","2883":" ","2884":" ","2885":" ","2886":" ","2887":" ","2888":"<","2889":"i","2890":"n","2891":"p","2892":"u","2893":"t","2894":" ","2895":"t","2896":"y","2897":"p","2898":"e","2899":"=","2900":"\\","2901":"\"","2902":"c","2903":"h","2904":"e","2905":"c","2906":"k","2907":"b","2908":"o","2909":"x","2910":"\\","2911":"\"","2912":" ","2913":"v","2914":"a","2915":"l","2916":"u","2917":"e","2918":"=","2919":"\\","2920":"\"","2921":"t","2922":"r","2923":"u","2924":"e","2925":"\\","2926":"\"","2927":" ","2928":"t","2929":"a","2930":"b","2931":"i","2932":"n","2933":"d","2934":"e","2935":"x","2936":"=","2937":"\\","2938":"\"","2939":"4","2940":"\\","2941":"\"","2942":" ","2943":"/","2944":">","2945":"\\","2946":"r","2947":"\\","2948":"n","2949":" ","2950":" ","2951":" ","2952":" ","2953":" ","2954":" ","2955":" ","2956":" ","2957":" ","2958":" ","2959":" ","2960":" ","2961":"K","2962":"e","2963":"e","2964":"p","2965":" ","2966":"m","2967":"e","2968":" ","2969":"s","2970":"i","2971":"g","2972":"n","2973":"e","2974":"d","2975":" ","2976":"i","2977":"n","2978":".","2979":"\\","2980":"r","2981":"\\","2982":"n","2983":" ","2984":" ","2985":" ","2986":" ","2987":" ","2988":" ","2989":" ","2990":" ","2991":" ","2992":" ","2993":" ","2994":" ","2995":"<","2996":"a","2997":" ","2998":"h","2999":"r","3000":"e","3001":"f","3002":"=","3003":"\\","3004":"\"","3005":"h","3006":"t","3007":"t","3008":"p","3009":"s","3010":":","3011":"/","3012":"/","3013":"w","3014":"w","3015":"w","3016":".","3017":"a","3018":"m","3019":"a","3020":"z","3021":"o","3022":"n","3023":".","3024":"c","3025":"o","3026":"m","3027":"/","3028":"\\","3029":"\"","3030":">","3031":"D","3032":"e","3033":"t","3034":"a","3035":"i","3036":"l","3037":"s","3038":"<","3039":"/","3040":"a","3041":">","3042":"\\","3043":"r","3044":"\\","3045":"n","3046":" ","3047":" ","3048":" ","3049":" ","3050":" ","3051":" ","3052":" ","3053":" ","3054":" ","3055":" ","3056":"<","3057":"/","3058":"d","3059":"i","3060":"v","3061":">","3062":"\\","3063":"r","3064":"\\","3065":"n","3066":"\\","3067":"r","3068":"\\","3069":"n","3070":"\\","3071":"r","3072":"\\","3073":"n","3074":" ","3075":" ","3076":" ","3077":" ","3078":" ","3079":" ","3080":" ","3081":" ","3082":"<","3083":"/","3084":"e","3085":"l","3086":"-","3087":"c","3088":"a","3089":"r","3090":"o","3091":"u","3092":"s","3093":"e","3094":"l","3095":"-","3096":"i","3097":"t","3098":"e","3099":"m","3100":">","3101":"\\","3102":"r","3103":"\\","3104":"n","3105":"\\","3106":"r","3107":"\\","3108":"n","3109":" ","3110":" ","3111":" ","3112":" ","3113":" ","3114":" ","3115":"<","3116":"/","3117":"e","3118":"l","3119":"-","3120":"c","3121":"a","3122":"r","3123":"o","3124":"u","3125":"s","3126":"e","3127":"l","3128":">","3129":"\\","3130":"r","3131":"\\","3132":"n","3133":" ","3134":" ","3135":" ","3136":" ","3137":"<","3138":"/","3139":"d","3140":"i","3141":"v","3142":">","3143":"\\","3144":"r","3145":"\\","3146":"n","3147":" ","3148":" ","3149":"<","3150":"/","3151":"e","3152":"l","3153":"-","3154":"c","3155":"a","3156":"r","3157":"d","3158":">","3159":"\\","3160":"r","3161":"\\","3162":"n","3163":"<","3164":"/","3165":"t","3166":"e","3167":"m","3168":"p","3169":"l","3170":"a","3171":"t","3172":"e","3173":">","3174":"\\","3175":"r","3176":"\\","3177":"n","3178":"\\","3179":"r","3180":"\\","3181":"n","3182":"<","3183":"s","3184":"c","3185":"r","3186":"i","3187":"p","3188":"t","3189":">","3190":"\\","3191":"r","3192":"\\","3193":"n","3194":"/","3195":"*","3196":"*","3197":"\\","3198":"r","3199":"\\","3200":"n","3201":" ","3202":"*","3203":" ","3204":"@","3205":"v","3206":"u","3207":"e","3208":"-","3209":"d","3210":"a","3211":"t","3212":"a","3213":" ","3214":"{","3215":"S","3216":"t","3217":"r","3218":"i","3219":"n","3220":"g","3221":"}","3222":" ","3223":"u","3224":"s","3225":"e","3226":"r","3227":"n","3228":"a","3229":"m","3230":"e","3231":" ","3232":"-","3233":" ","3234":"u","3235":"s","3236":"e","3237":"r","3238":"n","3239":"a","3240":"m","3241":"e","3242":"\\","3243":"r","3244":"\\","3245":"n","3246":" ","3247":"*","3248":" ","3249":"@","3250":"v","3251":"u","3252":"e","3253":"-","3254":"d","3255":"a","3256":"t","3257":"a","3258":" ","3259":"{","3260":"S","3261":"t","3262":"r","3263":"i","3264":"n","3265":"g","3266":"}","3267":" ","3268":"p","3269":"a","3270":"s","3271":"s","3272":"w","3273":"o","3274":"r","3275":"d","3276":" ","3277":"-","3278":" ","3279":"p","3280":"a","3281":"s","3282":"s","3283":"w","3284":"o","3285":"r","3286":"d","3287":"\\","3288":"r","3289":"\\","3290":"n","3291":" ","3292":"*","3293":" ","3294":"@","3295":"v","3296":"u","3297":"e","3298":"-","3299":"e","3300":"v","3301":"e","3302":"n","3303":"t","3304":" ","3305":"{","3306":"}","3307":" ","3308":"c","3309":"h","3310":"a","3311":"n","3312":"g","3313":"e","3314":"T","3315":"o","3316":"N","3317":"e","3318":"x","3319":"t","3320":"P","3321":"a","3322":"g","3323":"e","3324":" ","3325":"-","3326":" ","3327":"c","3328":"h","3329":"a","3330":"n","3331":"g","3332":"e","3333":" ","3334":"t","3335":"o","3336":" ","3337":"n","3338":"e","3339":"x","3340":"t","3341":" ","3342":"l","3343":"o","3344":"g","3345":"i","3346":"n","3347":" ","3348":"p","3349":"a","3350":"g","3351":"e","3352":"\\","3353":"r","3354":"\\","3355":"n","3356":" ","3357":"*","3358":" ","3359":"@","3360":"v","3361":"u","3362":"e","3363":"-","3364":"e","3365":"v","3366":"e","3367":"n","3368":"t","3369":" ","3370":"{","3371":"}","3372":" ","3373":"l","3374":"o","3375":"g","3376":"i","3377":"n","3378":" ","3379":"-","3380":" ","3381":"l","3382":"o","3383":"g","3384":"i","3385":"n","3386":"\\","3387":"r","3388":"\\","3389":"n","3390":" ","3391":"*","3392":"/","3393":"\\","3394":"r","3395":"\\","3396":"n","3397":"e","3398":"x","3399":"p","3400":"o","3401":"r","3402":"t","3403":" ","3404":"d","3405":"e","3406":"f","3407":"a","3408":"u","3409":"l","3410":"t","3411":" ","3412":"{","3413":"\\","3414":"r","3415":"\\","3416":"n","3417":" ","3418":" ","3419":"n","3420":"a","3421":"m","3422":"e","3423":":","3424":" ","3425":"\\","3426":"\"","3427":"A","3428":"m","3429":"a","3430":"z","3431":"o","3432":"n","3433":"C","3434":"e","3435":"n","3436":"t","3437":"r","3438":"a","3439":"l","3440":"\\","3441":"\"","3442":",","3443":"\\","3444":"r","3445":"\\","3446":"n","3447":" ","3448":" ","3449":"d","3450":"a","3451":"t","3452":"a","3453":"(","3454":")","3455":" ","3456":"{","3457":"\\","3458":"r","3459":"\\","3460":"n","3461":" ","3462":" ","3463":" ","3464":" ","3465":"r","3466":"e","3467":"t","3468":"u","3469":"r","3470":"n","3471":" ","3472":"{","3473":"\\","3474":"r","3475":"\\","3476":"n","3477":" ","3478":" ","3479":" ","3480":" ","3481":" ","3482":" ","3483":"u","3484":"s","3485":"e","3486":"r","3487":"n","3488":"a","3489":"m","3490":"e","3491":":","3492":" ","3493":"\\","3494":"\"","3495":"\\","3496":"\"","3497":",","3498":"\\","3499":"r","3500":"\\","3501":"n","3502":" ","3503":" ","3504":" ","3505":" ","3506":" ","3507":" ","3508":"p","3509":"a","3510":"s","3511":"s","3512":"w","3513":"o","3514":"r","3515":"d","3516":":","3517":" ","3518":"\\","3519":"\"","3520":"\\","3521":"\"","3522":"\\","3523":"r","3524":"\\","3525":"n","3526":"\\","3527":"r","3528":"\\","3529":"n","3530":" ","3531":" ","3532":" ","3533":" ","3534":"}","3535":";","3536":"\\","3537":"r","3538":"\\","3539":"n","3540":" ","3541":" ","3542":"}","3543":",","3544":"\\","3545":"r","3546":"\\","3547":"n","3548":" ","3549":" ","3550":"m","3551":"e","3552":"t","3553":"h","3554":"o","3555":"d","3556":"s","3557":":","3558":" ","3559":"{","3560":"\\","3561":"r","3562":"\\","3563":"n","3564":" ","3565":" ","3566":" ","3567":" ","3568":"l","3569":"o","3570":"g","3571":"i","3572":"n","3573":"(","3574":")","3575":" ","3576":"{","3577":"\\","3578":"r","3579":"\\","3580":"n","3581":" ","3582":" ","3583":" ","3584":" ","3585":" ","3586":" ","3587":"c","3588":"o","3589":"n","3590":"s","3591":"t","3592":" ","3593":"u","3594":"s","3595":"e","3596":"r","3597":"n","3598":"a","3599":"m","3600":"e","3601":" ","3602":"=","3603":" ","3604":"\\","3605":"\"","3606":"a","3607":"b","3608":"c","3609":"\\","3610":"\"","3611":";","3612":"\\","3613":"r","3614":"\\","3615":"n","3616":" ","3617":" ","3618":" ","3619":" ","3620":" ","3621":" ","3622":"c","3623":"o","3624":"n","3625":"s","3626":"t","3627":" ","3628":"p","3629":"a","3630":"s","3631":"s","3632":"w","3633":"o","3634":"r","3635":"d","3636":" ","3637":"=","3638":" ","3639":"\\","3640":"\"","3641":"a","3642":"b","3643":"c","3644":"\\","3645":"\"","3646":";","3647":"\\","3648":"r","3649":"\\","3650":"n","3651":" ","3652":" ","3653":" ","3654":" ","3655":" ","3656":" ","3657":"c","3658":"o","3659":"n","3660":"s","3661":"o","3662":"l","3663":"e","3664":".","3665":"l","3666":"o","3667":"g","3668":"(","3669":"u","3670":"s","3671":"e","3672":"r","3673":"n","3674":"a","3675":"m","3676":"e","3677":",","3678":" ","3679":"p","3680":"a","3681":"s","3682":"s","3683":"w","3684":"o","3685":"r","3686":"d","3687":")","3688":";","3689":"\\","3690":"r","3691":"\\","3692":"n","3693":" ","3694":" ","3695":" ","3696":" ","3697":"}","3698":",","3699":"\\","3700":"r","3701":"\\","3702":"n","3703":" ","3704":" ","3705":" ","3706":" ","3707":"c","3708":"h","3709":"a","3710":"n","3711":"g","3712":"e","3713":"T","3714":"o","3715":"N","3716":"e","3717":"x","3718":"t","3719":"P","3720":"a","3721":"g","3722":"e","3723":"(","3724":")","3725":" ","3726":"{","3727":"\\","3728":"r","3729":"\\","3730":"n","3731":" ","3732":" ","3733":" ","3734":" ","3735":" ","3736":" ","3737":"t","3738":"h","3739":"i","3740":"s","3741":".","3742":"$","3743":"r","3744":"e","3745":"f","3746":"s","3747":".","3748":"c","3749":"a","3750":"r","3751":"o","3752":"u","3753":"s","3754":"e","3755":"l","3756":"M","3757":"e","3758":"n","3759":"u","3760":".","3761":"n","3762":"e","3763":"x","3764":"t","3765":"(","3766":")","3767":";","3768":"\\","3769":"r","3770":"\\","3771":"n","3772":" ","3773":" ","3774":" ","3775":" ","3776":"}","3777":"\\","3778":"r","3779":"\\","3780":"n","3781":" ","3782":" ","3783":"}","3784":"\\","3785":"r","3786":"\\","3787":"n","3788":"\\","3789":"r","3790":"\\","3791":"n","3792":"}","3793":";","3794":"\\","3795":"r","3796":"\\","3797":"n","3798":"<","3799":"/","3800":"s","3801":"c","3802":"r","3803":"i","3804":"p","3805":"t","3806":">","3807":"\\","3808":"r","3809":"\\","3810":"n","3811":"\\","3812":"r","3813":"\\","3814":"n","3815":"<","3816":"s","3817":"t","3818":"y","3819":"l","3820":"e","3821":" ","3822":"s","3823":"c","3824":"o","3825":"p","3826":"e","3827":"d","3828":">","3829":"\\","3830":"r","3831":"\\","3832":"n","3833":".","3834":"e","3835":"l","3836":"-","3837":"c","3838":"a","3839":"r","3840":"d","3841":" ","3842":"{","3843":"\\","3844":"r","3845":"\\","3846":"n","3847":" ","3848":" ","3849":"h","3850":"e","3851":"i","3852":"g","3853":"h","3854":"t","3855":":","3856":" ","3857":"m","3858":"i","3859":"n","3860":"-","3861":"c","3862":"o","3863":"n","3864":"t","3865":"e","3866":"n","3867":"t","3868":";","3869":"\\","3870":"r","3871":"\\","3872":"n","3873":" ","3874":" ","3875":"m","3876":"i","3877":"n","3878":"-","3879":"h","3880":"e","3881":"i","3882":"g","3883":"h","3884":"t","3885":":","3886":" ","3887":"2","3888":"8","3889":"2","3890":"p","3891":"x","3892":";","3893":"\\","3894":"r","3895":"\\","3896":"n","3897":" ","3898":" ","3899":"w","3900":"i","3901":"d","3902":"t","3903":"h","3904":":","3905":" ","3906":"3","3907":"5","3908":"0","3909":"p","3910":"x","3911":";","3912":"\\","3913":"r","3914":"\\","3915":"n","3916":" ","3917":" ","3918":"b","3919":"o","3920":"r","3921":"d","3922":"e","3923":"r","3924":"-","3925":"c","3926":"o","3927":"l","3928":"o","3929":"r","3930":":","3931":" ","3932":"#","3933":"d","3934":"c","3935":"d","3936":"c","3937":"d","3938":"c","3939":";","3940":"\\","3941":"r","3942":"\\","3943":"n","3944":" ","3945":" ","3946":"f","3947":"o","3948":"n","3949":"t","3950":"-","3951":"f","3952":"a","3953":"m","3954":"i","3955":"l","3956":"y","3957":":","3958":" ","3959":"\\","3960":"\"","3961":"A","3962":"m","3963":"a","3964":"z","3965":"o","3966":"n","3967":" ","3968":"E","3969":"m","3970":"b","3971":"e","3972":"r","3973":"\\","3974":"\"","3975":",","3976":" ","3977":"A","3978":"r","3979":"i","3980":"a","3981":"l","3982":",","3983":" ","3984":"s","3985":"a","3986":"n","3987":"s","3988":"-","3989":"s","3990":"e","3991":"r","3992":"i","3993":"f","3994":";","3995":"\\","3996":"r","3997":"\\","3998":"n","3999":" ","4000":" ","4001":"f","4002":"o","4003":"n","4004":"t","4005":"-","4006":"s","4007":"i","4008":"z","4009":"e","4010":":","4011":" ","4012":"1","4013":"3","4014":"p","4015":"x","4016":";","4017":"\\","4018":"r","4019":"\\","4020":"n","4021":" ","4022":" ","4023":"l","4024":"i","4025":"n","4026":"e","4027":"-","4028":"h","4029":"e","4030":"i","4031":"g","4032":"h","4033":"t","4034":":","4035":" ","4036":"1","4037":"9","4038":"p","4039":"x","4040":";","4041":"\\","4042":"r","4043":"\\","4044":"n","4045":" ","4046":" ","4047":"c","4048":"o","4049":"l","4050":"o","4051":"r","4052":":","4053":" ","4054":"#","4055":"1","4056":"1","4057":"1","4058":";","4059":"\\","4060":"r","4061":"\\","4062":"n","4063":"}","4064":"\\","4065":"r","4066":"\\","4067":"n","4068":"\\","4069":"r","4070":"\\","4071":"n","4072":"\\","4073":"r","4074":"\\","4075":"n","4076":"h","4077":"1","4078":" ","4079":"{","4080":"\\","4081":"r","4082":"\\","4083":"n","4084":" ","4085":" ","4086":"f","4087":"o","4088":"n","4089":"t","4090":"-","4091":"f","4092":"a","4093":"m","4094":"i","4095":"l","4096":"y","4097":":","4098":" ","4099":"\\","4100":"\"","4101":"A","4102":"m","4103":"a","4104":"z","4105":"o","4106":"n","4107":" ","4108":"E","4109":"m","4110":"b","4111":"e","4112":"r","4113":"\\","4114":"\"","4115":",","4116":" ","4117":"A","4118":"r","4119":"i","4120":"a","4121":"l","4122":",","4123":" ","4124":"s","4125":"a","4126":"n","4127":"s","4128":"-","4129":"s","4130":"e","4131":"r","4132":"i","4133":"f","4134":";","4135":"\\","4136":"r","4137":"\\","4138":"n","4139":"}","4140":"\\","4141":"r","4142":"\\","4143":"n","4144":"\\","4145":"r","4146":"\\","4147":"n","4148":"h","4149":"4","4150":" ","4151":"{","4152":"\\","4153":"r","4154":"\\","4155":"n","4156":" ","4157":" ","4158":"m","4159":"a","4160":"r","4161":"g","4162":"i","4163":"n","4164":":","4165":" ","4166":"0","4167":";","4168":"\\","4169":"r","4170":"\\","4171":"n","4172":"}","4173":"\\","4174":"r","4175":"\\","4176":"n","4177":"\\","4178":"r","4179":"\\","4180":"n","4181":"a","4182":" ","4183":"{","4184":"\\","4185":"r","4186":"\\","4187":"n","4188":" ","4189":" ","4190":"c","4191":"o","4192":"l","4193":"o","4194":"r","4195":":","4196":" ","4197":"#","4198":"0","4199":"0","4200":"6","4201":"6","4202":"c","4203":"0","4204":";","4205":"\\","4206":"r","4207":"\\","4208":"n","4209":" ","4210":" ","4211":"t","4212":"e","4213":"x","4214":"t","4215":"-","4216":"d","4217":"e","4218":"c","4219":"o","4220":"r","4221":"a","4222":"t","4223":"i","4224":"o","4225":"n","4226":":","4227":" ","4228":"n","4229":"o","4230":"n","4231":"e","4232":";","4233":"\\","4234":"r","4235":"\\","4236":"n","4237":"}","4238":"\\","4239":"r","4240":"\\","4241":"n","4242":"\\","4243":"r","4244":"\\","4245":"n","4246":"/","4247":"*","4248":".","4249":"e","4250":"l","4251":"-","4252":"c","4253":"a","4254":"r","4255":"d","4256":" ","4257":":","4258":":","4259":"v","4260":"-","4261":"d","4262":"e","4263":"e","4264":"p","4265":" ","4266":".","4267":"e","4268":"l","4269":"-","4270":"c","4271":"a","4272":"r","4273":"d","4274":"_","4275":"_","4276":"b","4277":"o","4278":"d","4279":"y","4280":" ","4281":"{","4282":"*","4283":"/","4284":"\\","4285":"r","4286":"\\","4287":"n","4288":"/","4289":"*","4290":" ","4291":" ","4292":"p","4293":"a","4294":"d","4295":"d","4296":"i","4297":"n","4298":"g","4299":":","4300":" ","4301":"0","4302":";","4303":"*","4304":"/","4305":"\\","4306":"r","4307":"\\","4308":"n","4309":"/","4310":"*","4311":"}","4312":"*","4313":"/","4314":"\\","4315":"r","4316":"\\","4317":"n","4318":"\\","4319":"r","4320":"\\","4321":"n","4322":".","4323":"e","4324":"l","4325":"-","4326":"c","4327":"a","4328":"r","4329":"d","4330":"_","4331":"_","4332":"b","4333":"o","4334":"d","4335":"y","4336":" ","4337":"{","4338":"\\","4339":"r","4340":"\\","4341":"n","4342":" ","4343":" ","4344":"p","4345":"a","4346":"d","4347":"d","4348":"i","4349":"n","4350":"g","4351":":","4352":" ","4353":"0","4354":";","4355":"\\","4356":"r","4357":"\\","4358":"n","4359":"}","4360":"\\","4361":"r","4362":"\\","4363":"n","4364":"<","4365":"/","4366":"s","4367":"t","4368":"y","4369":"l","4370":"e","4371":">","4372":"\"","4373":"]","4374":"}"},"_coverageSchema":"1a1c01bbd47fc00a2c39e90264f33305004495a9","hash":"2708d330cbc06ce661eb7cad4f17d56d7f814157"}
,"C:\\project\\customizable-login-component-library\\src\\packages\\Github.vue": {"path":"C:\\project\\customizable-login-component-library\\src\\packages\\Github.vue","statementMap":{"0":{"start":{"line":4,"column":0},"end":{"line":6,"column":3}},"1":{"start":{"line":7,"column":0},"end":{"line":7,"column":25}},"2":{"start":{"line":13,"column":15},"end":{"line":15,"column":1}},"3":{"start":{"line":18,"column":0},"end":{"line":18,"column":13}},"4":{"start":{"line":19,"column":0},"end":{"line":19,"column":62}},"5":{"start":{"line":20,"column":0},"end":{"line":20,"column":24}},"6":{"start":{"line":21,"column":12},"end":{"line":21,"column":26}},"7":{"start":{"line":22,"column":31},"end":{"line":32,"column":20}},"8":{"start":{"line":33,"column":31},"end":{"line":33,"column":129}},"9":{"start":{"line":34,"column":31},"end":{"line":34,"column":111}},"10":{"start":{"line":35,"column":31},"end":{"line":35,"column":129}},"11":{"start":{"line":36,"column":31},"end":{"line":36,"column":124}},"12":{"start":{"line":37,"column":31},"end":{"line":37,"column":128}},"13":{"start":{"line":38,"column":31},"end":{"line":41,"column":20}},"14":{"start":{"line":42,"column":31},"end":{"line":42,"column":129}},"15":{"start":{"line":43,"column":31},"end":{"line":43,"column":129}},"16":{"start":{"line":44,"column":32},"end":{"line":44,"column":140}},"17":{"start":{"line":46,"column":30},"end":{"line":46,"column":69}},"18":{"start":{"line":47,"column":31},"end":{"line":47,"column":71}},"19":{"start":{"line":48,"column":29},"end":{"line":48,"column":67}},"20":{"start":{"line":49,"column":4},"end":{"line":97,"column":34}},"21":{"start":{"line":58,"column":54},"end":{"line":83,"column":14}},"22":{"start":{"line":63,"column":89},"end":{"line":63,"column":123}},"23":{"start":{"line":69,"column":89},"end":{"line":69,"column":123}},"24":{"start":{"line":78,"column":62},"end":{"line":80,"column":22}},"25":{"start":{"line":91,"column":54},"end":{"line":94,"column":14}},"26":{"start":{"line":99,"column":0},"end":{"line":99,"column":24}},"27":{"start":{"line":100,"column":1},"end":{"line":100,"column":48}}},"fnMap":{"0":{"name":"render","decl":{"start":{"line":45,"column":9},"end":{"line":45,"column":15}},"loc":{"start":{"line":45,"column":30},"end":{"line":98,"column":1}},"line":45},"1":{"name":"(anonymous_1)","decl":{"start":{"line":58,"column":40},"end":{"line":58,"column":41}},"loc":{"start":{"line":58,"column":52},"end":{"line":83,"column":16}},"line":58},"2":{"name":"(anonymous_2)","decl":{"start":{"line":63,"column":69},"end":{"line":63,"column":70}},"loc":{"start":{"line":63,"column":87},"end":{"line":63,"column":125}},"line":63},"3":{"name":"(anonymous_3)","decl":{"start":{"line":69,"column":69},"end":{"line":69,"column":70}},"loc":{"start":{"line":69,"column":87},"end":{"line":69,"column":125}},"line":69},"4":{"name":"(anonymous_4)","decl":{"start":{"line":78,"column":48},"end":{"line":78,"column":49}},"loc":{"start":{"line":78,"column":60},"end":{"line":80,"column":24}},"line":78},"5":{"name":"(anonymous_5)","decl":{"start":{"line":91,"column":40},"end":{"line":91,"column":41}},"loc":{"start":{"line":91,"column":52},"end":{"line":94,"column":16}},"line":91}},"branchMap":{"0":{"loc":{"start":{"line":63,"column":43},"end":{"line":63,"column":126}},"type":"binary-expr","locations":[{"start":{"line":63,"column":43},"end":{"line":63,"column":52}},{"start":{"line":63,"column":57},"end":{"line":63,"column":125}}],"line":63},"1":{"loc":{"start":{"line":69,"column":43},"end":{"line":69,"column":126}},"type":"binary-expr","locations":[{"start":{"line":69,"column":43},"end":{"line":69,"column":52}},{"start":{"line":69,"column":57},"end":{"line":69,"column":125}}],"line":69}},"s":{"0":1,"1":1,"2":1,"3":1,"4":1,"5":1,"6":1,"7":1,"8":1,"9":1,"10":1,"11":1,"12":1,"13":1,"14":1,"15":1,"16":1,"17":1,"18":1,"19":1,"20":1,"21":1,"22":0,"23":0,"24":1,"25":1,"26":1,"27":1},"f":{"0":1,"1":1,"2":0,"3":0,"4":1,"5":1},"b":{"0":[1,1],"1":[1,1]},"inputSourceMap":{"0":"{","1":"\"","2":"v","3":"e","4":"r","5":"s","6":"i","7":"o","8":"n","9":"\"","10":":","11":"3","12":",","13":"\"","14":"s","15":"o","16":"u","17":"r","18":"c","19":"e","20":"s","21":"\"","22":":","23":"[","24":"\"","25":"C","26":":","27":"\\","28":"\\","29":"p","30":"r","31":"o","32":"j","33":"e","34":"c","35":"t","36":"\\","37":"\\","38":"c","39":"u","40":"s","41":"t","42":"o","43":"m","44":"i","45":"z","46":"a","47":"b","48":"l","49":"e","50":"-","51":"l","52":"o","53":"g","54":"i","55":"n","56":"-","57":"c","58":"o","59":"m","60":"p","61":"o","62":"n","63":"e","64":"n","65":"t","66":"-","67":"l","68":"i","69":"b","70":"r","71":"a","72":"r","73":"y","74":"\\","75":"\\","76":"s","77":"r","78":"c","79":"\\","80":"\\","81":"p","82":"a","83":"c","84":"k","85":"a","86":"g","87":"e","88":"s","89":"\\","90":"\\","91":"G","92":"i","93":"t","94":"h","95":"u","96":"b","97":".","98":"v","99":"u","100":"e","101":"\"","102":"]","103":",","104":"\"","105":"n","106":"a","107":"m","108":"e","109":"s","110":"\"","111":":","112":"[","113":"]","114":",","115":"\"","116":"m","117":"a","118":"p","119":"p","120":"i","121":"n","122":"g","123":"s","124":"\"","125":":","126":"\"","127":";","128":";","129":";","130":";","131":";","132":";","133":";","134":"A","135":"A","136":"i","137":"C","138":"A","139":";","140":";","141":";","142":";","143":";","144":"A","145":"A","146":"A","147":"A","148":",","149":"e","150":"A","151":"K","152":"e","153":";","154":"E","155":"A","156":"C","157":"b","158":",","159":"I","160":"A","161":"A","162":"I","163":",","164":"E","165":"A","166":"A","167":"E","168":";","169":"A","170":"A","171":"C","172":"R","173":",","174":"C","175":"A","176":"A","177":"C","178":";","179":"A","180":"A","181":"A","182":"A","183":";","184":"A","185":"A","186":"A","187":"A","188":"\"","189":",","190":"\"","191":"f","192":"i","193":"l","194":"e","195":"\"","196":":","197":"\"","198":"C","199":":","200":"\\","201":"\\","202":"p","203":"r","204":"o","205":"j","206":"e","207":"c","208":"t","209":"\\","210":"\\","211":"c","212":"u","213":"s","214":"t","215":"o","216":"m","217":"i","218":"z","219":"a","220":"b","221":"l","222":"e","223":"-","224":"l","225":"o","226":"g","227":"i","228":"n","229":"-","230":"c","231":"o","232":"m","233":"p","234":"o","235":"n","236":"e","237":"n","238":"t","239":"-","240":"l","241":"i","242":"b","243":"r","244":"a","245":"r","246":"y","247":"\\","248":"\\","249":"s","250":"r","251":"c","252":"\\","253":"\\","254":"p","255":"a","256":"c","257":"k","258":"a","259":"g","260":"e","261":"s","262":"\\","263":"\\","264":"G","265":"i","266":"t","267":"h","268":"u","269":"b","270":".","271":"v","272":"u","273":"e","274":"\"","275":",","276":"\"","277":"s","278":"o","279":"u","280":"r","281":"c","282":"e","283":"s","284":"C","285":"o","286":"n","287":"t","288":"e","289":"n","290":"t","291":"\"","292":":","293":"[","294":"\"","295":"<","296":"t","297":"e","298":"m","299":"p","300":"l","301":"a","302":"t","303":"e","304":">","305":"\\","306":"r","307":"\\","308":"n","309":" ","310":" ","311":"<","312":"s","313":"v","314":"g","315":" ","316":"h","317":"e","318":"i","319":"g","320":"h","321":"t","322":"=","323":"\\","324":"\"","325":"4","326":"8","327":"\\","328":"\"","329":" ","330":"a","331":"r","332":"i","333":"a","334":"-","335":"h","336":"i","337":"d","338":"d","339":"e","340":"n","341":"=","342":"\\","343":"\"","344":"t","345":"r","346":"u","347":"e","348":"\\","349":"\"","350":" ","351":"v","352":"i","353":"e","354":"w","355":"B","356":"o","357":"x","358":"=","359":"\\","360":"\"","361":"0","362":" ","363":"0","364":" ","365":"1","366":"6","367":" ","368":"1","369":"6","370":"\\","371":"\"","372":" ","373":"v","374":"e","375":"r","376":"s","377":"i","378":"o","379":"n","380":"=","381":"\\","382":"\"","383":"1","384":".","385":"1","386":"\\","387":"\"","388":" ","389":"w","390":"i","391":"d","392":"t","393":"h","394":"=","395":"\\","396":"\"","397":"4","398":"8","399":"\\","400":"\"","401":" ","402":"d","403":"a","404":"t","405":"a","406":"-","407":"v","408":"i","409":"e","410":"w","411":"-","412":"c","413":"o","414":"m","415":"p","416":"o","417":"n","418":"e","419":"n","420":"t","421":"=","422":"\\","423":"\"","424":"t","425":"r","426":"u","427":"e","428":"\\","429":"\"","430":"\\","431":"r","432":"\\","433":"n","434":" ","435":" ","436":" ","437":" ","438":" ","439":" ","440":" ","441":"c","442":"l","443":"a","444":"s","445":"s","446":"=","447":"\\","448":"\"","449":"o","450":"c","451":"t","452":"i","453":"c","454":"o","455":"n","456":" ","457":"o","458":"c","459":"t","460":"i","461":"c","462":"o","463":"n","464":"-","465":"m","466":"a","467":"r","468":"k","469":"-","470":"g","471":"i","472":"t","473":"h","474":"u","475":"b","476":"\\","477":"\"","478":">","479":"\\","480":"r","481":"\\","482":"n","483":" ","484":" ","485":" ","486":" ","487":"<","488":"p","489":"a","490":"t","491":"h","492":"\\","493":"r","494":"\\","495":"n","496":" ","497":" ","498":" ","499":" ","500":" ","501":" ","502":"d","503":"=","504":"\\","505":"\"","506":"M","507":"8","508":" ","509":"0","510":"c","511":"4","512":".","513":"4","514":"2","515":" ","516":"0","517":" ","518":"8","519":" ","520":"3","521":".","522":"5","523":"8","524":" ","525":"8","526":" ","527":"8","528":"a","529":"8","530":".","531":"0","532":"1","533":"3","534":" ","535":"8","536":".","537":"0","538":"1","539":"3","540":" ","541":"0","542":" ","543":"0","544":" ","545":"1","546":"-","547":"5","548":".","549":"4","550":"5","551":" ","552":"7","553":".","554":"5","555":"9","556":"c","557":"-","558":".","559":"4","560":".","561":"0","562":"8","563":"-","564":".","565":"5","566":"5","567":"-","568":".","569":"1","570":"7","571":"-","572":".","573":"5","574":"5","575":"-","576":".","577":"3","578":"8","579":" ","580":"0","581":"-","582":".","583":"2","584":"7","585":".","586":"0","587":"1","588":"-","589":"1","590":".","591":"1","592":"3","593":".","594":"0","595":"1","596":"-","597":"2","598":".","599":"2","600":" ","601":"0","602":"-","603":".","604":"7","605":"5","606":"-","607":".","608":"2","609":"5","610":"-","611":"1","612":".","613":"2","614":"3","615":"-","616":".","617":"5","618":"4","619":"-","620":"1","621":".","622":"4","623":"8","624":" ","625":"1","626":".","627":"7","628":"8","629":"-","630":".","631":"2","632":" ","633":"3","634":".","635":"6","636":"5","637":"-","638":".","639":"8","640":"8","641":" ","642":"3","643":".","644":"6","645":"5","646":"-","647":"3","648":".","649":"9","650":"5","651":" ","652":"0","653":"-","654":".","655":"8","656":"8","657":"-","658":".","659":"3","660":"1","661":"-","662":"1","663":".","664":"5","665":"9","666":"-","667":".","668":"8","669":"2","670":"-","671":"2","672":".","673":"1","674":"5","675":".","676":"0","677":"8","678":"-","679":".","680":"2","681":".","682":"3","683":"6","684":"-","685":"1","686":".","687":"0","688":"2","689":"-","690":".","691":"0","692":"8","693":"-","694":"2","695":".","696":"1","697":"2","698":" ","699":"0","700":" ","701":"0","702":"-","703":".","704":"6","705":"7","706":"-","707":".","708":"2","709":"2","710":"-","711":"2","712":".","713":"2","714":".","715":"8","716":"2","717":"-","718":".","719":"6","720":"4","721":"-","722":".","723":"1","724":"8","725":"-","726":"1","727":".","728":"3","729":"2","730":"-","731":".","732":"2","733":"7","734":"-","735":"2","736":"-","737":".","738":"2","739":"7","740":"-","741":".","742":"6","743":"8","744":" ","745":"0","746":"-","747":"1","748":".","749":"3","750":"6","751":".","752":"0","753":"9","754":"-","755":"2","756":" ","757":".","758":"2","759":"7","760":"-","761":"1","762":".","763":"5","764":"3","765":"-","766":"1","767":".","768":"0","769":"3","770":"-","771":"2","772":".","773":"2","774":"-","775":".","776":"8","777":"2","778":"-","779":"2","780":".","781":"2","782":"-","783":".","784":"8","785":"2","786":"-","787":".","788":"4","789":"4","790":" ","791":"1","792":".","793":"1","794":"-","795":".","796":"1","797":"6","798":" ","799":"1","800":".","801":"9","802":"2","803":"-","804":".","805":"0","806":"8","807":" ","808":"2","809":".","810":"1","811":"2","812":"-","813":".","814":"5","815":"1","816":".","817":"5","818":"6","819":"-","820":".","821":"8","822":"2","823":" ","824":"1","825":".","826":"2","827":"8","828":"-","829":".","830":"8","831":"2","832":" ","833":"2","834":".","835":"1","836":"5","837":" ","838":"0","839":" ","840":"3","841":".","842":"0","843":"6","844":" ","845":"1","846":".","847":"8","848":"6","849":" ","850":"3","851":".","852":"7","853":"5","854":" ","855":"3","856":".","857":"6","858":"4","859":" ","860":"3","861":".","862":"9","863":"5","864":"-","865":".","866":"2","867":"3","868":".","869":"2","870":"-","871":".","872":"4","873":"4","874":".","875":"5","876":"5","877":"-","878":".","879":"5","880":"1","881":" ","882":"1","883":".","884":"0","885":"7","886":"-","887":".","888":"4","889":"6","890":".","891":"2","892":"1","893":"-","894":"1","895":".","896":"6","897":"1","898":".","899":"5","900":"5","901":"-","902":"2","903":".","904":"3","905":"3","906":"-","907":".","908":"6","909":"6","910":"-","911":".","912":"1","913":"5","914":"-","915":".","916":"2","917":"4","918":"-","919":".","920":"6","921":"-","922":".","923":"8","924":"3","925":"-","926":"1","927":".","928":"2","929":"3","930":"-","931":".","932":"8","933":"2","934":"-","935":".","936":"6","937":"7","938":".","939":"0","940":"1","941":"-","942":".","943":"2","944":"7","945":".","946":"3","947":"8","948":".","949":"0","950":"1","951":".","952":"5","953":"3","954":".","955":"3","956":"4","957":".","958":"1","959":"9","960":".","961":"7","962":"3","963":".","964":"9","965":".","966":"8","967":"2","968":" ","969":"1","970":".","971":"1","972":"3","973":".","974":"1","975":"6","976":".","977":"4","978":"5","979":".","980":"6","981":"8","982":" ","983":"1","984":".","985":"3","986":"1","987":" ","988":"2","989":".","990":"6","991":"9","992":".","993":"9","994":"4","995":" ","996":"0","997":" ","998":".","999":"6","1000":"7","1001":".","1002":"0","1003":"1","1004":" ","1005":"1","1006":".","1007":"3","1008":".","1009":"0","1010":"1","1011":" ","1012":"1","1013":".","1014":"4","1015":"9","1016":" ","1017":"0","1018":" ","1019":".","1020":"2","1021":"1","1022":"-","1023":".","1024":"1","1025":"5","1026":".","1027":"4","1028":"5","1029":"-","1030":".","1031":"5","1032":"5","1033":".","1034":"3","1035":"8","1036":"A","1037":"7","1038":".","1039":"9","1040":"9","1041":"5","1042":" ","1043":"7","1044":".","1045":"9","1046":"9","1047":"5","1048":" ","1049":"0","1050":" ","1051":"0","1052":" ","1053":"1","1054":" ","1055":"0","1056":" ","1057":"8","1058":"c","1059":"0","1060":"-","1061":"4","1062":".","1063":"4","1064":"2","1065":" ","1066":"3","1067":".","1068":"5","1069":"8","1070":"-","1071":"8","1072":" ","1073":"8","1074":"-","1075":"8","1076":"Z","1077":"\\","1078":"\"","1079":">","1080":"<","1081":"/","1082":"p","1083":"a","1084":"t","1085":"h","1086":">","1087":"\\","1088":"r","1089":"\\","1090":"n","1091":" ","1092":" ","1093":"<","1094":"/","1095":"s","1096":"v","1097":"g","1098":">","1099":"\\","1100":"r","1101":"\\","1102":"n","1103":" ","1104":" ","1105":"<","1106":"d","1107":"i","1108":"v","1109":" ","1110":"s","1111":"t","1112":"y","1113":"l","1114":"e","1115":"=","1116":"\\","1117":"\"","1118":"p","1119":"a","1120":"d","1121":"d","1122":"i","1123":"n","1124":"g","1125":"-","1126":"t","1127":"o","1128":"p","1129":":","1130":" ","1131":"2","1132":"0","1133":"p","1134":"x","1135":"\\","1136":"\"","1137":" ","1138":"/","1139":">","1140":"\\","1141":"r","1142":"\\","1143":"n","1144":" ","1145":" ","1146":"<","1147":"h","1148":"1","1149":">","1150":"S","1151":"i","1152":"g","1153":"n","1154":" ","1155":"i","1156":"n","1157":" ","1158":"t","1159":"o","1160":" ","1161":"G","1162":"i","1163":"t","1164":"H","1165":"u","1166":"b","1167":"<","1168":"/","1169":"h","1170":"1","1171":">","1172":"\\","1173":"r","1174":"\\","1175":"n","1176":" ","1177":" ","1178":"<","1179":"d","1180":"i","1181":"v","1182":" ","1183":"s","1184":"t","1185":"y","1186":"l","1187":"e","1188":"=","1189":"\\","1190":"\"","1191":"p","1192":"a","1193":"d","1194":"d","1195":"i","1196":"n","1197":"g","1198":"-","1199":"t","1200":"o","1201":"p","1202":":","1203":" ","1204":"1","1205":"5","1206":"p","1207":"x","1208":"\\","1209":"\"","1210":" ","1211":"/","1212":">","1213":"\\","1214":"r","1215":"\\","1216":"n","1217":" ","1218":" ","1219":"<","1220":"e","1221":"l","1222":"-","1223":"c","1224":"a","1225":"r","1226":"d","1227":" ","1228":"c","1229":"l","1230":"a","1231":"s","1232":"s","1233":"=","1234":"\\","1235":"\"","1236":"l","1237":"o","1238":"g","1239":"i","1240":"n","1241":"-","1242":"c","1243":"a","1244":"r","1245":"d","1246":"\\","1247":"\"","1248":" ","1249":"s","1250":"h","1251":"a","1252":"d","1253":"o","1254":"w","1255":"=","1256":"\\","1257":"\"","1258":"n","1259":"e","1260":"v","1261":"e","1262":"r","1263":"\\","1264":"\"","1265":">","1266":"\\","1267":"r","1268":"\\","1269":"n","1270":" ","1271":" ","1272":" ","1273":" ","1274":"<","1275":"l","1276":"a","1277":"b","1278":"e","1279":"l","1280":">","1281":" ","1282":"U","1283":"s","1284":"e","1285":"r","1286":"n","1287":"a","1288":"m","1289":"e","1290":" ","1291":"o","1292":"r","1293":" ","1294":"e","1295":"m","1296":"a","1297":"i","1298":"l","1299":" ","1300":"a","1301":"d","1302":"d","1303":"r","1304":"e","1305":"s","1306":"s","1307":" ","1308":"<","1309":"/","1310":"l","1311":"a","1312":"b","1313":"e","1314":"l","1315":">","1316":"\\","1317":"r","1318":"\\","1319":"n","1320":" ","1321":" ","1322":" ","1323":" ","1324":"<","1325":"d","1326":"i","1327":"v","1328":" ","1329":"s","1330":"t","1331":"y","1332":"l","1333":"e","1334":"=","1335":"\\","1336":"\"","1337":"p","1338":"a","1339":"d","1340":"d","1341":"i","1342":"n","1343":"g","1344":"-","1345":"t","1346":"o","1347":"p","1348":":","1349":" ","1350":"5","1351":"p","1352":"x","1353":"\\","1354":"\"","1355":" ","1356":"/","1357":">","1358":"\\","1359":"r","1360":"\\","1361":"n","1362":" ","1363":" ","1364":" ","1365":" ","1366":"<","1367":"e","1368":"l","1369":"-","1370":"i","1371":"n","1372":"p","1373":"u","1374":"t","1375":" ","1376":"v","1377":"-","1378":"m","1379":"o","1380":"d","1381":"e","1382":"l","1383":"=","1384":"\\","1385":"\"","1386":"u","1387":"s","1388":"e","1389":"r","1390":"n","1391":"a","1392":"m","1393":"e","1394":"\\","1395":"\"","1396":" ","1397":"p","1398":"l","1399":"a","1400":"c","1401":"e","1402":"h","1403":"o","1404":"l","1405":"d","1406":"e","1407":"r","1408":"=","1409":"\\","1410":"\"","1411":"P","1412":"l","1413":"e","1414":"a","1415":"s","1416":"e","1417":" ","1418":"i","1419":"n","1420":"p","1421":"u","1422":"t","1423":" ","1424":"y","1425":"o","1426":"u","1427":"r","1428":" ","1429":"u","1430":"s","1431":"e","1432":"r","1433":"n","1434":"a","1435":"m","1436":"e","1437":"/","1438":"e","1439":"m","1440":"a","1441":"i","1442":"l","1443":"\\","1444":"\"","1445":" ","1446":"/","1447":">","1448":"\\","1449":"r","1450":"\\","1451":"n","1452":" ","1453":" ","1454":" ","1455":" ","1456":"<","1457":"d","1458":"i","1459":"v","1460":" ","1461":"s","1462":"t","1463":"y","1464":"l","1465":"e","1466":"=","1467":"\\","1468":"\"","1469":"p","1470":"a","1471":"d","1472":"d","1473":"i","1474":"n","1475":"g","1476":"-","1477":"t","1478":"o","1479":"p","1480":":","1481":" ","1482":"1","1483":"5","1484":"p","1485":"x","1486":";","1487":"p","1488":"a","1489":"d","1490":"d","1491":"i","1492":"n","1493":"g","1494":"-","1495":"b","1496":"o","1497":"t","1498":"t","1499":"o","1500":"m","1501":":","1502":"5","1503":"p","1504":"x","1505":" ","1506":";","1507":"d","1508":"i","1509":"s","1510":"p","1511":"l","1512":"a","1513":"y","1514":":","1515":" ","1516":"f","1517":"l","1518":"e","1519":"x","1520":";","1521":"j","1522":"u","1523":"s","1524":"t","1525":"i","1526":"f","1527":"y","1528":"-","1529":"c","1530":"o","1531":"n","1532":"t","1533":"e","1534":"n","1535":"t","1536":":","1537":" ","1538":"s","1539":"p","1540":"a","1541":"c","1542":"e","1543":"-","1544":"b","1545":"e","1546":"t","1547":"w","1548":"e","1549":"e","1550":"n","1551":"\\","1552":"\"","1553":">","1554":"\\","1555":"r","1556":"\\","1557":"n","1558":" ","1559":" ","1560":" ","1561":" ","1562":" ","1563":" ","1564":"P","1565":"a","1566":"s","1567":"s","1568":"w","1569":"o","1570":"r","1571":"d","1572":"\\","1573":"r","1574":"\\","1575":"n","1576":" ","1577":" ","1578":" ","1579":" ","1580":" ","1581":" ","1582":"<","1583":"a","1584":" ","1585":"h","1586":"r","1587":"e","1588":"f","1589":"=","1590":"\\","1591":"\"","1592":"h","1593":"t","1594":"t","1595":"p","1596":"s","1597":":","1598":"/","1599":"/","1600":"g","1601":"i","1602":"t","1603":"h","1604":"u","1605":"b","1606":".","1607":"c","1608":"o","1609":"m","1610":"/","1611":"\\","1612":"\"","1613":">","1614":"F","1615":"o","1616":"r","1617":"g","1618":"o","1619":"t","1620":" ","1621":"p","1622":"a","1623":"s","1624":"s","1625":"w","1626":"o","1627":"r","1628":"d","1629":"?","1630":"<","1631":"/","1632":"a","1633":">","1634":"\\","1635":"r","1636":"\\","1637":"n","1638":" ","1639":" ","1640":" ","1641":" ","1642":"<","1643":"/","1644":"d","1645":"i","1646":"v","1647":">","1648":"\\","1649":"r","1650":"\\","1651":"n","1652":" ","1653":" ","1654":" ","1655":" ","1656":"<","1657":"e","1658":"l","1659":"-","1660":"i","1661":"n","1662":"p","1663":"u","1664":"t","1665":" ","1666":"v","1667":"-","1668":"m","1669":"o","1670":"d","1671":"e","1672":"l","1673":"=","1674":"\\","1675":"\"","1676":"p","1677":"a","1678":"s","1679":"s","1680":"w","1681":"o","1682":"r","1683":"d","1684":"\\","1685":"\"","1686":" ","1687":"p","1688":"l","1689":"a","1690":"c","1691":"e","1692":"h","1693":"o","1694":"l","1695":"d","1696":"e","1697":"r","1698":"=","1699":"\\","1700":"\"","1701":"P","1702":"l","1703":"e","1704":"a","1705":"s","1706":"e","1707":" ","1708":"i","1709":"n","1710":"p","1711":"u","1712":"t","1713":" ","1714":"y","1715":"o","1716":"u","1717":"r","1718":" ","1719":"p","1720":"a","1721":"s","1722":"s","1723":"w","1724":"o","1725":"r","1726":"d","1727":"\\","1728":"\"","1729":" ","1730":"/","1731":">","1732":"\\","1733":"r","1734":"\\","1735":"n","1736":" ","1737":" ","1738":" ","1739":" ","1740":"<","1741":"d","1742":"i","1743":"v","1744":" ","1745":"s","1746":"t","1747":"y","1748":"l","1749":"e","1750":"=","1751":"\\","1752":"\"","1753":"p","1754":"a","1755":"d","1756":"d","1757":"i","1758":"n","1759":"g","1760":"-","1761":"t","1762":"o","1763":"p","1764":":","1765":" ","1766":"1","1767":"5","1768":"p","1769":"x","1770":"\\","1771":"\"","1772":" ","1773":"/","1774":">","1775":"\\","1776":"r","1777":"\\","1778":"n","1779":" ","1780":" ","1781":" ","1782":" ","1783":"<","1784":"e","1785":"l","1786":"-","1787":"b","1788":"u","1789":"t","1790":"t","1791":"o","1792":"n","1793":" ","1794":"@","1795":"c","1796":"l","1797":"i","1798":"c","1799":"k","1800":"=","1801":"\\","1802":"\"","1803":"l","1804":"o","1805":"g","1806":"i","1807":"n","1808":"\\","1809":"\"","1810":" ","1811":"s","1812":"t","1813":"y","1814":"l","1815":"e","1816":"=","1817":"\\","1818":"\"","1819":"w","1820":"i","1821":"d","1822":"t","1823":"h","1824":":","1825":" ","1826":"1","1827":"0","1828":"0","1829":"%","1830":";","1831":"b","1832":"o","1833":"r","1834":"d","1835":"e","1836":"r","1837":"-","1838":"c","1839":"o","1840":"l","1841":"o","1842":"r","1843":":","1844":" ","1845":"r","1846":"g","1847":"b","1848":"(","1849":"2","1850":"4","1851":" ","1852":"1","1853":"1","1854":"9","1855":" ","1856":"5","1857":"1","1858":")","1859":"\\","1860":"\"","1861":" ","1862":"c","1863":"o","1864":"l","1865":"o","1866":"r","1867":"=","1868":"\\","1869":"\"","1870":"r","1871":"g","1872":"b","1873":"(","1874":"2","1875":"4","1876":" ","1877":"1","1878":"1","1879":"9","1880":" ","1881":"5","1882":"1","1883":")","1884":"\\","1885":"\"","1886":">","1887":"S","1888":"i","1889":"g","1890":"n","1891":"\\","1892":"r","1893":"\\","1894":"n","1895":" ","1896":" ","1897":" ","1898":" ","1899":" ","1900":" ","1901":"i","1902":"n","1903":"\\","1904":"r","1905":"\\","1906":"n","1907":" ","1908":" ","1909":" ","1910":" ","1911":"<","1912":"/","1913":"e","1914":"l","1915":"-","1916":"b","1917":"u","1918":"t","1919":"t","1920":"o","1921":"n","1922":">","1923":"\\","1924":"r","1925":"\\","1926":"n","1927":" ","1928":" ","1929":"<","1930":"/","1931":"e","1932":"l","1933":"-","1934":"c","1935":"a","1936":"r","1937":"d","1938":">","1939":"\\","1940":"r","1941":"\\","1942":"n","1943":"\\","1944":"r","1945":"\\","1946":"n","1947":" ","1948":" ","1949":"<","1950":"d","1951":"i","1952":"v","1953":" ","1954":"s","1955":"t","1956":"y","1957":"l","1958":"e","1959":"=","1960":"\\","1961":"\"","1962":"p","1963":"a","1964":"d","1965":"d","1966":"i","1967":"n","1968":"g","1969":"-","1970":"t","1971":"o","1972":"p","1973":":","1974":" ","1975":"2","1976":"0","1977":"p","1978":"x","1979":"\\","1980":"\"","1981":" ","1982":"/","1983":">","1984":"\\","1985":"r","1986":"\\","1987":"n","1988":"\\","1989":"r","1990":"\\","1991":"n","1992":" ","1993":" ","1994":"<","1995":"e","1996":"l","1997":"-","1998":"c","1999":"a","2000":"r","2001":"d","2002":" ","2003":"c","2004":"l","2005":"a","2006":"s","2007":"s","2008":"=","2009":"\\","2010":"\"","2011":"r","2012":"e","2013":"g","2014":"i","2015":"s","2016":"t","2017":"e","2018":"r","2019":"-","2020":"c","2021":"a","2022":"r","2023":"d","2024":"\\","2025":"\"","2026":" ","2027":"s","2028":"h","2029":"a","2030":"d","2031":"o","2032":"w","2033":"=","2034":"\\","2035":"\"","2036":"n","2037":"e","2038":"v","2039":"e","2040":"r","2041":"\\","2042":"\"","2043":">","2044":"\\","2045":"r","2046":"\\","2047":"n","2048":" ","2049":" ","2050":" ","2051":" ","2052":"N","2053":"e","2054":"w","2055":" ","2056":"t","2057":"o","2058":" ","2059":"G","2060":"i","2061":"t","2062":"H","2063":"u","2064":"b","2065":"?","2066":"\\","2067":"r","2068":"\\","2069":"n","2070":" ","2071":" ","2072":" ","2073":" ","2074":"<","2075":"a","2076":" ","2077":"h","2078":"r","2079":"e","2080":"f","2081":"=","2082":"\\","2083":"\"","2084":"h","2085":"t","2086":"t","2087":"p","2088":"s","2089":":","2090":"/","2091":"/","2092":"g","2093":"i","2094":"t","2095":"h","2096":"u","2097":"b","2098":".","2099":"c","2100":"o","2101":"m","2102":"/","2103":"\\","2104":"\"","2105":">","2106":" ","2107":"C","2108":"r","2109":"e","2110":"a","2111":"t","2112":"e","2113":" ","2114":"
[...]
"g","8131":"h","8132":"t","8133":":","8134":" ","8135":"4","8136":"0","8137":"p","8138":"x","8139":";","8140":"\\","8141":"r","8142":"\\","8143":"n","8144":" ","8145":" ","8146":"t","8147":"e","8148":"x","8149":"t","8150":"-","8151":"a","8152":"l","8153":"i","8154":"g","8155":"n","8156":":","8157":" ","8158":"c","8159":"e","8160":"n","8161":"t","8162":"e","8163":"r","8164":";","8165":"\\","8166":"r","8167":"\\","8168":"n","8169":"}","8170":"\\","8171":"r","8172":"\\","8173":"n","8174":"\\","8175":"r","8176":"\\","8177":"n","8178":".","8179":"s","8180":"i","8181":"g","8182":"n","8183":"i","8184":"n","8185":"W","8186":"o","8187":"r","8188":"d","8189":" ","8190":"{","8191":"\\","8192":"r","8193":"\\","8194":"n","8195":" ","8196":" ","8197":"m","8198":"a","8199":"r","8200":"g","8201":"i","8202":"n","8203":":","8204":" ","8205":"0","8206":";","8207":"\\","8208":"r","8209":"\\","8210":"n","8211":" ","8212":" ","8213":"f","8214":"o","8215":"n","8216":"t","8217":"-","8218":"s","8219":"i","8220":"z","8221":"e","8222":":","8223":" ","8224":"2","8225":"4","8226":"p","8227":"x","8228":";","8229":"\\","8230":"r","8231":"\\","8232":"n","8233":" ","8234":" ","8235":"f","8236":"o","8237":"n","8238":"t","8239":"-","8240":"w","8241":"e","8242":"i","8243":"g","8244":"h","8245":"t","8246":":","8247":" ","8248":"4","8249":"0","8250":"0","8251":";","8252":"\\","8253":"r","8254":"\\","8255":"n","8256":" ","8257":" ","8258":"p","8259":"a","8260":"d","8261":"d","8262":"i","8263":"n","8264":"g","8265":"-","8266":"t","8267":"o","8268":"p","8269":":","8270":" ","8271":"1","8272":"6","8273":"p","8274":"x","8275":";","8276":"\\","8277":"r","8278":"\\","8279":"n","8280":" ","8281":" ","8282":"f","8283":"o","8284":"n","8285":"t","8286":"-","8287":"f","8288":"a","8289":"m","8290":"i","8291":"l","8292":"y","8293":":","8294":" ","8295":"\\","8296":"\"","8297":"G","8298":"o","8299":"o","8300":"g","8301":"l","8302":"e","8303":" ","8304":"S","8305":"a","8306":"n","8307":"s","8308":"\\","8309":"\"","8310":",","8311":" ","8312":"\\","8313":"\"","8314":"N","8315":"o","8316":"t","8317":"o","8318":" ","8319":"S","8320":"a","8321":"n","8322":"s","8323":" ","8324":"M","8325":"y","8326":"a","8327":"n","8328":"m","8329":"a","8330":"r","8331":" ","8332":"U","8333":"I","8334":"\\","8335":"\"","8336":",","8337":" ","8338":"a","8339":"r","8340":"i","8341":"a","8342":"l","8343":",","8344":" ","8345":"s","8346":"a","8347":"n","8348":"s","8349":"-","8350":"s","8351":"e","8352":"r","8353":"i","8354":"f","8355":";","8356":"\\","8357":"r","8358":"\\","8359":"n","8360":" ","8361":" ","8362":"p","8363":"a","8364":"d","8365":"d","8366":"i","8367":"n","8368":"g","8369":"-","8370":"b","8371":"o","8372":"t","8373":"t","8374":"o","8375":"m","8376":":","8377":" ","8378":"0","8379":";","8380":"\\","8381":"r","8382":"\\","8383":"n","8384":" ","8385":" ","8386":"l","8387":"i","8388":"n","8389":"e","8390":"-","8391":"h","8392":"e","8393":"i","8394":"g","8395":"h","8396":"t","8397":":","8398":" ","8399":"1","8400":".","8401":"3","8402":"3","8403":"3","8404":"3","8405":";","8406":"\\","8407":"r","8408":"\\","8409":"n","8410":"}","8411":"\\","8412":"r","8413":"\\","8414":"n","8415":"\\","8416":"r","8417":"\\","8418":"n","8419":".","8420":"m","8421":"y","8422":"W","8423":"o","8424":"r","8425":"d","8426":" ","8427":"{","8428":"\\","8429":"r","8430":"\\","8431":"n","8432":" ","8433":" ","8434":"p","8435":"a","8436":"d","8437":"d","8438":"i","8439":"n","8440":"g","8441":"-","8442":"b","8443":"o","8444":"t","8445":"t","8446":"o","8447":"m","8448":":","8449":" ","8450":"1","8451":"p","8452":"x","8453":";","8454":"\\","8455":"r","8456":"\\","8457":"n","8458":" ","8459":" ","8460":"p","8461":"a","8462":"d","8463":"d","8464":"i","8465":"n","8466":"g","8467":"-","8468":"t","8469":"o","8470":"p","8471":":","8472":" ","8473":"7","8474":"p","8475":"x","8476":";","8477":"\\","8478":"r","8479":"\\","8480":"n","8481":" ","8482":" ","8483":"c","8484":"o","8485":"l","8486":"o","8487":"r","8488":":","8489":" ","8490":"#","8491":"2","8492":"0","8493":"2","8494":"1","8495":"2","8496":"4","8497":";","8498":"\\","8499":"r","8500":"\\","8501":"n","8502":" ","8503":" ","8504":"f","8505":"o","8506":"n","8507":"t","8508":"-","8509":"s","8510":"i","8511":"z","8512":"e","8513":":","8514":" ","8515":"1","8516":"6","8517":"p","8518":"x","8519":";","8520":"\\","8521":"r","8522":"\\","8523":"n","8524":" ","8525":" ","8526":"f","8527":"o","8528":"n","8529":"t","8530":"-","8531":"w","8532":"e","8533":"i","8534":"g","8535":"h","8536":"t","8537":":","8538":" ","8539":"4","8540":"0","8541":"0","8542":";","8543":"\\","8544":"r","8545":"\\","8546":"n","8547":" ","8548":" ","8549":"l","8550":"e","8551":"t","8552":"t","8553":"e","8554":"r","8555":"-","8556":"s","8557":"p","8558":"a","8559":"c","8560":"i","8561":"n","8562":"g","8563":":","8564":" ","8565":"0","8566":".","8567":"1","8568":"p","8569":"x","8570":";","8571":"\\","8572":"r","8573":"\\","8574":"n","8575":" ","8576":" ","8577":"l","8578":"i","8579":"n","8580":"e","8581":"-","8582":"h","8583":"e","8584":"i","8585":"g","8586":"h","8587":"t","8588":":","8589":" ","8590":"1","8591":".","8592":"5","8593":";","8594":"\\","8595":"r","8596":"\\","8597":"n","8598":" ","8599":" ","8600":"f","8601":"o","8602":"n","8603":"t","8604":"-","8605":"f","8606":"a","8607":"m","8608":"i","8609":"l","8610":"y","8611":":","8612":" ","8613":"r","8614":"o","8615":"b","8616":"o","8617":"t","8618":"o","8619":",","8620":" ","8621":"\\","8622":"\"","8623":"N","8624":"o","8625":"t","8626":"o","8627":" ","8628":"S","8629":"a","8630":"n","8631":"s","8632":" ","8633":"M","8634":"y","8635":"a","8636":"n","8637":"m","8638":"a","8639":"r","8640":" ","8641":"U","8642":"I","8643":"\\","8644":"\"","8645":",","8646":" ","8647":"a","8648":"r","8649":"i","8650":"a","8651":"l","8652":",","8653":" ","8654":"s","8655":"a","8656":"n","8657":"s","8658":"-","8659":"s","8660":"e","8661":"r","8662":"i","8663":"f","8664":";","8665":"\\","8666":"r","8667":"\\","8668":"n","8669":"}","8670":"\\","8671":"r","8672":"\\","8673":"n","8674":"\\","8675":"r","8676":"\\","8677":"n","8678":".","8679":"c","8680":"a","8681":"r","8682":"d","8683":"B","8684":"o","8685":"d","8686":"y","8687":" ","8688":"{","8689":"\\","8690":"r","8691":"\\","8692":"n","8693":" ","8694":" ","8695":"m","8696":"a","8697":"r","8698":"g","8699":"i","8700":"n","8701":":","8702":" ","8703":"a","8704":"u","8705":"t","8706":"o","8707":" ","8708":"-","8709":"4","8710":"0","8711":"p","8712":"x","8713":";","8714":"\\","8715":"r","8716":"\\","8717":"n","8718":" ","8719":" ","8720":"p","8721":"a","8722":"d","8723":"d","8724":"i","8725":"n","8726":"g","8727":"-","8728":"t","8729":"o","8730":"p","8731":":","8732":" ","8733":"2","8734":"4","8735":"p","8736":"x","8737":";","8738":"\\","8739":"r","8740":"\\","8741":"n","8742":" ","8743":" ","8744":"w","8745":"i","8746":"d","8747":"t","8748":"h","8749":":","8750":" ","8751":"1","8752":"0","8753":"0","8754":"%","8755":";","8756":"\\","8757":"r","8758":"\\","8759":"n","8760":" ","8761":" ","8762":"f","8763":"o","8764":"n","8765":"t","8766":"-","8767":"f","8768":"a","8769":"m","8770":"i","8771":"l","8772":"y","8773":":","8774":" ","8775":"\\","8776":"\"","8777":"G","8778":"o","8779":"o","8780":"g","8781":"l","8782":"e","8783":" ","8784":"S","8785":"a","8786":"n","8787":"s","8788":"\\","8789":"\"","8790":",","8791":" ","8792":"\\","8793":"\"","8794":"N","8795":"o","8796":"t","8797":"o","8798":" ","8799":"S","8800":"a","8801":"n","8802":"s","8803":" ","8804":"M","8805":"y","8806":"a","8807":"n","8808":"m","8809":"a","8810":"r","8811":" ","8812":"U","8813":"I","8814":"\\","8815":"\"","8816":",","8817":" ","8818":"a","8819":"r","8820":"i","8821":"a","8822":"l","8823":",","8824":" ","8825":"s","8826":"a","8827":"n","8828":"s","8829":"-","8830":"s","8831":"e","8832":"r","8833":"i","8834":"f","8835":";","8836":"\\","8837":"r","8838":"\\","8839":"n","8840":" ","8841":" ","8842":"f","8843":"o","8844":"n","8845":"t","8846":"-","8847":"s","8848":"i","8849":"z","8850":"e","8851":":","8852":" ","8853":"1","8854":"4","8855":"p","8856":"x","8857":";","8858":"\\","8859":"r","8860":"\\","8861":"n","8862":" ","8863":" ","8864":"c","8865":"o","8866":"l","8867":"o","8868":"r","8869":":","8870":" ","8871":"d","8872":"a","8873":"r","8874":"k","8875":"g","8876":"r","8877":"a","8878":"y","8879":";","8880":"\\","8881":"r","8882":"\\","8883":"n","8884":"}","8885":"\\","8886":"r","8887":"\\","8888":"n","8889":"\\","8890":"r","8891":"\\","8892":"n","8893":".","8894":"b","8895":"o","8896":"x","8897":"-","8898":"c","8899":"a","8900":"r","8901":"d","8902":" ","8903":"{","8904":"\\","8905":"r","8906":"\\","8907":"n","8908":" ","8909":" ","8910":"w","8911":"i","8912":"d","8913":"t","8914":"h","8915":":","8916":" ","8917":"4","8918":"5","8919":"0","8920":"p","8921":"x","8922":";","8923":"\\","8924":"r","8925":"\\","8926":"n","8927":" ","8928":" ","8929":"m","8930":"i","8931":"n","8932":"-","8933":"h","8934":"e","8935":"i","8936":"g","8937":"h","8938":"t","8939":":","8940":" ","8941":"5","8942":"0","8943":"0","8944":"p","8945":"x","8946":";","8947":"\\","8948":"r","8949":"\\","8950":"n","8951":" ","8952":" ","8953":"b","8954":"o","8955":"r","8956":"d","8957":"e","8958":"r","8959":":","8960":" ","8961":"1","8962":"p","8963":"x","8964":" ","8965":"s","8966":"o","8967":"l","8968":"i","8969":"d","8970":" ","8971":"#","8972":"d","8973":"a","8974":"d","8975":"c","8976":"e","8977":"0","8978":";","8979":"\\","8980":"r","8981":"\\","8982":"n","8983":" ","8984":" ","8985":"b","8986":"o","8987":"r","8988":"d","8989":"e","8990":"r","8991":"-","8992":"r","8993":"a","8994":"d","8995":"i","8996":"u","8997":"s","8998":":","8999":" ","9000":"8","9001":"p","9002":"x","9003":";","9004":"\\","9005":"r","9006":"\\","9007":"n","9008":" ","9009":" ","9010":"-","9011":"-","9012":"e","9013":"l","9014":"-","9015":"c","9016":"a","9017":"r","9018":"d","9019":"-","9020":"b","9021":"o","9022":"r","9023":"d","9024":"e","9025":"r","9026":"-","9027":"r","9028":"a","9029":"d","9030":"i","9031":"u","9032":"s","9033":":","9034":" ","9035":"0","9036":"p","9037":"x","9038":";","9039":"\\","9040":"r","9041":"\\","9042":"n","9043":" ","9044":" ","9045":"-","9046":"-","9047":"e","9048":"l","9049":"-","9050":"c","9051":"a","9052":"r","9053":"d","9054":"-","9055":"b","9056":"o","9057":"r","9058":"d","9059":"e","9060":"r","9061":"-","9062":"c","9063":"o","9064":"l","9065":"o","9066":"r","9067":":","9068":" ","9069":"t","9070":"r","9071":"a","9072":"n","9073":"s","9074":"p","9075":"a","9076":"r","9077":"a","9078":"n","9079":"t","9080":";","9081":"\\","9082":"r","9083":"\\","9084":"n","9085":"}","9086":"\\","9087":"r","9088":"\\","9089":"n","9090":"\\","9091":"r","9092":"\\","9093":"n","9094":".","9095":"e","9096":"l","9097":"-","9098":"c","9099":"a","9100":"r","9101":"d","9102":" ","9103":":","9104":":","9105":"v","9106":"-","9107":"d","9108":"e","9109":"e","9110":"p","9111":" ","9112":".","9113":"e","9114":"l","9115":"-","9116":"c","9117":"a","9118":"r","9119":"d","9120":"_","9121":"_","9122":"b","9123":"o","9124":"d","9125":"y","9126":" ","9127":"{","9128":"\\","9129":"r","9130":"\\","9131":"n","9132":" ","9133":" ","9134":"p","9135":"a","9136":"d","9137":"d","9138":"i","9139":"n","9140":"g","9141":":","9142":" ","9143":"0","9144":";","9145":"\\","9146":"r","9147":"\\","9148":"n","9149":"}","9150":"\\","9151":"r","9152":"\\","9153":"n","9154":"\\","9155":"r","9156":"\\","9157":"n","9158":".","9159":"e","9160":"l","9161":"-","9162":"i","9163":"n","9164":"p","9165":"u","9166":"t","9167":" ","9168":"{","9169":"\\","9170":"r","9171":"\\","9172":"n","9173":" ","9174":" ","9175":"f","9176":"o","9177":"n","9178":"t","9179":"-","9180":"s","9181":"i","9182":"z","9183":"e","9184":":","9185":" ","9186":"1","9187":"6","9188":"p","9189":"x","9190":";","9191":"\\","9192":"r","9193":"\\","9194":"n","9195":" ","9196":" ","9197":"h","9198":"e","9199":"i","9200":"g","9201":"h","9202":"t","9203":":","9204":" ","9205":"5","9206":"0","9207":"p","9208":"x","9209":";","9210":"\\","9211":"r","9212":"\\","9213":"n","9214":"}","9215":"\\","9216":"r","9217":"\\","9218":"n","9219":"\\","9220":"r","9221":"\\","9222":"n","9223":".","9224":"r","9225":"o","9226":"u","9227":"t","9228":"e","9229":"r","9230":"-","9231":"l","9232":"i","9233":"n","9234":"k","9235":"-","9236":"a","9237":"c","9238":"t","9239":"i","9240":"v","9241":"e","9242":" ","9243":"{","9244":"\\","9245":"r","9246":"\\","9247":"n","9248":" ","9249":" ","9250":"f","9251":"o","9252":"n","9253":"t","9254":"-","9255":"s","9256":"i","9257":"z","9258":"e","9259":":","9260":" ","9261":"1","9262":"4","9263":"p","9264":"x","9265":";","9266":"\\","9267":"r","9268":"\\","9269":"n","9270":" ","9271":" ","9272":"f","9273":"o","9274":"n","9275":"t","9276":"-","9277":"w","9278":"e","9279":"i","9280":"g","9281":"h","9282":"t","9283":":","9284":" ","9285":"5","9286":"0","9287":"0","9288":";","9289":"\\","9290":"r","9291":"\\","9292":"n","9293":" ","9294":" ","9295":"c","9296":"o","9297":"l","9298":"o","9299":"r","9300":":","9301":" ","9302":"#","9303":"1","9304":"a","9305":"7","9306":"3","9307":"e","9308":"8","9309":";","9310":"\\","9311":"r","9312":"\\","9313":"n","9314":" ","9315":" ","9316":"t","9317":"e","9318":"x","9319":"t","9320":"-","9321":"d","9322":"e","9323":"c","9324":"o","9325":"r","9326":"a","9327":"t","9328":"i","9329":"o","9330":"n","9331":":","9332":" ","9333":"n","9334":"o","9335":"n","9336":"e","9337":";","9338":"\\","9339":"r","9340":"\\","9341":"n","9342":" ","9343":" ","9344":"f","9345":"o","9346":"n","9347":"t","9348":"-","9349":"f","9350":"a","9351":"m","9352":"i","9353":"l","9354":"y","9355":":","9356":" ","9357":"r","9358":"o","9359":"b","9360":"o","9361":"t","9362":"o","9363":",","9364":" ","9365":"\\","9366":"\"","9367":"N","9368":"o","9369":"t","9370":"o","9371":" ","9372":"S","9373":"a","9374":"n","9375":"s","9376":" ","9377":"M","9378":"y","9379":"a","9380":"n","9381":"m","9382":"a","9383":"r","9384":" ","9385":"U","9386":"I","9387":"\\","9388":"\"","9389":",","9390":" ","9391":"a","9392":"r","9393":"i","9394":"a","9395":"l","9396":",","9397":" ","9398":"s","9399":"a","9400":"n","9401":"s","9402":"-","9403":"s","9404":"e","9405":"r","9406":"i","9407":"f","9408":";","9409":"\\","9410":"r","9411":"\\","9412":"n","9413":"}","9414":"\\","9415":"r","9416":"\\","9417":"n","9418":"\\","9419":"r","9420":"\\","9421":"n","9422":"a","9423":" ","9424":"{","9425":"\\","9426":"r","9427":"\\","9428":"n","9429":" ","9430":" ","9431":"f","9432":"o","9433":"n","9434":"t","9435":"-","9436":"s","9437":"i","9438":"z","9439":"e","9440":":","9441":" ","9442":"1","9443":"4","9444":"p","9445":"x","9446":";","9447":"\\","9448":"r","9449":"\\","9450":"n","9451":" ","9452":" ","9453":"f","9454":"o","9455":"n","9456":"t","9457":"-","9458":"w","9459":"e","9460":"i","9461":"g","9462":"h","9463":"t","9464":":","9465":" ","9466":"5","9467":"0","9468":"0","9469":";","9470":"\\","9471":"r","9472":"\\","9473":"n","9474":" ","9475":" ","9476":"c","9477":"o","9478":"l","9479":"o","9480":"r","9481":":","9482":" ","9483":"#","9484":"1","9485":"a","9486":"7","9487":"3","9488":"e","9489":"8","9490":";","9491":"\\","9492":"r","9493":"\\","9494":"n","9495":" ","9496":" ","9497":"t","9498":"e","9499":"x","9500":"t","9501":"-","9502":"d","9503":"e","9504":"c","9505":"o","9506":"r","9507":"a","9508":"t","9509":"i","9510":"o","9511":"n","9512":":","9513":" ","9514":"n","9515":"o","9516":"n","9517":"e","9518":";","9519":"\\","9520":"r","9521":"\\","9522":"n","9523":" ","9524":" ","9525":"f","9526":"o","9527":"n","9528":"t","9529":"-","9530":"f","9531":"a","9532":"m","9533":"i","9534":"l","9535":"y","9536":":","9537":" ","9538":"r","9539":"o","9540":"b","9541":"o","9542":"t","9543":"o","9544":",","9545":" ","9546":"\\","9547":"\"","9548":"N","9549":"o","9550":"t","9551":"o","9552":" ","9553":"S","9554":"a","9555":"n","9556":"s","9557":" ","9558":"M","9559":"y","9560":"a","9561":"n","9562":"m","9563":"a","9564":"r","9565":" ","9566":"U","9567":"I","9568":"\\","9569":"\"","9570":",","9571":" ","9572":"a","9573":"r","9574":"i","9575":"a","9576":"l","9577":",","9578":" ","9579":"s","9580":"a","9581":"n","9582":"s","9583":"-","9584":"s","9585":"e","9586":"r","9587":"i","9588":"f","9589":";","9590":"\\","9591":"r","9592":"\\","9593":"n","9594":"}","9595":"\\","9596":"r","9597":"\\","9598":"n","9599":"\\","9600":"r","9601":"\\","9602":"n","9603":".","9604":"f","9605":"o","9606":"o","9607":"t","9608":"e","9609":"r","9610":" ","9611":"{","9612":"\\","9613":"r","9614":"\\","9615":"n","9616":" ","9617":" ","9618":"w","9619":"i","9620":"d","9621":"t","9622":"h","9623":":","9624":" ","9625":"4","9626":"5","9627":"0","9628":"p","9629":"x","9630":";","9631":"\\","9632":"r","9633":"\\","9634":"n","9635":" ","9636":" ","9637":"m","9638":"a","9639":"r","9640":"g","9641":"i","9642":"n","9643":"-","9644":"t","9645":"o","9646":"p","9647":":","9648":" ","9649":"1","9650":"0","9651":"p","9652":"x","9653":";","9654":"\\","9655":"r","9656":"\\","9657":"n","9658":" ","9659":" ","9660":"d","9661":"i","9662":"s","9663":"p","9664":"l","9665":"a","9666":"y","9667":":","9668":" ","9669":"f","9670":"l","9671":"e","9672":"x","9673":";","9674":"\\","9675":"r","9676":"\\","9677":"n","9678":" ","9679":" ","9680":"j","9681":"u","9682":"s","9683":"t","9684":"i","9685":"f","9686":"y","9687":"-","9688":"c","9689":"o","9690":"n","9691":"t","9692":"e","9693":"n","9694":"t","9695":":","9696":" ","9697":"s","9698":"p","9699":"a","9700":"c","9701":"e","9702":"-","9703":"b","9704":"e","9705":"t","9706":"w","9707":"e","9708":"e","9709":"n","9710":";","9711":"\\","9712":"r","9713":"\\","9714":"n","9715":"}","9716":"\\","9717":"r","9718":"\\","9719":"n","9720":"\\","9721":"r","9722":"\\","9723":"n","9724":".","9725":"e","9726":"l","9727":"-","9728":"s","9729":"e","9730":"l","9731":"e","9732":"c","9733":"t","9734":" ","9735":"{","9736":"\\","9737":"r","9738":"\\","9739":"n","9740":" ","9741":" ","9742":"-","9743":"-","9744":"e","9745":"l","9746":"-","9747":"s","9748":"e","9749":"l","9750":"e","9751":"c","9752":"t","9753":"-","9754":"b","9755":"o","9756":"r","9757":"d","9758":"e","9759":"r","9760":"-","9761":"c","9762":"o","9763":"l","9764":"o","9765":"r","9766":"-","9767":"h","9768":"o","9769":"v","9770":"e","9771":"r","9772":":","9773":" ","9774":"w","9775":"h","9776":"i","9777":"t","9778":"e","9779":";","9780":"\\","9781":"r","9782":"\\","9783":"n","9784":" ","9785":" ","9786":"-","9787":"-","9788":"e","9789":"l","9790":"-","9791":"s","9792":"e","9793":"l","9794":"e","9795":"c","9796":"t","9797":"-","9798":"c","9799":"l","9800":"o","9801":"s","9802":"e","9803":"-","9804":"h","9805":"o","9806":"v","9807":"e","9808":"r","9809":"-","9810":"c","9811":"o","9812":"l","9813":"o","9814":"r","9815":":","9816":" ","9817":"w","9818":"h","9819":"i","9820":"t","9821":"e","9822":";","9823":"\\","9824":"r","9825":"\\","9826":"n","9827":" ","9828":" ","9829":"-","9830":"-","9831":"e","9832":"l","9833":"-","9834":"s","9835":"e","9836":"l","9837":"e","9838":"c","9839":"t","9840":"-","9841":"d","9842":"i","9843":"s","9844":"a","9845":"b","9846":"l","9847":"e","9848":"d","9849":"-","9850":"b","9851":"o","9852":"r","9853":"d","9854":"e","9855":"r","9856":":","9857":" ","9858":"w","9859":"h","9860":"i","9861":"t","9862":"e","9863":";","9864":"\\","9865":"r","9866":"\\","9867":"n","9868":" ","9869":" ","9870":"-","9871":"-","9872":"e","9873":"l","9874":"-","9875":"s","9876":"e","9877":"l","9878":"e","9879":"c","9880":"t","9881":"-","9882":"i","9883":"n","9884":"p","9885":"u","9886":"t","9887":"-","9888":"c","9889":"o","9890":"l","9891":"o","9892":"r","9893":":","9894":" ","9895":"b","9896":"l","9897":"a","9898":"c","9899":"k","9900":";","9901":"\\","9902":"r","9903":"\\","9904":"n","9905":"}","9906":"\\","9907":"r","9908":"\\","9909":"n","9910":"<","9911":"/","9912":"s","9913":"t","9914":"y","9915":"l","9916":"e","9917":">","9918":"\"","9919":"]","9920":"}"},"_coverageSchema":"1a1c01bbd47fc00a2c39e90264f33305004495a9","hash":"8162cf3e3229d8baffc62f4b677cf4fe8f1686dd"}
}
