{"C:\\project\\customizable-login-component-library\\src\\views\\GoogleCentral.vue": {"path":"C:\\project\\customizable-login-component-library\\src\\views\\GoogleCentral.vue","statementMap":{"0":{"start":{"line":3,"column":0},"end":{"line":5,"column":3}},"1":{"start":{"line":6,"column":12},"end":{"line":6,"column":26}},"2":{"start":{"line":7,"column":12},"end":{"line":7,"column":26}},"3":{"start":{"line":8,"column":12},"end":{"line":8,"column":26}},"4":{"start":{"line":9,"column":0},"end":{"line":30,"column":3}},"5":{"start":{"line":12,"column":17},"end":{"line":12,"column":26}},"6":{"start":{"line":13,"column":4},"end":{"line":13,"column":13}},"7":{"start":{"line":14,"column":16},"end":{"line":14,"column":53}},"8":{"start":{"line":15,"column":20},"end":{"line":15,"column":87}},"9":{"start":{"line":16,"column":27},"end":{"line":18,"column":5}},"10":{"start":{"line":17,"column":6},"end":{"line":17,"column":38}},"11":{"start":{"line":19,"column":23},"end":{"line":23,"column":5}},"12":{"start":{"line":24,"column":4},"end":{"line":27,"column":7}},"13":{"start":{"line":28,"column":4},"end":{"line":28,"column":24}},"14":{"start":{"line":32,"column":0},"end":{"line":32,"column":62}},"15":{"start":{"line":33,"column":0},"end":{"line":33,"column":24}},"16":{"start":{"line":34,"column":12},"end":{"line":34,"column":26}},"17":{"start":{"line":35,"column":17},"end":{"line":35,"column":43}},"18":{"start":{"line":36,"column":31},"end":{"line":115,"column":20}},"19":{"start":{"line":116,"column":17},"end":{"line":116,"column":38}},"20":{"start":{"line":117,"column":17},"end":{"line":117,"column":70}},"21":{"start":{"line":118,"column":31},"end":{"line":120,"column":20}},"22":{"start":{"line":121,"column":17},"end":{"line":121,"column":70}},"23":{"start":{"line":122,"column":17},"end":{"line":122,"column":107}},"24":{"start":{"line":123,"column":17},"end":{"line":123,"column":107}},"25":{"start":{"line":124,"column":17},"end":{"line":124,"column":36}},"26":{"start":{"line":125,"column":18},"end":{"line":125,"column":53}},"27":{"start":{"line":127,"column":30},"end":{"line":127,"column":69}},"28":{"start":{"line":128,"column":33},"end":{"line":128,"column":75}},"29":{"start":{"line":129,"column":31},"end":{"line":129,"column":71}},"30":{"start":{"line":130,"column":38},"end":{"line":130,"column":85}},"31":{"start":{"line":131,"column":33},"end":{"line":131,"column":75}},"32":{"start":{"line":132,"column":29},"end":{"line":132,"column":67}},"33":{"start":{"line":133,"column":31},"end":{"line":133,"column":71}},"34":{"start":{"line":134,"column":31},"end":{"line":134,"column":71}},"35":{"start":{"line":135,"column":4},"end":{"line":284,"column":34}},"36":{"start":{"line":140,"column":54},"end":{"line":232,"column":14}},"37":{"start":{"line":152,"column":70},"end":{"line":227,"column":30}},"38":{"start":{"line":154,"column":78},"end":{"line":196,"column":38}},"39":{"start":{"line":157,"column":113},"end":{"line":157,"column":144}},"40":{"start":{"line":162,"column":90},"end":{"line":164,"column":50}},"41":{"start":{"line":171,"column":90},"end":{"line":173,"column":50}},"42":{"start":{"line":179,"column":90},"end":{"line":181,"column":50}},"43":{"start":{"line":190,"column":90},"end":{"line":192,"column":50}},"44":{"start":{"line":200,"column":78},"end":{"line":224,"column":38}},"45":{"start":{"line":204,"column":113},"end":{"line":204,"column":144}},"46":{"start":{"line":209,"column":90},"end":{"line":211,"column":50}},"47":{"start":{"line":218,"column":90},"end":{"line":220,"column":50}},"48":{"start":{"line":238,"column":85},"end":{"line":238,"column":116}},"49":{"start":{"line":243,"column":58},"end":{"line":251,"column":18}},"50":{"start":{"line":245,"column":24},"end":{"line":249,"column":69}},"51":{"start":{"line":259,"column":62},"end":{"line":261,"column":22}},"52":{"start":{"line":268,"column":62},"end":{"line":270,"column":22}},"53":{"start":{"line":277,"column":62},"end":{"line":279,"column":22}},"54":{"start":{"line":286,"column":0},"end":{"line":286,"column":24}},"55":{"start":{"line":287,"column":1},"end":{"line":287,"column":48}}},"fnMap":{"0":{"name":"(anonymous_0)","decl":{"start":{"line":11,"column":9},"end":{"line":11,"column":10}},"loc":{"start":{"line":11,"column":32},"end":{"line":29,"column":3}},"line":11},"1":{"name":"(anonymous_1)","decl":{"start":{"line":16,"column":27},"end":{"line":16,"column":28}},"loc":{"start":{"line":16,"column":39},"end":{"line":18,"column":5}},"line":16},"2":{"name":"render","decl":{"start":{"line":126,"column":9},"end":{"line":126,"column":15}},"loc":{"start":{"line":126,"column":63},"end":{"line":285,"column":1}},"line":126},"3":{"name":"(anonymous_3)","decl":{"start":{"line":140,"column":40},"end":{"line":140,"column":41}},"loc":{"start":{"line":140,"column":52},"end":{"line":232,"column":16}},"line":140},"4":{"name":"(anonymous_4)","decl":{"start":{"line":152,"column":56},"end":{"line":152,"column":57}},"loc":{"start":{"line":152,"column":68},"end":{"line":227,"column":32}},"line":152},"5":{"name":"(anonymous_5)","decl":{"start":{"line":154,"column":64},"end":{"line":154,"column":65}},"loc":{"start":{"line":154,"column":76},"end":{"line":196,"column":40}},"line":154},"6":{"name":"(anonymous_6)","decl":{"start":{"line":157,"column":93},"end":{"line":157,"column":94}},"loc":{"start":{"line":157,"column":111},"end":{"line":157,"column":146}},"line":157},"7":{"name":"(anonymous_7)","decl":{"start":{"line":162,"column":76},"end":{"line":162,"column":77}},"loc":{"start":{"line":162,"column":88},"end":{"line":164,"column":52}},"line":162},"8":{"name":"(anonymous_8)","decl":{"start":{"line":171,"column":76},"end":{"line":171,"column":77}},"loc":{"start":{"line":171,"column":88},"end":{"line":173,"column":52}},"line":171},"9":{"name":"(anonymous_9)","decl":{"start":{"line":179,"column":76},"end":{"line":179,"column":77}},"loc":{"start":{"line":179,"column":88},"end":{"line":181,"column":52}},"line":179},"10":{"name":"(anonymous_10)","decl":{"start":{"line":190,"column":76},"end":{"line":190,"column":77}},"loc":{"start":{"line":190,"column":88},"end":{"line":192,"column":52}},"line":190},"11":{"name":"(anonymous_11)","decl":{"start":{"line":200,"column":64},"end":{"line":200,"column":65}},"loc":{"start":{"line":200,"column":76},"end":{"line":224,"column":40}},"line":200},"12":{"name":"(anonymous_12)","decl":{"start":{"line":204,"column":93},"end":{"line":204,"column":94}},"loc":{"start":{"line":204,"column":111},"end":{"line":204,"column":146}},"line":204},"13":{"name":"(anonymous_13)","decl":{"start":{"line":209,"column":76},"end":{"line":209,"column":77}},"loc":{"start":{"line":209,"column":88},"end":{"line":211,"column":52}},"line":209},"14":{"name":"(anonymous_14)","decl":{"start":{"line":218,"column":76},"end":{"line":218,"column":77}},"loc":{"start":{"line":218,"column":88},"end":{"line":220,"column":52}},"line":218},"15":{"name":"(anonymous_15)","decl":{"start":{"line":238,"column":65},"end":{"line":238,"column":66}},"loc":{"start":{"line":238,"column":83},"end":{"line":238,"column":118}},"line":238},"16":{"name":"(anonymous_16)","decl":{"start":{"line":243,"column":44},"end":{"line":243,"column":45}},"loc":{"start":{"line":243,"column":56},"end":{"line":251,"column":20}},"line":243},"17":{"name":"(anonymous_17)","decl":{"start":{"line":244,"column":141},"end":{"line":244,"column":142}},"loc":{"start":{"line":244,"column":157},"end":{"line":250,"column":21}},"line":244},"18":{"name":"(anonymous_18)","decl":{"start":{"line":259,"column":48},"end":{"line":259,"column":49}},"loc":{"start":{"line":259,"column":60},"end":{"line":261,"column":24}},"line":259},"19":{"name":"(anonymous_19)","decl":{"start":{"line":268,"column":48},"end":{"line":268,"column":49}},"loc":{"start":{"line":268,"column":60},"end":{"line":270,"column":24}},"line":268},"20":{"name":"(anonymous_20)","decl":{"start":{"line":277,"column":48},"end":{"line":277,"column":49}},"loc":{"start":{"line":277,"column":60},"end":{"line":279,"column":24}},"line":277}},"branchMap":{"0":{"loc":{"start":{"line":157,"column":67},"end":{"line":157,"column":147}},"type":"binary-expr","locations":[{"start":{"line":157,"column":67},"end":{"line":157,"column":76}},{"start":{"line":157,"column":81},"end":{"line":157,"column":146}}],"line":157},"1":{"loc":{"start":{"line":204,"column":67},"end":{"line":204,"column":147}},"type":"binary-expr","locations":[{"start":{"line":204,"column":67},"end":{"line":204,"column":76}},{"start":{"line":204,"column":81},"end":{"line":204,"column":146}}],"line":204},"2":{"loc":{"start":{"line":238,"column":39},"end":{"line":238,"column":119}},"type":"binary-expr","locations":[{"start":{"line":238,"column":39},"end":{"line":238,"column":48}},{"start":{"line":238,"column":53},"end":{"line":238,"column":118}}],"line":238}},"s":{"0":1,"1":1,"2":1,"3":1,"4":1,"5":1,"6":1,"7":1,"8":1,"9":1,"10":0,"11":1,"12":1,"13":1,"14":1,"15":1,"16":1,"17":1,"18":1,"19":1,"20":1,"21":1,"22":1,"23":1,"24":1,"25":1,"26":1,"27":1,"28":1,"29":1,"30":1,"31":1,"32":1,"33":1,"34":1,"35":1,"36":1,"37":1,"38":1,"39":0,"40":1,"41":1,"42":1,"43":1,"44":1,"45":0,"46":1,"47":1,"48":0,"49":1,"50":3,"51":1,"52":1,"53":1,"54":1,"55":1},"f":{"0":1,"1":0,"2":1,"3":1,"4":1,"5":1,"6":0,"7":1,"8":1,"9":1,"10":1,"11":1,"12":0,"13":1,"14":1,"15":0,"16":1,"17":3,"18":1,"19":1,"20":1},"b":{"0":[1,1],"1":[1,1],"2":[1,1]},"inputSourceMap":{"0":"{","1":"\"","2":"v","3":"e","4":"r","5":"s","6":"i","7":"o","8":"n","9":"\"","10":":","11":"3","12":",","13":"\"","14":"s","15":"o","16":"u","17":"r","18":"c","19":"e","20":"s","21":"\"","22":":","23":"[","24":"\"","25":"C","26":":","27":"/","28":"p","29":"r","30":"o","31":"j","32":"e","33":"c","34":"t","35":"/","36":"c","37":"u","38":"s","39":"t","40":"o","41":"m","42":"i","43":"z","44":"a","45":"b","46":"l","47":"e","48":"-","49":"l","50":"o","51":"g","52":"i","53":"n","54":"-","55":"c","56":"o","57":"m","58":"p","59":"o","60":"n","61":"e","62":"n","63":"t","64":"-","65":"l","66":"i","67":"b","68":"r","69":"a","70":"r","71":"y","72":"/","73":"s","74":"r","75":"c","76":"/","77":"v","78":"i","79":"e","80":"w","81":"s","82":"/","83":"G","84":"o","85":"o","86":"g","87":"l","88":"e","89":"C","90":"e","91":"n","92":"t","93":"r","94":"a","95":"l","96":".","97":"v","98":"u","99":"e","100":"\"","101":"]","102":",","103":"\"","104":"n","105":"a","106":"m","107":"e","108":"s","109":"\"","110":":","111":"[","112":"]","113":",","114":"\"","115":"m","116":"a","117":"p","118":"p","119":"i","120":"n","121":"g","122":"s","123":"\"","124":":","125":"\"","126":";","127":";","128":";","129":";","130":";","131":";","132":"A","133":"A","134":"6","135":"F","136":"A","137":";","138":"A","139":"A","140":"C","141":"A","142":";","143":";","144":";","145":";","146":";","147":";","148":"I","149":"A","150":"E","151":"O","152":",","153":"S","154":"A","155":"A","156":"K","157":",","158":"G","159":"A","160":"A","161":"I","162":",","163":"4","164":"B","165":"A","166":"A","167":"k","168":"B","169":",","170":"G","171":"A","172":"A","173":"E","174":",","175":"M","176":"A","177":"A","178":"x","179":"B","180":";","181":"I","182":"A","183":"E","184":"Z","185":",","186":"I","187":"A","188":"A","189":"M","190":",","191":"S","192":"A","193":"A","194":"S","195":",","196":"G","197":"A","198":"A","199":"C","200":",","201":"a","202":"A","203":"A","204":"G","205":",","206":"E","207":"A","208":"A","209":"g","210":"B","211":",","212":"C","213":"A","214":"C","215":"/","216":"B","217":",","218":"y","219":"B","220":"A","221":"A","222":"y","223":"B","224":",","225":"E","226":"A","227":"C","228":"z","229":"B","230":",","231":"S","232":"A","233":"A","234":"S","235":",","236":"E","237":"A","238":"C","239":"T","240":",","241":"W","242":"A","243":"A","244":"W","245":",","246":"C","247":"A","248":"C","249":"d","250":",","251":"C","252":"A","253":"A","254":"C","255":";","256":"I","257":"A","258":"E","259":"F","260":",","261":"I","262":"A","263":"A","264":"M","265":",","266":"g","267":"B","268":"A","269":"A","270":"g","271":"B","272":",","273":"G","274":"A","275":"A","276":"G","277":";","278":"M","279":"A","280":"C","281":"r","282":"B","283":",","284":"K","285":"A","286":"A","287":"K","288":",","289":"C","290":"A","291":"A","292":"C","293":",","294":"K","295":"A","296":"A","297":"K","298":",","299":"C","300":"A","301":"A","302":"C","303":",","304":"Y","305":"A","306":"A","307":"Y","308":",","309":"C","310":"A","311":"A","312":"C","313":",","314":"I","315":"A","316":"A","317":"I","318":",","319":"E","320":"A","321":"A","322":"E","323":";","324":"I","325":"A","326":"C","327":"n","328":"C","329":",","330":"C","331":"A","332":"A","333":"C","334":"\"","335":",","336":"\"","337":"f","338":"i","339":"l","340":"e","341":"\"","342":":","343":"\"","344":"C","345":":","346":"\\","347":"\\","348":"p","349":"r","350":"o","351":"j","352":"e","353":"c","354":"t","355":"\\","356":"\\","357":"c","358":"u","359":"s","360":"t","361":"o","362":"m","363":"i","364":"z","365":"a","366":"b","367":"l","368":"e","369":"-","370":"l","371":"o","372":"g","373":"i","374":"n","375":"-","376":"c","377":"o","378":"m","379":"p","380":"o","381":"n","382":"e","383":"n","384":"t","385":"-","386":"l","387":"i","388":"b","389":"r","390":"a","391":"r","392":"y","393":"\\","394":"\\","395":"s","396":"r","397":"c","398":"\\","399":"\\","400":"v","401":"i","402":"e","403":"w","404":"s","405":"\\","406":"\\","407":"G","408":"o","409":"o","410":"g","411":"l","412":"e","413":"C","414":"e","415":"n","416":"t","417":"r","418":"a","419":"l","420":".","421":"v","422":"u","423":"e","424":"\"","425":",","426":"\"","427":"s","428":"o","429":"u","430":"r","431":"c","432":"e","433":"s","434":"C","435":"o","436":"n","437":"t","438":"e","439":"n","440":"t","441":"\"","442":":","443":"[","444":"\"","445":"<","446":"t","447":"e","448":"m","449":"p","450":"l","451":"a","452":"t","453":"e","454":">","455":"\\","456":"r","457":"\\","458":"n","459":" ","460":" ","461":" ","462":" ","463":"<","464":"e","465":"l","466":"-","467":"c","468":"a","469":"r","470":"d","471":" ","472":"s","473":"h","474":"a","475":"d","476":"o","477":"w","478":"=","479":"\\","480":"\"","481":"n","482":"e","483":"v","484":"e","485":"r","486":"\\","487":"\"","488":" ","489":"c","490":"l","491":"a","492":"s","493":"s","494":"=","495":"\\","496":"\"","497":"b","498":"o","499":"x","500":"-","501":"c","502":"a","503":"r","504":"d","505":"\\","506":"\"","507":">","508":"\\","509":"r","510":"\\","511":"n","512":" ","513":" ","514":" ","515":" ","516":" ","517":" ","518":" ","519":" ","520":"<","521":"d","522":"i","523":"v","524":" ","525":"c","526":"l","527":"a","528":"s","529":"s","530":"=","531":"\\","532":"\"","533":"c","534":"a","535":"r","536":"d","537":"C","538":"o","539":"n","540":"t","541":"a","542":"i","543":"n","544":"e","545":"r","546":"\\","547":"\"","548":">","549":"\\","550":"r","551":"\\","552":"n","553":" ","554":" ","555":" ","556":" ","557":" ","558":" ","559":" ","560":" ","561":" ","562":" ","563":" ","564":" ","565":"<","566":"d","567":"i","568":"v","569":" ","570":"c","571":"l","572":"a","573":"s","574":"s","575":"=","576":"\\","577":"\"","578":"c","579":"a","580":"r","581":"d","582":"H","583":"e","584":"a","585":"d","586":"e","587":"r","588":"\\","589":"\"","590":">","591":"\\","592":"r","593":"\\","594":"n","595":" ","596":" ","597":" ","598":" ","599":" ","600":" ","601":" ","602":" ","603":" ","604":" ","605":" ","606":" ","607":" ","608":" ","609":" ","610":" ","611":"<","612":"s","613":"v","614":"g","615":" ","616":"w","617":"i","618":"d","619":"t","620":"h","621":"=","622":"\\","623":"\"","624":"7","625":"5","626":"\\","627":"\"","628":" ","629":"h","630":"e","631":"i","632":"g","633":"h","634":"t","635":"=","636":"\\","637":"\"","638":"2","639":"4","640":"\\","641":"\"","642":" ","643":"x","644":"m","645":"l","646":"n","647":"s","648":"=","649":"\\","650":"\"","651":"h","652":"t","653":"t","654":"p","655":":","656":"/","657":"/","658":"w","659":"w","660":"w","661":".","662":"w","663":"3","664":".","665":"o","666":"r","667":"g","668":"/","669":"2","670":"0","671":"0","672":"0","673":"/","674":"s","675":"v","676":"g","677":"\\","678":"\"","679":">","680":"\\","681":"r","682":"\\","683":"n","684":" ","685":" ","686":" ","687":" ","688":" ","689":" ","690":" ","691":" ","692":" ","693":" ","694":" ","695":" ","696":" ","697":" ","698":" ","699":" ","700":" ","701":" ","702":" ","703":" ","704":"<","705":"g","706":" ","707":"i","708":"d","709":"=","710":"\\","711":"\"","712":"L","713":"a","714":"y","715":"e","716":"r","717":"_","718":"1","719":"\\","720":"\"","721":">","722":"\\","723":"r","724":"\\","725":"n","726":" ","727":" ","728":" ","729":" ","730":" ","731":" ","732":" ","733":" ","734":" ","735":" ","736":" ","737":" ","738":" ","739":" ","740":" ","741":" ","742":" ","743":" ","744":" ","745":" ","746":" ","747":" ","748":" ","749":" ","750":"<","751":"t","752":"i","753":"t","754":"l","755":"e","756":">","757":"L","758":"a","759":"y","760":"e","761":"r","762":" ","763":"1","764":"<","765":"/","766":"t","767":"i","768":"t","769":"l","770":"e","771":">","772":"\\","773":"r","774":"\\","775":"n","776":" ","777":" ","778":" ","779":" ","780":" ","781":" ","782":" ","783":" ","784":" ","785":" ","786":" ","787":" ","788":" ","789":" ","790":" ","791":" ","792":" ","793":" ","794":" ","795":" ","796":" ","797":" ","798":" ","799":" ","800":"<","801":"g","802":" ","803":"s","804":"t","805":"r","806":"o","807":"k","808":"e","809":"=","810":"\\","811":"\"","812":"n","813":"u","814":"l","815":"l","816":"\\","817":"\"","818":" ","819":"i","820":"d","821":"=","822":"\\","823":"\"","824":"s","825":"v","826":"g","827":"_","828":"1","829":"8","830":"\\","831":"\"","832":">","833":"\\","834":"r","835":"\\","836":"n","837":" ","838":" ","839":" ","840":" ","841":" ","842":" ","843":" ","844":" ","845":" ","846":" ","847":" ","848":" ","849":" ","850":" ","851":" ","852":" ","853":" ","854":" ","855":" ","856":" ","857":" ","858":" ","859":" ","860":" ","861":" ","862":" ","863":" ","864":" ","865":"<","866":"p","867":"a","868":"t","869":"h","870":" ","871":"s","872":"t","873":"r","874":"o","875":"k","876":"e","877":"=","878":"\\","879":"\"","880":"#","881":"F","882":"F","883":"B","884":"2","885":"7","886":"C","887":"\\","888":"\"","889":"\\","890":"r","891":"\\","892":"n","893":" ","894":" ","895":" ","896":" ","897":" ","898":" ","899":" ","900":" ","901":" ","902":" ","903":" ","904":" ","905":" ","906":" ","907":" ","908":" ","909":" ","910":" ","911":" ","912":" ","913":" ","914":" ","915":" ","916":" ","917":" ","918":" ","919":" ","920":" ","921":" ","922":" ","923":" ","924":" ","925":" ","926":" ","927":"d","928":"=","929":"\\","930":"\"","931":"m","932":"1","933":"5","934":".","935":"6","936":"1","937":"5","938":"9","939":"2","940":",","941":"0","942":".","943":"7","944":"1","945":"1","946":"4","947":"c","948":"-","949":"0","950":".","951":"1","952":"0","953":"5","954":"9","955":"3","956":",","957":"0","958":".","959":"3","960":"8","961":"2","962":"6","963":"1","964":" ","965":"-","966":"0","967":".","968":"9","969":"5","970":"2","971":"3","972":"7","973":",","974":"1","975":".","976":"8","977":"2","978":"0","979":"6","980":"6","981":" ","982":"-","983":"2","984":".","985":"0","986":"1","987":"2","988":"6","989":"5","990":",","991":"3","992":".","993":"6","994":"9","995":"8","996":"6","997":"c","998":"-","999":"0","1000":".","1001":"8","1002":"2","1003":"7","1004":"3","1005":"1","1006":",","1007":"1","1008":".","1009":"4","1010":"6","1011":"5","1012":"3","1013":"2","1014":" ","1015":"-","1016":"1","1017":".","1018":"1","1019":"3","1020":"6","1021":"9","1022":"6","1023":",","1024":"2","1025":".","1026":"4","1027":"5","1028":"2","1029":"9","1030":"1","1031":" ","1032":"-","1033":"1","1034":".","1035":"6","1036":"9","1037":"4","1038":"8","1039":"6","1040":",","1041":"3","1042":".","1043":"1","1044":"8","1045":"8","1046":"4","1047":"5","1048":"c","1049":"-","1050":"0","1051":".","1052":"7","1053":"0","1054":"7","1055":"1","1056":"4","1057":",","1058":"0","1059":".","1060":"9","1061":"3","1062":"2","1063":"3","1064":" ","1065":"-","1066":"1","1067":".","1068":"4","1069":"0","1070":"3","1071":"9","1072":"8","1073":",","1074":"1","1075":".","1076":"8","1077":"9","1078":"1","1079":"1","1080":"1","1081":" ","1082":"-","1083":"2","1084":".","1085":"3","1086":"3","1087":"0","1088":"4","1089":"3","1090":",","1091":"3","1092":".","1093":"5","1094":"7","1095":"1","1096":"0","1097":"7","1098":"c","1099":"-","1100":"0","1101":".","1102":"7","1103":"6","1104":"3","1105":"9","1106":"7","1107":",","1108":"1","1109":".","1110":"3","1111":"8","1112":"5","1113":"3","1114":"3","1115":" ","1116":"-","1117":"1","1118":".","1119":"3","1120":"5","1121":"8","1122":",","1123":"2","1124":".","1125":"8","1126":"0","1127":"7","1128":"8","1129":"9","1130":" ","1131":"-","1132":"2","1133":".","1134":"0","1135":"1","1136":"2","1137":"6","1138":"5","1139":",","1140":"3","1141":".","1142":"5","1143":"7","1144":"1","1145":"0","1146":"7","1147":"c","1148":"-","1149":"0","1150":".","1151":"5","1152":"4","1153":"8","1154":"7","1155":"7","1156":",","1157":"0","1158":".","1159":"6","1160":"3","1161":"9","1162":"7","1163":"5","1164":" ","1165":"-","1166":"1","1167":".","1168":"0","1169":"5","1170":"9","1171":"2","1172":"9","1173":",","1174":"1","1175":".","1176":"0","1177":"2","1178":"0","1179":"3","1180":" ","1181":"-","1182":"1","1183":".","1184":"4","1185":"8","1186":"3","1187":",","1188":"1","1189":".","1190":"5","1191":"3","1192":"0","1193":"4","1194":"6","1195":"c","1196":"-","1197":"0","1198":".","1199":"6","1200":"3","1201":"5","1202":"5","1203":"7","1204":",","1205":"0","1206":".","1207":"7","1208":"6","1209":"5","1210":"2","1211":"3","1212":" ","1213":"-","1214":"1","1215":".","1216":"1","1217":"6","1218":"5","1219":"2","1220":"2","1221":",","1222":"1","1223":".","1224":"6","1225":"5","1226":"7","1227":"9","1228":"9","1229":" ","1230":"-","1231":"1","1232":".","1233":"3","1234":"7","1235":"7","1236":"0","1237":"7","1238":",","1239":"2","1240":".","1241":"1","1242":"6","1243":"8","1244":"1","1245":"5","1246":"l","1247":"-","1248":"0","1249":".","1250":"1","1251":"0","1252":"5","1253":"9","1254":"3","1255":",","1256":"0","1257":"\\","1258":"\"","1259":"\\","1260":"r","1261":"\\","1262":"n","1263":" ","1264":" ","1265":" ","1266":" ","1267":" ","1268":" ","1269":" ","1270":" ","1271":" ","1272":" ","1273":" ","1274":" ","1275":" ","1276":" ","1277":" ","1278":" ","1279":" ","1280":" ","1281":" ","1282":" ","1283":" ","1284":" ","1285":" ","1286":" ","1287":" ","1288":" ","1289":" ","1290":" ","1291":" ","1292":" ","1293":" ","1294":" ","1295":" ","1296":" ","1297":"i","1298":"d","1299":"=","1300":"\\","1301":"\"","1302":"s","1303":"v","1304":"g","1305":"_","1306":"1","1307":"\\","1308":"\"","1309":" ","1310":"s","1311":"t","1312":"r","1313":"o","1314":"k","1315":"e","1316":"-","1317":"w","1318":"i","1319":"d","1320":"t","1321":"h","1322":"=","1323":"\\","1324":"\"","1325":"0","1326":"\\","1327":"\"","1328":" ","1329":"f","1330":"i","1331":"l","1332":"l","1333":"=","1334":"\\","1335":"\"","1336":"n","1337":"o","1338":"n","1339":"e","1340":"\\","1341":"\"","1342":"/","1343":">","1344":"\\","1345":"r","1346":"\\","1347":"n","1348":" ","1349":" ","1350":" ","1351":" ","1352":" ","1353":" ","1354":" ","1355":" ","1356":" ","1357":" ","1358":" ","1359":" ","1360":" ","1361":" ","1362":" ","1363":" ","1364":" ","1365":" ","1366":" ","1367":" ","1368":" ","1369":" ","1370":" ","1371":" ","1372":" ","1373":" ","1374":" ","1375":" ","1376":"<","1377":"p","1378":"a","1379":"t","1380":"h","1381":" ","1382":"s","1383":"t","1384":"r","1385":"o","1386":"k","1387":"e","1388":"=","1389":"\\","1390":"\"","1391":"#","1392":"F","1393":"F","1394":"B","1395":"2","1396":"7","1397":"C","1398":"\\","1399":"\"","1400":"\\","1401":"r","1402":"\\","1403":"n","1404":" ","1405":" ","1406":" ","1407":" ","1408":" ","1409":" ","1410":" ","1411":" ","1412":" ","1413":" ","1414":" ","1415":" ","1416":" ","1417":" ","1418":" ","1419":" ","1420":" ","1421":" ","1422":" ","1423":" ","1424":" ","1425":" ","1426":" ","1427":" ","1428":" ","1429":" ","1430":" ","1431":" ","1432":" ","1433":" ","1434":" ","1435":" ","1436":" ","1437":" ","1438":"d","1439":"=","1440":"\\","1441":"\"","1442":"m","1443":"1","1444":"4","1445":".","1446":"2","1447":"3","1448":"8","1449":"8","1450":"5","1451":",","1452":"1","1453":".","1454":"3","1455":"4","1456":"9","1457":"0","1458":"9","1459":"c","1460":"0","1461":",","1462":"0","1463":".","1464":"1","1465":"2","1466":"7","1467":"5","1468":"4","1469":" ","1470":"-","1471":"0","1472":".","1473":"1","1474":"2","1475":"3","1476":"7","1477":"5","1478":",","1479":"0","1480":".","1481":"1","1482":"0","1483":"9","1484":"5","1485":"9","1486":" ","1487":"-","1488":"0","1489":".","1490":"7","1491":"4","1492":"1","1493":"5","1494":",","1495":"1","1496":".","1497":"0","1498":"2","1499":"0","1500":"3","1501":"c","1502":"-","1503":"0","1504":".","1505":"7","1506":"6","1507":"3","1508":"9","1509":"7","1510":",","1511":"1","1512":".","1513":"1","1514":"2","1515":"6","1516":"2","1517":"8","1518":" ","1519":"-","1520":"1","1521":".","1522":"5","1523":"7","1524":"1","1525":"6","1526":"7","1527":",","1528":"2","1529":".","1530":"1","1531":"8","1532":"2","1533":"9","1534":"5","1535":" ","1536":"-","1537":"2","1538":".","1539":"3","1540":"3","1541":"0","1542":"4","1543":"3","1544":",","1545":"3","1546":".","1547":"4","1548":"4","1549":"3","1550":"5","1551":"3","1552":"c","1553":"-","1554":"0","1555":".","1556":"9","1557":"3","1558":"2","1559":"4","1560":",","1561":"1","1562":".","1563":"5","1564":"4","1565":"9","1566":"0","1567":"6","1568":" ","1569":"-","1570":"1","1571":".","1572":"8","1573":"1","1574":"8","1575":"1","1576":"7","1577":",","1578":"3","1579":".","1580":"0","1581":"1","1582":"7","1583":"4","1584":"8","1585":" ","1586":"-","1587":"2","1588":".","1589":"7","1590":"5","1591":"4","1592":"1","1593":"5","1594":",","1595":"4","1596":".","1597":"3","1598":"3","1599":"6","1600":"2","1601":"9","1602":"c","1603":"-","1604":"0","1605":".","1606":"6","1607":"8","1608":"1","1609":"2","1610":"3","1611":",","1612":"0","1613":".","1614":"9","1615":"5","1616":"9","1617":"8","1618":"6","1619":" ","1620":"-","1621":"1","1622":".","1623":"2","1624":"1","1625":"0","1626":"5","1627":"8","1628":",","1629":"1","1630":".","1631":"7","1632":"1","1633":"1","1634":"9","1635":"9","1636":" ","1637":"-","1638":"1","1639":".","1640":"6","1641":"9","1642":"4","1643":"8","1644":"6","1645":",","1646":"2","1647":".","1648":"4","1649":"2","1650":"3","1651":"2","1652":"2","1653":"c","1654":"-","1655":"0","1656":".","1657":"4","1658":"7","1659":"4","1660":"8","1661":"8","1662":",","1663":"0","1664":".","1665":"6","1666":"9","1667":"7","1668":"4","1669":"2","1670":" ","1671":"-","1672":"0","1673":".","1674":"8","1675":"4","1676":"2","1677":"1","1678":"5","1679":",","1680":"1","1681":".","1682":"2","1683":"8","1684":"0","1685":"5","1686":"1","1687":" ","1688":"-","1689":"1","1690":".","1691":"2","1692":"7","1693":"1","1694":"1","1695":"4","1696":",","1697":"1","1698":".","1699":"9","1700":"1","1701":"3","1702":"0","1703":"7","1704":"c","1705":"-","1706":"0","1707":".","1708":"5","1709":"2","1710":"3","1711":"2","1712":"6","1713":",","1714":"0","1715":".","1716":"7","1717":"7","1718":"1","1719":"5","1720":"7","1721":" ","1722":"-","1723":"0","1724":".","1725":"9","1726":"8","1727":"4","1728":"4","1729":"6","1730":",","1731":"1","1732":".","1733":"3","1734":"6","1735":"8","1736":"0","1737":"4","1738":" ","1739":"-","1740":"1","1741":".","1742":"3","1743":"7","1744":"7","1745":"0","1746":"7","1747":",","1748":"1","1749":".","1750":"9","1751":"1","1752":"3","1753":"0","1754":"7","1755":"c","1756":"-","1757":"0","1758":".","1759":"3","1760":"4","1761":"7","1762":"0","1763":"2","1764":",","1765":"0","1766":".","1767":"4","1768":"8","1769":"1","1770":"7","1771":"5","1772":" ","1773":"-","1774":"0","1775":".","1776":"4","1777":"2","1778":"3","1779":"7","1780":"1","1781":",","1782":"0","1783":".","1784":"6","1785":"3","1786":"7","1787":"6","1788":"9","1789":" ","1790":"-","1791":"0","1792":".","1793":"5","1794":"2","1795":"9","1796":"6","1797":"4","1798":",","1799":"0","1800":".","1801":"8","1802":"9","1803":"2","1804":"7","1805":"7","1806":"l","1807":"-","1808":"0","1809":".","1810":"2","1811":"1","1812":"1","1813":"8","1814":"6","1815":",","1816":"0","1817":".","1818":"1","1819":"2","1820":"7","1821":"5","1822":"4","1823":"\\","1824":"\"","1825":"\\","1826":"r","1827":"\\","1828":"n","1829":" ","1830":" ","1831":" ","1832":" ","1833":" ","1834":" ","1835":" ","1836":" ","1837":" ","1838":" ","1839":" ","1840":" ","1841":" ","1842":" ","1843":" ","1844":" ","1845":" ","1846":" ","1847":" ","1848":" ","1849":" ","1850":" ","1851":" ","1852":" ","1853":" ","1854":" ","1855":" ","1856":" ","1857":" ","1858":" ","1859":" ","1860":" ","1861":" ","1862":" ","1863":"i","1864":"d","1865":"=","1866":"\\","1867":"\"","1868":"s","1869":"v","1870":"g","1871":"_","1872":"2","1873":"\\","1874":"\"","1875":" ","1876":"s","1877":"t","1878":"r","1879":"o","1880":"k","1881":"e","1882":"-","1883":"w","1884":"i","1885":"d","1886":"t","1887":"h","1888":"=","1889":"\\","1890":"\"","1891":"0","1892":"\\","1893":"\"","1894":" ","1895":"f","1896":"i","1897":"l","1898":"l","1899":"=","1900":"\\","1901":"\"","1902":"n","1903":"o","1904":"n","1905":"e","1906":"\\","1907":"\"","1908":"/","1909":">","1910":"\\","1911":"r","1912":"\\","1913":"n","1914":" ","1915":" ","1916":" ","1917":" ","1918":" ","1919":" ","1920":" ","1921":" ","1922":" ","1923":" ","1924":" ","1925":" ","1926":" ","1927":" ","1928":" ","1929":" ","1930":" ","1931":" ","1932":" ","1933":" ","1934":" ","1935":" ","1936":" ","1937":" ","1938":" ","1939":" ","1940":" ","1941":" ","1942":"<","1943":"p","1944":"a","1945":"t","1946":"h","1947":" ","1948":"s","1949":"t","1950":"r","1951":"o","1952":"k","1953":"e","1954":"=","1955":"\\","1956":"\"","1957":"n","1958":"u","1959":"l","1960":"l","1961":"\\","1962":"\"","1963":" ","1964":"i","1965":"d","1966":"=","1967":"\\","1968":"\"","1969":"s","1970":"v","1971":"g","1972":"_","1973":"6","1974":"\\","1975":"\"","1976":"\\","1977":"r","1978":"\\","1979":"n","1980":" ","1981":" ","1982":" ","1983":" ","1984":" ","1985":" ","1986":" ","1987":" ","1988":" ","1989":" ","1990":" ","1991":" ","1992":" ","1993":" ","1994":" ","1995":" ","1996":" ","1997":" ","1998":" ","1999":" ","2000":" ","2001":" ","2002":" ","2003":" ","2004":" ","2005":" ","2006":" ","2007":" ","2008":" ","2009":" ","2010":" ","2011":" ","2012":" ","2013":" ","2014":"d","2015":"=","2016":"\\","2017":"\"","2018":"m","2019":"-","2020":"0","2021":".","2022":"4","2023":"0","2024":"3","2025":"2","2026":"1","2027":",","2028":"5","2029":".","2030":"4","2031":"7","2032":"8","2033":"0","2034":"8","2035":"l","2036":"3","2037":".","2038":"0","2039":"3","2040":"0","2041":"5","2042":"1","2043":",","2044":"-","2045":"5","2046":".","2047":"9","2048":"6","2049":"7","2050":"8","2051":"4","2052":"l","2053":"3","2054":".","2055":"2","2056":"1","2057":"9","2058":"2","2059":"7","2060":",","2061":"6","2062":".","2063":"3","2064":"3","2065":"9","2066":"5","2067":"l","2068":"3","2069":".","2070":"2","2071":"1","2072":"9","2073":"2","2074":"7","2075":",","2076":"-","2077":"6","2078":".","2079":"3","2080":"3","2081":"9","2082":"5","2083":"l","2084":"3","2085":".","2086":"0","2087":"3","2088":"0","2089":"5","2090":"4","2091":",","2092":"5","2093":".","2094":"9","2095":"6","2096":"7","2097":"8","2098":"4","2099":"l","2100":"-","2101":"3","2102":".","2103":"2","2104":"1","2105":"9","2106":"2","2107":"7","2108":",","2109":"6","2110":".","2111":"3","2112":"3","2113":"9","2114":"5","2115":"5","2116":"l","2117":"3","2118":".","2119":"2","2120":"1","2121":"9","2122":"2","2123":"7","2124":",","2125":"6","2126":".","2127":"3","2128":"3","2129":"9","2130":"5","2131":"5","2132":"l","2133":"-","2134":"3","2135":".","2136":"0","2137":"3","2138":"0","2139":"5","2140":"4","2141":",","2142":"5","2143":".","2144":"9","2145":"6","2146":"7","2147":"9","2148":"l","2149":"-","2150":"3","2151":".","2152":"2","2153":"1","2154":"9","2155":"2","2156":"7","2157":",","2158":"-","2159":"6","2160":".","2161":"3","2162":"3","2163":"9","2164":"5","2165":"5","2166":"l","2167":"-","2168":"3","2169":".","2170":"2","2171":"1","2172":"9","2173":"2","2174":"7","2175":",","2176":"6","2177":".","2178":"3","2179":"3","2180":"9","2181":"5","2182":"5","2183":"l","2184":"-","2185":"3","2186":".","2187":"0","2188":"3","2189":"0","2190":"5","2191":"1","2192":",","2193":"-","2194":"5","2195":".","2196":"9","2197":"6","2198":"7","2199":"9","2200":"l","2201":"3","2202":".","2203":"2","2204":"1","2205":"9","2206":"2","2207":"4","2208":",","2209":"-","2210":"6","2211":".","2212":"3","2213":"3","2214":"9","2215":"5","2216":"5","2217":"l","2218":"-","2219":"3","2220":".","2221":"2","2222":"1","2223":"9","2224":"2","2225":"4","2226":",","2227":"-","2228":"6","2229":".","2230":"3","2231":"3","2232":"9","2233":"5","2234":"5","2235":"z","2236":"\\","2237":"\"","2238":"\\","2239":"r","2240":"\\","2241":"n","2242":" ","2243":" ","2244":" ","2245":" ","2246":" ","2247":" ","2248":" ","2249":" ","2250":" ","2251":" ","2252":" ","2253":" ","2254":" ","2255":" ","2256":" ","2257":" ","2258":" ","2259":" ","2260":" ","2261":" ","2262":" ","2263":" ","2264":" ","2265":" ","2266":" ","2267":" ","2268":" ","2269":" ","2270":" ","2271":" ","2272":" ","2273":" ","2274":" ","2275":" ","2276":"s","2277":"t","2278":"r","2279":"o","2280":"k","2281":"e","2282":"-","2283":"w","2284":"i","2285":"d","2286":"t","2287":"h","2288":"=","2289":"\\","2290":"\"","2291":"0","2292":"\\","2293":"\"","2294":" ","2295":"f","2296":"i","2297":"l","2298":"l","2299":"=","2300":"\\","2301":"\"","2302":"#","2303":"5","2304":"b","2305":"9","2306":"d","2307":"f","2308":"f","2309":"\\","2310":"\"","2311":"/","2312":">","2313":"\\","2314":"r","2315":"\\","2316":"n","2317":" ","2318":" ","2319":" ","2320":" ","2321":" ","2322":" ","2323":" ","2324":" ","2325":" ","2326":" ","2327":" ","2328":" ","2329":" ","2330":" ","2331":" ","2332":" ","2333":" ","2334":" ","2335":" ","2336":" ","2337":" ","2338":" ","2339":" ","2340":" ","2341":" ","2342":" ","2343":" ","2344":" ","2345":"<","2346":"p","2347":"a","2348":"t","2349":"h","2350":" ","2351":"s","2352":"t","2353":"r","2354":"o","2355":"k","2356":"e","2357":"=","2358":"\\","2359":"\"","2360":"n","2361":"u","2362":"l","2363":"l","2364":"\\","2365":"\"","2366":" ","2367":"i","2368":"d","2369":"=","2370":"\\","2371":"\"","2372":"s","2373":"v","2374":"g","2375":"_","2376":"1","2377":"4","2378":"\\","2379":"\"","2380":"\\","2381":"r","2382":"\\","2383":"n","2384":" ","2385":" ","2386":" ","2387":" ","2388":" ","2389":" ","2390":" ","2391":" ","2392":" ","2393":" ","2394":" ","2395":" ","2396":" ","2397":" ","2398":" ","2399":" ","2400":" ","2401":" ","2402":" ","2403":" ","2404":" ","2405":" ","2406":" ","2407":" ","2408":" ","2409":" ","2410":" ","2411":" ","2412":" ","2413":" ","2414":" ","2415":" ","2416":" ","2417":" ","2418":"d","2419":"=","2420":"\\","2421":"\"","2422":"m","2423":"1","2424":"2","2425":".","2426":"4","2427":"1","2428":"4","2429":"1","2430":"6","2431":",","2432":"5","2433":".","2434":"4","2435":"7","2436":"8","2437":"0","2438":"8","2439":"l","2440":"3","2441":".","2442":"0","2443":"3","2444":"0","2445":"5","2446":"1","2447":",","2448":"-","2449":"5","2450":".","2451":"9","2452":"6","2453":"7","2454":"8","2455":"4","2456":"l","2457":"3","2458":".","2459":"2","2460":"1","2461":"9","2462":"2","2463":"7","2464":",","2465":"6","2466":".","2467":"3","2468":"3","2469":"9","2470":"5","2471":"l","2472":"3","2473":".","2474":"2","2475":"1","2476":"9","2477":"2","2478":"7","2479":",","2480":"-","2481":"6","2482":".","2483":"3","2484":"3","2485":"9","2486":"5","2487":"l","2488":"3","2489":".","2490":"0","2491":"3","2492":"0","2493":"5","2494":"4","2495":",","2496":"5","2497":".","2498":"9","2499":"6","2500":"7","2501":"8","2502":"4","2503":"l","2504":"-","2505":"3","2506":".","2507":"2","2508":"1","2509":"9","2510":"2","2511":"7","2512":",","2513":"6","2514":".","2515":"3","2516":"3","2517":"9","2518":"5","2519":"5","2520":"l","2521":"3","2522":".","2523":"2","2524":"1","2525":"9","2526":"2","2527":"7","2528":",","2529":"6","2530":".","2531":"3","2532":"3","2533":"9","2534":"5","2535":"5","2536":"l","2537":"-","2538":"3","2539":".","2540":"0","2541":"3","2542":"0","2543":"5","2544":"4","2545":",","2546":"5","2547":".","2548":"9","2549":"6","2550":"7","2551":"8","2552":"9","2553":"l","2554":"-","2555":"3","2556":".","2557":"2","2558":"1","2559":"9","2560":"2","2561":"7","2562":",","2563":"-","2564":"6","2565":".","2566":"3","2567":"3","2568":"9","2569":"5","2570":"5","2571":"l","2572":"-","2573":"3","2574":".","2575":"2","2576":"1","2577":"9","2578":"2","2579":"7","2580":",","2581":"6","2582":".","2583":"3","2584":"3","2585":"9","2586":"5","2587":"5","2588":"l","2589":"-","2590":"3","2591":".","2592":"0","2593":"3","2594":"0","2595":"5","2596":"1","2597":",","2598":"-","2599":"5","2600":".","2601":"9","2602":"6","2603":"7","2604":"8","2605":"9","2606":"l","2607":"3","2608":".","2609":"2","2610":"1","2611":"9","2612":"2","2613":"4","2614":",","2615":"-","2616":"6","2617":".","2618":"3","2619":"3","2620":"9","2621":"5","2622":"5","2623":"l","2624":"-","2625":"3","2626":".","2627":"2","2628":"1","2629":"9","2630":"2","2631":"4","2632":",","2633":"-","2634":"6","2635":".","2636":"3","2637":"3","2638":"9","2639":"5","2640":"5","2641":"z","2642":"\\","2643":"\"","2644":"\\","2645":"r","2646":"\\","2647":"n","2648":" ","2649":" ","2650":" ","2651":" ","2652":" ","2653":" ","2654":" ","2655":" ","2656":" ","2657":" ","2658":" ","2659":" ","2660":" ","2661":" ","2662":" ","2663":" ","2664":" ","2665":" ","2666":" ","2667":" ","2668":" ","2669":" ","2670":" ","2671":" ","2672":" ","2673":" ","2674":" ","2675":" ","2676":" ","2677":" ","2678":" ","2679":" ","2680":" ","2681":" ","2682":"s","2683":"t","2684":"r","2685":"o","2686":"k","2687":"e","2688":"-","2689":"w","2690":"i","2691":"d","2692":"t","2693":"h","2694":"=","2695":"\\","2696":"\"","2697":"0","2698":"\\","2699":"\"","2700":" ","2701":"f","2702":"i","2703":"l","2704":"l","2705":"=","2706":"\\","2707":"\"","2708":"#","2709":"F","2710":"F","2711":"A","2712":"A","2713":"B","2714":"8","2715":"\\","2716":"\"","2717":"/","2718":">","2719":"\\","2720":"r","2721":"\\","2722":"n","2723":" ","2724":" ","2725":" ","2726":" ","2727":" ","2728":" ","2729":" ","2730":" ","2731":" ","2732":" ","2733":" ","2734":" ","2735":" ","2736":" ","2737":" ","2738":" ","2739":" ","2740":" ","2741":" ","2742":" ","2743":" ","2744":" ","2745":" ","2746":" ","2747":" ","2748":" ","2749":" ","2750":" ","2751":"<","2752":"p","2753":"a","2754":"t","2755":"h","2756":" ","2757":"s","2758":"t","2759":"r","2760":"o","2761":"k","2762":"e","2763":"=","2764":"\\","2765":"\"","2766":"n","2767":"u","2768":"l","2769":"l","2770":"\\","2771":"\"","2772":" ","2773":"i","2774":"d","2775":"=","2776":"\\","2777":"\"","2778":"s","2779":"v","2780":"g","2781":"_","2782":"1","2783":"5","2784":"\\","2785":"\"","2786":"\\","2787":"r","2788":"\\","2789":"n","2790":" ","2791":" ","2792":" ","2793":" ","2794":" ","2795":" ","2796":" ","2797":" ","2798":" ","2799":" ","2800":" ","2801":" ","2802":" ","2803":" ","2804":" ","2805":" ","2806":" ","2807":" ","2808":" ","2809":" ","2810":" ","2811":" ","2812":" ","2813":" ","2814":" ","2815":" ","2816":" ","2817":" ","2818":" ","2819":" ","2820":" ","2821":" ","2822":" ","2823":" ","2824":"d","2825":"=","2826":"\\","2827":"\"","2828":"m","2829":"2","2830":"5","2831":".","2832":"4","2833":"4","2834":"3","2835":"3","2836":"9","2837":",","2838":"5","2839":".","2840":"8","2841":"6","2842":"0","2843":"7","2844":"l","2845":"3","2846":".","2847":"0","2848":"3","2849":"0","2850":"5","2851":"1","2852":",","2853":"-","2854":"5","2855":".","2856":"9","2857":"6","2858":"7","2859":"8","2860":"4","2861":"l","2862":"3","2863":".","2864":"2","2865":"1","2866":"9","2867":"2","2868":"7","2869":",","2870":"6","2871":".","2872":"3","2873":"3","2874":"9","2875":"5","2876":"l","2877":"3","2878":".","2879":"2","2880":"1","2881":"9","2882":"2","2883":"7","2884":",","2885":"-","2886":"6","2887":".","2888":"3","2889":"3","2890":"9","2891":"5","2892":"l","2893":"3","2894":".","2895":"0","2896":"3","2897":"0","2898":"5","2899":"4","2900":",","2901":"5","2902":".","2903":"9","2904":"6","2905":"7","2906":"8","2907":"4","2908":"l","2909":"-","2910":"3","2911":".","2912":"2","2913":"1","2914":"9","2915":"2","2916":"7","2917":",","2918":"6","2919":".","2920":"3","2921":"3","2922":"9","2923":"5","2924":"5","2925":"l","2926":"3","2927":".","2928":"2","2929":"1","2930":"9","2931":"2","2932":"7","2933":",","2934":"6","2935":".","2936":"3","2937":"3","2938":"9","2939":"5","2940":"5","2941":"l","2942":"-","2943":"3","2944":".","2945":"0","2946":"3","2947":"0","2948":"5","2949":"4","2950":",","2951":"5","2952":".","2953":"9","2954":"6","2955":"7","2956":"8","2957":"9","2958":"l","2959":"-","2960":"3","2961":".","2962":"2","2963":"1","2964":"9","2965":"2","2966":"7","2967":",","2968":"-","2969":"6","2970":".","2971":"3","2972":"3","2973":"9","2974":"5","2975":"5","2976":"l","2977":"-","2978":"3","2979":".","2980":"2","2981":"1","2982":"9","2983":"2","2984":"7","2985":",","2986":"6","2987":".","2988":"3","2989":"3","2990":"9","2991":"5","2992":"5","2993":"l","2994":"-","2995":"3","2996":".","2997":"0","2998":"3","2999":"0","3000":"5","3001":"1","3002":",","3003":"-","3004":"5","3005":".","3006":"9","3007":"6","3008":"7","3009":"8","3010":"9","3011":"l","3012":"3","3013":".","3014":"2","3015":"1","3016":"9","3017":"2","3018":"4","3019":",","3020":"-","3021":"6","3022":".","3023":"3","3024":"3","3025":"9","3026":"5","3027":"5","3028":"l","3029":"-","3030":"3","3031":".","3032":"2","3033":"1","3034":"9","3035":"2","3036":"4","3037":",","3038":"-","3039":"6","3040":".","3041":"3","3042":"3","3043":"9","3044":"5","3045":"5","3046":"z","3047":"\\","3048":"\"","3049":"\\","3050":"r","3051":"\\","3052":"n","3053":" ","3054":" ","3055":" ","3056":" ","3057":" ","3058":" ","3059":" ","3060":" ","3061":" ","3062":" ","3063":" ","3064":" ","3065":" ","3066":" ","3067":" ","3068":" ","3069":" ","3070":" ","3071":" ","3072":" ","3073":" ","3074":" ","3075":" ","3076":" ","3077":" ","3078":" ","3079":" ","3080":" ","3081":" ","3082":" ","3083":" ","3084":" ","3085":" ","3086":" ","3087":"s","3088":"t","3089":"r","3090":"o","3091":"k","3092":"e","3093":"-","3094":"w","3095":"i","3096":"d","3097":"t","3098":"h","3099":"=","3100":"\\","3101":"\"","3102":"0","3103":"\\","3104":"\"","3105":" ","3106":"f","3107":"i","3108":"l","3109":"l","3110":"=","3111":"\\","3112":"\"","3113":"#","3114":"F","3115":"F","3116":"F","3117":"0","3118":"9","3119":"3","3120":"\\","3121":"\"","3122":"/","3123":">","3124":"\\","3125":"r","3126":"\\","3127":"n","3128":" ","3129":" ","3130":" ","3131":" ","3132":" ","3133":" ","3134":" ","3135":" ","3136":" ","3137":" ","3138":" ","3139":" ","3140":" ","3141":" ","3142":" ","3143":" ","3144":" ","3145":" ","3146":" ","3147":" ","3148":" ","3149":" ","3150":" ","3151":" ","3152":" ","3153":" ","3154":" ","3155":" ","3156":"<","3157":"p","3158":"a","3159":"t","3160":"h","3161":" ","3162":"s","3163":"t","3164":"r","3165":"o","3166":"k","3167":"e","3168":"=","3169":"\\","3170":"\"","3171":"n","3172":"u","3173":"l","3174":"l","3175":"\\","3176":"\"","3177":" ","3178":"i","3179":"d","3180":"=","3181":"\\","3182":"\"","3183":"s","3184":"v","3185":"g","3186":"_","3187":"1","3188":"6","3189":"\\","3190":"\"","3191":"\\","3192":"r","3193":"\\","3194":"n","3195":" ","3196":" ","3197":" ","3198":" ","3199":" ","3200":" ","3201":" ","3202":" ","3203":" ","3204":" ","3205":" ","3206":" ","3207":" ","3208":" ","3209":" ","3210":" ","3211":" ","3212":" ","3213":" ","3214":" ","3215":" ","3216":" ","3217":" ","3218":" ","3219":" ","3220":" ","3221":" ","3222":" ","3223":" ","3224":" ","3225":" ","3226":" ","3227":" ","3228":" ","3229":"d","3230":"=","3231":"\\","3232":"\"","3233":"m","3234":"3","3235":"8","3236":".","3237":"1","3238":"5","3239":"4","3240":"8","3241":"3","3242":",","3243":"5","3244":".","3245":"9","3246":"8","3247":"8","3248":"2","3249":"4","3250":"l","3251":"3","3252":".","3253":"0","3254":"3","3255":"0","3256":"5","3257":"1","3258":",","3259":"-","3260":"5","3261":".","3262":"9","3263":"6","3264":"7","3265":"8","3266":"4","3267":"l","3268":"3","3269":".","3270":"2","3271":"1","3272":"9","3273":"2","3274":"7","3275":",","3276":"6","3277":".","3278":"3","3279":"3","3280":"9","3281":"5","3282":"l","3283":"3","3284":".","3285":"2","3286":"1","3287":"9","3288":"2","3289":"7","3290":",","3291":"-","3292":"6","3293":".","3294":"3","3295":"3","3296":"9","3297":"5","3298":"l","3299":"3","3300":".","3301":"0","3302":"3","3303":"0","3304":"5","3305":"4","3306":",","3307":"5","3308":".","3309":"9","3310":"6","3311":"7","3312":"8","3313":"4","3314":"l","3315":"-","3316":"3","3317":".","3318":"2","3319":"1","3320":"9","3321":"2","3322":"7","3323":",","3324":"6","3325":".","3326":"3","3327":"3","3328":"9","3329":"5","3330":"5","3331":"l","3332":"3","3333":".","3334":"2","3335":"1","3336":"9","3337":"2","3338":"7","3339":",","3340":"6","3341":".","3342":"3","3343":"3","3344":"9","3345":"5","3346":"5","3347":"l","3348":"-","3349":"3","3350":".","3351":"0","3352":"3","3353":"0","3354":"5","3355":"4","3356":",","3357":"5","3358":".","3359":"9","3360":"6","3361":"7","3362":"8","3363":"9","3364":"l","3365":"-","3366":"3","3367":".","3368":"2","3369":"1","3370":"9","3371":"2","3372":"7","3373":",","3374":"-","3375":"6","3376":".","3377":"3","3378":"3","3379":"9","3380":"5","3381":"5","3382":"l","3383":"-","3384":"3","3385":".","3386":"2","3387":"1","3388":"9","3389":"2","3390":"7","3391":",","3392":"6","3393":".","3394":"3","3395":"3","3396":"9","3397":"5","3398":"5","3399":"l","3400":"-","3401":"3","3402":".","3403":"0","3404":"3","3405":"0","3406":"5","3407":"1","3408":",","3409":"-","3410":"5","3411":".","3412":"9","3413":"6","3414":"7","3415":"8","3416":"9","3417":"l","3418":"3","3419":".","3420":"2","3421":"1","3422":"9","3423":"2","3424":"4","3425":",","3426":"-","3427":"6","3428":".","3429":"3","3430":"3","3431":"9","3432":"5","3433":"5","3434":"l","3435":"-","3436":"3","3437":".","3438":"2","3439":"1","3440":"9","3441":"2","3442":"4","3443":",","3444":"-","3445":"6","3446":".","3447":"3","3448":"3","3449":"9","3450":"5","3451":"5","3452":"z","3453":"\\","3454":"\"","3455":"\\","3456":"r","3457":"\\","3458":"n","3459":" ","3460":" ","3461":" ","3462":" ","3463":" ","3464":" ","3465":" ","3466":" ","3467":" ","3468":" ","3469":" ","3470":" ","3471":" ","3472":" ","3473":" ","3474":" ","3475":" ","3476":" ","3477":" ","3478":" ","3479":" ","3480":" ","3481":" ","3482":" ","3483":" ","3484":" ","3485":" ","3486":" ","3487":" ","3488":" ","3489":" ","3490":" ","3491":" ","3492":" ","3493":"s","3494":"t","3495":"r","3496":"o","3497":"k","3498":"e","3499":"-","3500":"w","3501":"i","3502":"d","3503":"t","3504":"h","3505":"=","3506":"\\","3507":"\"","3508":"0","3509":"\\","3510":"\"","3511":" ","3512":"f","3513":"i","3514":"l","3515":"l","3516":"=","3517":"\\","3518":"\"","3519":"#","3520":"5","3521":"b","3522":"9","3523":"d","3524":"f","3525":"f","3526":"\\","3527":"\"","3528":"/","3529":">","3530":"\\","3531":"r","3532":"\\","3533":"n","3534":" ","3535":" ","3536":" ","3537":" ","3538":" ","3539":" ","3540":" ","3541":" ","3542":" ","3543":" ","3544":" ","3545":" ","3546":" ","3547":" ","3548":" ","3549":" ","3550":" ","3551":" ","3552":" ","3553":" ","3554":" ","3555":" ","3556":" ","3557":" ","3558":" ","3559":" ","3560":" ","3561":" ","3562":"<","3563":"p","3564":"a","3565":"t","3566":"h","3567":" ","3568":"s","3569":"t","3570":"r","3571":"o","3572":"k","3573":"e","3574":"=","3575":"\\","3576":"\"","3577":"n","3578":"u","3579":"l","3580":"l","3581":"\\","3582":"\"","3583":" ","3584":"i","3585":"d","3586":"=","3587":"\\","3588":"\"","3589":"s","3590":"v","3591":"g","3592":"_","3593":"1","3594":"7","3595":"\\","3596":"\"","3597":"\\","3598":"r","3599":"\\","3600":"n","3601":" ","3602":" ","3603":" ","3604":" ","3605":" ","3606":" ","3607":" ","3608":" ","3609":" ","3610":" ","3611":" ","3612":" ","3613":" ","3614":" ","3615":" ","3616":" ","3617":" ","3618":" ","3619":" ","3620":" ","3621":" ","3622":" ","3623":" ","3624":" ","3625":" ","3626":" ","3627":" ","3628":" ","3629":" ","3630":" ","3631":" ","3632":" ","3633":" ","3634":" ","3635":"d","3636":"=","3637":"\\","3638":"\"","3639":"m","3640":"5","3641":"0","3642":".","3643":"9","3644":"7","3645":"2","3646":"2","3647":",","3648":"5","3649":".","3650":"8","3651":"6","3652":"0","3653":"7","3654":"l","3655":"3","3656":".","3657":"0","3658":"3","3659":"0","3660":"5","3661":"1","3662":",","3663":"-","3664":"5","3665":".","3666":"9","3667":"6","3668":"7","3669":"8","3670":"4","3671":"l","3672":"3","3673":".","3674":"2","3675":"1","3676":"9","3677":"2","3678":"7","3679":",","3680":"6","3681":".","3682":"3","3683":"3","3684":"9","3685":"5","3686":"l","3687":"3","3688":".","3689":"2","3690":"1","3691":"9","3692":"2","3693":"7","3694":",","3695":"-","3696":"6","3697":".","3698":"3","3699":"3","3700":"9","3701":"5","3702":"l","3703":"3","3704":".","3705":"0","3706":"3","3707":"0","3708":"5","3709":"4","3710":",","3711":"5","3712":".","3713":"9","3714":"6","3715":"7","3716":"8","3717":"4","3718":"l","3719":"-","3720":"3","3721":".","3722":"2","3723":"1","3724":"9","3725":"2","3726":"7","3727":",","3728":"6","3729":".","3730":"3","3731":"3","3732":"9","3733":"5","3734":"5","3735":"l","3736":"3","3737":".","3738":"2","3739":"1","3740":"9","3741":"2","3742":"7","3743":",","3744":"6","3745":".","3746":"3","3747":"3","3748":"9","3749":"5","3750":"5","3751":"l","3752":"-","3753":"3","3754":".","3755":"0","3756":"3","3757":"0","3758":"5","3759":"4","3760":",","3761":"5","3762":".","3763":"9","3764":"6","3765":"7","3766":"8","3767":"9","3768":"l","3769":"-","3770":"3","3771":".","3772":"2","3773":"1","3774":"9","3775":"2","3776":"7","3777":",","3778":"-","3779":"6","3780":".","3781":"3","3782":"3","3783":"9","3784":"5","3785":"5","3786":"l","3787":"-","3788":"3","3789":".","3790":"2","3791":"1","3792":"9","3793":"2","3794":"7","3795":",","3796":"6","3797":".","3798":"3","3799":"3","3800":"9","3801":"5","3802":"5","3803":"l","3804":"-","3805":"3","3806":".","3807":"0","3808":"3","3809":"0","3810":"5","3811":"1","3812":",","3813":"-","3814":"5","3815":".","3816":"9","3817":"6","3818":"7","3819":"8","3820":"9","3821":"l","3822":"3","3823":".","3824":"2","3825":"1","3826":"9","3827":"2","3828":"4","3829":",","3830":"-","3831":"6","3832":".","3833":"3","3834":"3","3835":"9","3836":"5","3837":"5","3838":"l","3839":"-","3840":"3","3841":".","3842":"2","3843":"1","3844":"9","3845":"2","3846":"4","3847":",","3848":"-","3849":"6","3850":".","3851":"3","3852":"3","3853":"9","3854":"5","3855":"5","3856":"z","3857":"\\","3858":"\"","3859":"\\","3860":"r","3861":"\\","3862":"n","3863":" ","3864":" ","3865":" ","3866":" ","3867":" ","3868":" ","3869":" ","3870":" ","3871":" ","3872":" ","3873":" ","3874":" ","3875":" ","3876":" ","3877":" ","3878":" ","3879":" ","3880":" ","3881":" ","3882":" ","3883":" ","3884":" ","3885":" ","3886":" ","3887":" ","3888":" ","3889":" ","3890":" ","3891":" ","3892":" ","3893":" ","3894":" ","3895":" ","3896":" ","3897":"s","3898":"t","3899":"r","3900":"o","3901":"k","3902":"e","3903":"-","3904":"w","3905":"i","3906":"d","3907":"t","3908":"h","3909":"=","3910":"\\","3911":"\"","3912":"0","3913":"\\","3914":"\"","3915":" ","3916":"f","3917":"i","3918":"l","3919":"l","3920":"=","3921":"\\","3922":"\"","3923":"#","3924":"D","3925":"1","3926":"F","3927":"F","3928":"B","3929":"4","3930":"\\","3931":"\"","3932":"/","3933":">","3934":"\\","3935":"r","3936":"\\","3937":"n","3938":" ","3939":" ","3940":" ","3941":" ","3942":" ","3943":" ","3944":" ","3945":" ","3946":" ","3947":" ","3948":" ","3949":" ","3950":" ","3951":" ","3952":" ","3953":" ","3954":" ","3955":" ","3956":" ","3957":" ","3958":" ","3959":" ","3960":" ","3961":" ","3962":"<","3963":"/","3964":"g","3965":">","3966":"\\","3967":"r","3968":"\\","3969":"n","3970":" ","3971":" ","3972":" ","3973":" ","3974":" ","3975":" ","3976":" ","3977":" ","3978":" ","3979":" ","3980":" ","3981":" ","3982":" ","3983":" ","3984":" ","3985":" ","3986":" ","3987":" ","3988":" ","3989":" ","3990":" ","3991":" ","3992":" ","3993":" ","3994":"<","3995":"p","3996":"a","3997":"t","3998":"h","3999":" ","4000":"s","4001":"t","4002":"r","4003":"o","4004":"k","4005":"e","4006":"=","4007":"\\","4008":"\"","4009":"n","4010":"u","4011":"l","4012":"l","4013":"\\","4014":"\"","4015":" ","4016":"i","4017":"d","4018":"=","4019":"\\","4020":"\"","4021":"s","4022":"v","4023":"g","4024":"_","4025":"1","4026":"9","4027":"\\","4028":"\"","4029":"\\","4030":"r","4031":"\\","4032":"n","4033":" ","4034":" ","4035":" ","4036":" ","4037":" ","4038":" ","4039":" ","4040":" ","4041":" ","4042":" ","4043":" ","4044":" ","4045":" ","4046":" ","4047":" ","4048":" ","4049":" ","4050":" ","4051":" ","4052":" ","4053":" ","4054":" ","4055":" ","4056":" ","4057":" ","4058":" ","4059":" ","4060":" ","4061":" ","4062":" ","4063":"d","4064":"=","4065":"\\","4066":"\"","4067":"m","4068":"6","4069":"3","4070":".","4071":"6","4072":"5","4073":"7","4074":"5","4075":"1","4076":",","4077":"5","4078":".","4079":"7","4080":"2","4081":"1","4082":"2","4083":"6","4084":"l","4085":"2","4086":".","4087":"7","4088":"8","4089":"6","4090":"3","4091":"2","4092":",","4093":"-","4094":"6","4095":".","4096":"0","4097":"8","4098":"9","4099":"6","4100":"9","4101":"l","4102":"2","4103":".","4104":"9","4105":"5","4106":"9","4107":"8","4108":"7","4109":",","4110":"6","4111":".","4112":"4","4113":"6","4114":"8","4115":"9","4116":"3","4117":"l","4118":"2","4119":".","4120":"9","4121":"5","4122":"9","4123":"8","4124":"7","4125":",","4126":"-","4127":"6","4128":".","4129":"4","4130":"6","4131":"8","4132":"9","4133":"3","4134":"l","4135":"2","4136":".","4137":"7","4138":"8","4139":"6","4140":"3","4141":"5","4142":",","4143":"6","4144":".","4145":"0","4146":"8","4147":"9","4148":"6","4149":"9","4150":"l","4151":"-","4152":"2","4153":".","4154":"9","4155":"5","4156":"9","4157":"8","4158":"7","4159":",","4160":"6","4161":".","4162":"4","4163":"6","4164":"8","4165":"9","4166":"9","4167":"l","4168":"2","4169":".","4170":"9","4171":"5","4172":"9","4173":"8","4174":"7","4175":",","4176":"6","4177":".","4178":"4","4179":"6","4180":"8","4181":"9","4182":"9","4183":"l","4184":"-","4185":"2","4186":".","4187":"7","4188":"8","4189":"6","4190":"3","4191":"5","4192":",","4193":"6","4194":".","4195":"0","4196":"8","4197":"9","4198":"7","4199":"5","4200":"l","4201":"-","4202":"2","4203":".","4204":"9","4205":"5","4206":"9","4207":"8","4208":"7","4209":",","4210":"-","4211":"6","4212":".","4213":"4","4214":"6","4215":"8","4216":"9","4217":"9","4218":"l","4219":"-","4220":"2","4221":".","4222":"9","4223":"5","4224":"9","4225":"8","4226":"7","4227":",","4228":"6","4229":".","4230":"4","4231":"6","4232":"8","4233":"9","4234":"9","4235":"l","4236":"-","4237":"2","4238":".","4239":"7","4240":"8","4241":"6","4242":"3","4243":"2","4244":",","4245":"-","4246":"6","4247":".","4248":"0","4249":"8","4250":"9","4251":"7","4252":"5","4253":"l","4254":"2","4255":".","4256":"9","4257":"5","4258":"9","4259":"8","4260":"5","4261":",","4262":"-","4263":"6","4264":".","4265":"4","4266":"6","4267":"8","4268":"9","4269":"9","4270":"l","4271":"-","4272":"2","4273":".","4274":"9","4275":"5","4276":"9","4277":"8","4278":"5","4279":",","4280":"-","4281":"6","4282":".","4283":"4","4284":"6","4285":"8","4286":"9","4287":"9","4288":"z","4289":"\\","4290":"\"","4291":"\\","4292":"r","4293":"\\","4294":"n","4295":" ","4296":" ","4297":" ","4298":" ","4299":" ","4300":" ","4301":" ","4302":" ","4303":" ","4304":" ","4305":" ","4306":" ","4307":" ","4308":" ","4309":" ","4310":" ","4311":" ","4312":" ","4313":" ","4314":" ","4315":" ","4316":" ","4317":" ","4318":" ","4319":" ","4320":" ","4321":" ","4322":" ","4323":" ","4324":" ","4325":"s","4326":"t","4327":"r","4328":"o","4329":"k","4330":"e","4331":"-","4332":"w","4333":"i","4334":"d","4335":"t","4336":"h","4337":"=","4338":"\\","4339":"\"","4340":"0","4341":"\\","4342":"\"","4343":" ","4344":"f","4345":"i","4346":"l","4347":"l","4348":"=","4349":"\\","4350":"\"","4351":"#","4352":"F","4353":"F","4354":"A","4355":"A","4356":"B","4357":"8","4358":"\\","4359":"\"","4360":"/","4361":">","4362":"\\","4363":"r","4364":"\\","4365":"n","4366":" ","4367":" ","4368":" ","4369":" ","4370":" ","4371":" ","4372":" ","4373":" ","4374":" ","4375":" ","4376":" ","4377":" ","4378":" ","4379":" ","4380":" ","4381":" ","4382":" ","4383":" ","4384":" ","4385":" ","4386":"<","4387":"/","4388":"g","4389":">","4390":"\\","4391":"r","4392":"\\","4393":"n","4394":" ","4395":" ","4396":" ","4397":" ","4398":" ","4399":" ","4400":" ","4401":" ","4402":" ","4403":" ","4404":" ","4405":" ","4406":" ","4407":" ","4408":" ","4409":" ","4410":"<","4411":"/","4412":"s","4413":"v","4414":"g","4415":">","4416":"\\","4417":"r","4418":"\\","4419":"n","4420":" ","4421":" ","4422":" ","4423":" ","4424":" ","4425":" ","4426":" ","4427":" ","4428":" ","4429":" ","4430":" ","4431":" ","4432":" ","4433":" ","4434":" ","4435":" ","4436":"<","4437":"d","4438":"i","4439":"v","4440":" ","4441":"c","4442":"l","4443":"a","4444":"s","4445":"s","4446":"=","4447":"\\","4448":"\"","4449":"w","4450":"o","4451":"r","4452":"d","4453":"C","4454":"o","4455":"n","4456":"t","4457":"a","4458":"i","4459":"n","4460":"e","4461":"r","4462":"\\","4463":"\"","4464":">","4465":"\\","4466":"r","4467":"\\","4468":"n","4469":" ","4470":" ","4471":" ","4472":" ","4473":" ","4474":" ","4475":" ","4476":" ","4477":" ","4478":" ","4479":" ","4480":" ","4481":" ","4482":" ","4483":" ","4484":" ","4485":" ","4486":" ","4487":" ","4488":" ","4489":"<","4490":"h","4491":"1","4492":" ","4493":"c","4494":"l","4495":"a","4496":"s","4497":"s","4498":"=","4499":"\\","4500":"\"","4501":"s","4502":"i","4503":"g","4504":"n","4505":"i","4506":"n","4507":"W","4508":"o","4509":"r","4510":"d","4511":"\\","4512":"\"","4513":">","4514":"\\","4515":"r","4516":"\\","4517":"n","4518":" ","4519":" ","4520":" ","4521":" ","4522":" ","4523":" ","4524":" ","4525":" ","4526":" ","4527":" ","4528":" ","4529":" ","4530":" ","4531":" ","4532":" ","4533":" ","4534":" ","4535":" ","4536":" ","4537":" ","4538":" ","4539":" ","4540":" ","4541":" ","4542":"<","4543":"s","4544":"p","4545":"a","4546":"n","4547":">","4548":"S","4549":"i","4550":"g","4551":"n","4552":" ","4553":"i","4554":"n","4555":"<","4556":"/","4557":"s","4558":"p","4559":"a","4560":"n","4561":">","4562":"\\","4563":"r","4564":"\\","4565":"n","4566":" ","4567":" ","4568":" ","4569":" ","4570":" ","4571":" ","4572":" ","4573":" ","4574":" ","4575":" ","4576":" ","4577":" ","4578":" ","4579":" ","4580":" ","4581":" ","4582":" ","4583":" ","4584":" ","4585":" ","4586":"<","4587":"/","4588":"h","4589":"1","4590":">","4591":"\\","4592":"r","4593":"\\","4594":"n","4595":" ","4596":" ","4597":" ","4598":" ","4599":" ","4600":" ","4601":" ","4602":" ","4603":" ","4604":" ","4605":" ","4606":" ","4607":" ","4608":" ","4609":" ","4610":" ","4611":"<","4612":"/","4613":"d","4614":"i","4615":"v","4616":">","4617":"\\","4618":"r","4619":"\\","4620":"n","4621":" ","4622":" ","4623":" ","4624":" ","4625":" ","4626":" ","4627":" ","4628":" ","4629":" ","4630":" ","4631":" ","4632":" ","4633":" ","4634":" ","4635":" ","4636":" ","4637":"<","4638":"d","4639":"i","4640":"v","4641":" ","4642":"c","4643":"l","4644":"a","4645":"s","4646":"s","4647":"=","4648":"\\","4649":"\"","4650":"m","4651":"y","4652":"W","4653":"o","4654":"r","4655":"d","4656":"\\","4657":"\"","4658":">","4659":"\\","4660":"r","4661":"\\","4662":"n","4663":" ","4664":" ","4665":" ","4666":" ","4667":" ","4668":" ","4669":" ","4670":" ","4671":" ","4672":" ","4673":" ","4674":" ","4675":" ","4676":" ","4677":" ","4678":" ","4679":" ","4680":" ","4681":" ","4682":" ","4683":"<","4684":"s","4685":"p","4686":"a","4687":"n","4688":">","4689":"t","4690":"o","4691":" ","4692":"c","4693":"o","4694":"n","4695":"t","4696":"i","4697":"n","4698":"u","4699":"e","4700":" ","4701":"t","4702":"o","4703":" ","4704":"X","4705":"X","4706":"X","4707":"X","4708":"X","4709":"<","4710":"/","4711":"s","4712":"p","4713":"a","4714":"n","4715":">","4716":"\\","4717":"r","4718":"\\","4719":"n","4720":" ","4721":" ","4722":" ","4723":" ","4724":" ","4725":" ","4726":" ","4727":" ","4728":" ","4729":" ","4730":" ","4731":" ","4732":" ","4733":" ","4734":" ","4735":" ","4736":"<","4737":"/","4738":"d","4739":"i","4740":"v","4741":">","4742":"\\","4743":"r","4744":"\\","4745":"n","4746":" ","4747":" ","4748":" ","4749":" ","4750":" ","4751":" ","4752":" ","4753":" ","4754":" ","4755":" ","4756":" ","4757":" ","4758":"<","4759":"/","4760":"d","4761":"i","4762":"v","4763":">","4764":"\\","4765":"r","4766":"\\","4767":"n","4768":" ","4769":" ","4770":" ","4771":" ","4772":" ","4773":" ","4774":" ","4775":" ","4776":" ","4777":" ","4778":" ","4779":" ","4780":"<","4781":"d","4782":"i","4783":"v","4784":" ","4785":"c","4786":"l","4787":"a","4788":"s","4789":"s","4790":"=","4791":"\\","4792":"\"","4793":"c","4794":"a","4795":"r","4796":"d","4797":"B","4798":"o","4799":"d","4800":"y","4801":"\\","4802":"\"","4803":">","4804":"\\","4805":"r","4806":"\\","4807":"n","4808":" ","4809":" ","4810":" ","4811":" ","4812":" ","4813":" ","4814":" ","4815":" ","4816":" ","4817":" ","4818":" ","4819":" ","4820":" ","4821":" ","4822":" ","4823":" ","4824":"<","4825":"e","4826":"l","4827":"-","4828":"c","4829":"a","4830":"r","4831":"o","4832":"u","4833":"s","4834":"e","4835":"l","4836":" ","4837":"r","4838":"e","4839":"f","4840":"=","4841":"\\","4842":"\"","4843":"c","4844":"a","4845":"r","4846":"o","4847":"u","4848":"s","4849":"e","4850":"l","4851":"M","4852":"e","4853":"n","4854":"u","4855":"\\","4856":"\"","4857":" ","4858":"i","4859":"n","4860":"d","4861":"i","4862":"c","4863":"a","4864":"t","4865":"o","4866":"r","4867":"-","4868":"p","4869":"o","4870":"s","4871":"i","4872":"t","4873":"i","4874":"o","4875":"n","4876":"=","4877":"\\","4878":"\"","4879":"n","4880":"o","4881":"n","4882":"e","4883":"\\","4884":"\"","4885":" ","4886":"a","4887":"r","4888":"r","4889":"o","4890":"w","4891":"=","4892":"\\","4893":"\"","4894":"n","4895":"e","4896":"v","4897":"e","4898":"r","4899":"\\","4900":"\"","4901":" ","4902":":","4903":"a","4904":"u","4905":"t","4906":"o","4907":"p","4908":"l","4909":"a","4910":"y","4911":"=","4912":"\\","4913":"\"","4914":"f","4915":"a","4916":"l","4917":"s","4918":"e","4919":"\\","4920":"\"","4921":" ","4922":":","4923":"l","4924":"o","4925":"o","4926":"p","4927":"=","4928":"\\","4929":"\"","4930":"f","4931":"a","4932":"l","4933":"s","4934":"e","4935":"\\","4936":"\"","4937":" ","4938":"t","4939":"r","4940":"i","4941":"g","4942":"g","4943":"e","4944":"r","4945":"=","4946":"\\","4947":"\"","4948":"c","4949":"l","4950":"i","4951":"c","4952":"k","4953":"\\","4954":"\"","4955":">","4956":"\\","4957":"r","4958":"\\","4959":"n","4960":" ","4961":" ","4962":" ","4963":" ","4964":" ","4965":" ","4966":" ","4967":" ","4968":" ","4969":" ","4970":" ","4971":" ","4972":" ","4973":" ","4974":" ","4975":" ","4976":" ","4977":" ","4978":" ","4979":" ","4980":"<","4981":"e","4982":"l","4983":"-","4984":"c","4985":"a","4986":"r","4987":"o","4988":"u","4989":"s","4990":"e","4991":"l","4992":"-","4993":"i","4994":"t","4995":"e","4996":"m","4997":">","4998":"\\","4999":"r","5000":"\\","5001":"n","5002":" ","5003":" ","5004":" ","5005":" ","5006":" ","5007":" ","5008":" ","5009":" ","5010":" ","5011":" ","5012":" ","5013":" ","5014":" ","5015":" ","5016":" ","5017":" ","5018":" ","5019":" ","5020":" ","5021":" ","5022":" ","5023":" ","5024":" ","5025":" ","5026":"<","5027":"e","5028":"l","5029":"-","5030":"i","5031":"n","5032":"p","5033":"u","5034":"t","5035":" ","5036":"v","5037":"-","5038":"m","5039":"o","5040":"d","5041":"e","5042":"l","5043":"=","5044":"\\","5045":"\"","5046":"i","5047":"n","5048":"p","5049":"u","5050":"t","5051":"\\","5052":"\"","5053":" ","5054":"p","5055":"l","5056":"a","5057":"c","5058":"e","5059":"h","5060":"o","5061":"l","5062":"d","5063":"e","5064":"r","5065":"=","5066":"\\","5067":"\"","5068":"P","5069":"l","5070":"e","5071":"a","5072":"s","5073":"e","5074":" ","5075":"i","5076":"n","5077":"p","5078":"u","5079":"t","5080":" ","5081":"y","5082":"o","5083":"u","5084":"r","5085":" ","5086":"e","5087":"m","5088":"a","5089":"i","5090":"l","5091":"\\","5092":"\"","5093":"/","5094":">","5095":"\\","5096":"r","5097":"\\","5098":"n","5099":" ","5100":" ","5101":" ","5102":" ","5103":" ","5104":" ","5105":" ","5106":" ","5107":" ","5108":" ","5109":" ","5110":" ","5111":" ","5112":" ","5113":" ","5114":" ","5115":" ","5116":" ","5117":" ","5118":" ","5119":" ","5120":" ","5121":" ","5122":" ","5123":"<","5124":"d","5125":"i","5126":"v","5127":" ","5128":"s","5129":"t","5130":"y","5131":"l","5132":"e","5133":"=","5134":"\\","5135":"\"","5136":"w","5137":"i","5138":"d","5139":"t","5140":"h","5141":":","5142":" ","5143":"1","5144":"0","5145":"0","5146":"%","5147":";","5148":"p","5149":"a","5150":"d","5151":"d","5152":"i","5153":"n","5154":"g","5155":"-","5156":"t","5157":"o","5158":"p","5159":":","5160":" ","5161":"1","5162":"0","5163":"p","5164":"x","5165":"\\","5166":"\"","5167":">","5168":"\\","5169":"r","5170":"\\","5171":"n","5172":" ","5173":" ","5174":" ","5175":" ","5176":" ","5177":" ","5178":" ","5179":" ","5180":" ","5181":" ","5182":" ","5183":" ","5184":" ","5185":" ","5186":" ","5187":" ","5188":" ","5189":" ","5190":" ","5191":" ","5192":" ","5193":" ","5194":" ","5195":" ","5196":" ","5197":" ","5198":" ","5199":" ","5200":"<","5201":"r","5202":"o","5203":"u","5204":"t","5205":"e","5206":"r","5207":"-","5208":"l","5209":"i","5210":"n","5211":"k","5212":" ","5213":"t","5214":"o","5215":"=","5216":"\\","5217":"\"","5218":"/","5219":"4","5220":"0","5221":"4","5222":"\\","5223":"\"","5224":">","5225":"F","5226":"o","5227":"r","5228":"g","5229":"o","5230":"t","5231":" ","5232":"e","5233":"m","5234":"a","5235":"i","5236":"l","5237":"?","5238":"<","5239":"/","5240":"r","5241":"o","5242":"u","5243":"t","5244":"e","5245":"r","5246":"-","5247":"l","5248":"i","5249":"n","5250":"k","5251":">","5252":"\\","5253":"r","5254":"\\","5255":"n","5256":" ","5257":" ","5258":" ","5259":" ","5260":" ","5261":" ","5262":" ","5263":" ","5264":" ","5265":" ","5266":" ","5267":" ","5268":" ","5269":" ","5270":" ","5271":" ","5272":" ","5273":" ","5274":" ","5275":" ","5276":" ","5277":" ","5278":" ","5279":" ","5280":"<","5281":"/","5282":"d","5283":"i","5284":"v","5285":">","5286":"\\","5287":"r","5288":"\\","5289":"n","5290":" ","5291":" ","5292":" ","5293":" ","5294":" ","5295":" ","5296":" ","5297":" ","5298":" ","5299":" ","5300":" ","5301":" ","5302":" ","5303":" ","5304":" ","5305":" ","5306":" ","5307":" ","5308":" ","5309":" ","5310":" ","5311":" ","5312":" ","5313":" ","5314":"<","5315":"d","5316":"i","5317":"v","5318":" ","5319":"s","5320":"t","5321":"y","5322":"l","5323":"e","5324":"=","5325":"\\","5326":"\"","5327":"w","5328":"i","5329":"d","5330":"t","5331":"h","5332":":","5333":" ","5334":"1","5335":"0","5336":"0","5337":"%","5338":";","5339":"m","5340":"a","5341":"r","5342":"g","5343":"i","5344":"n","5345":"-","5346":"t","5347":"o","5348":"p","5349":":","5350":" ","5351":"3","5352":"6","5353":"p","5354":"x","5355":";","5356":"f","5357":"o","5358":"n","5359":"t","5360":"-","5361":"f","5362":"a","5363":"m","5364":"i","5365":"l","5366":"y","5367":":","5368":" ","5369":"i","5370":"n","5371":"h","5372":"e","5373":"r","5374":"i","5375":"t","5376":";","5377":"f","5378":"o","5379":"n","5380":"t","5381":"-","5382":"s","5383":"i","5384":"z","5385":"e","5386":":","5387":" ","5388":"i","5389":"n","5390":"h","5391":"e","5392":"r","5393":"i","5394":"t","5395":"\\","5396":"\"","5397":">","5398":"\\","5399":"r","5400":"\\","5401":"n","5402":" ","5403":" ","5404":" ","5405":" ","5406":" ","5407":" ","5408":" ","5409":" ","5410":" ","5411":" ","5412":" ","5413":" ","5414":" ","5415":" ","5416":" ","5417":" ","5418":" ","5419":" ","5420":" ","5421":" ","5422":" ","5423":" ","5424":" ","5425":" ","5426":" ","5427":" ","5428":" ","5429":" ","5430":"<","5431":"s","5432":"p","5433":"a","5434":"n","5435":">","5436":"N","5437":"o","5438":"t","5439":" ","5440":"y","5441":"o","5442":"u","5443":"r","5444":" ","5445":"c","5446":"o","5447":"m","5448":"p","5449":"u","5450":"t","5451":"e","5452":"r","5453":"?","5454":" ","5455":"U","5456":"s","5457":"e","5458":" ","5459":"G","5460":"u","5461":"e","5462":"s","5463":"t","5464":" ","5465":"m","5466":"o","5467":"d","5468":"e","5469":" ","5470":"t","5471":"o","5472":" ","5473":"s","5474":"i","5475":"g","5476":"n","5477":" ","5478":"i","5479":"n","5480":" ","5481":"p","5482":"r","5483":"i","5484":"v","5485":"a","5486":"t","5487":"e","5488":"l","5489":"y","5490":".","5491":"<","5492":"/","5493":"s","5494":"p","5495":"a","5496":"n","5497":">","5498":"\\","5499":"r","5500":"\\","5501":"n","5502":" ","5503":" ","5504":" ","5505":" ","5506":" ","5507":" ","5508":" ","5509":" ","5510":" ","5511":" ","5512":" ","5513":" ","5514":" ","5515":" ","5516":" ","5517":" ","5518":" ","5519":" ","5520":" ","5521":" ","5522":" ","5523":" ","5524":" ","5525":" ","5526":"<","5527":"/","5528":"d","5529":"i","5530":"v","5531":">","5532":"\\","5533":"r","5534":"\\","5535":"n","5536":" ","5537":" ","5538":" ","5539":" ","5540":" ","5541":" ","5542":" ","5543":" ","5544":" ","5545":" ","5546":" ","5547":" ","5548":" ","5549":" ","5550":" ","5551":" ","5552":" ","5553":" ","5554":" ","5555":" ","5556":" ","5557":" ","5558":" ","5559":" ","5560":"<","5561":"d","5562":"i","5563":"v","5564":" ","5565":"s","5566":"t","5567":"y","5568":"l","5569":"e","5570":"=","5571":"\\","5572":"\"","5573":"w","5574":"i","5575":"d","5576":"t","5577":"h","5578":":","5579":" ","5580":"1","5581":"0","5582":"0","5583":"%","5584":";","5585":"p","5586":"a","5587":"d","5588":"d","5589":"i","5590":"n","5591":"g","5592":"-","5593":"t","5594":"o","5595":"p","5596":":","5597":" ","5598":"1","5599":"0","5600":"p","5601":"x","5602":"\\","5603":"\"","5604":">","5605":"\\","5606":"r","5607":"\\","5608":"n","5609":" ","5610":" ","5611":" ","5612":" ","5613":" ","5614":" ","5615":" ","5616":" ","5617":" ","5618":" ","5619":" ","5620":" ","5621":" ","5622":" ","5623":" ","5624":" ","5625":" ","5626":" ","5627":" ","5628":" ","5629":" ","5630":" ","5631":" ","5632":" ","5633":" ","5634":" ","5635":" ","5636":" ","5637":"<","5638":"r","5639":"o","5640":"u","5641":"t","5642":"e","5643":"r","5644":"-","5645":"l","5646":"i","5647":"n","5648":"k","5649":" ","5650":"t","5651":"o","5652":"=","5653":"\\","5654":"\"","5655":"/","5656":"4","5657":"0","5658":"4","5659":"\\","5660":"\"","5661":">","5662":"L","5663":"e","5664":"a","5665":"r","5666":"n","5667":" ","5668":"m","5669":"o","5670":"r","5671":"e","5672":"<","5673":"/","5674":"r","5675":"o","5676":"u","5677":"t","5678":"e","5679":"r","5680":"-","5681":"l","5682":"i","5683":"n","5684":"k","5685":">","5686":"\\","5687":"r","5688":"\\","5689":"n","5690":" ","5691":" ","5692":" ","5693":" ","5694":" ","5695":" ","5696":" ","5697":" ","5698":" ","5699":" ","5700":" ","5701":" ","5702":" ","5703":" ","5704":" ","5705":" ","5706":" ","5707":" ","5708":" ","5709":" ","5710":" ","5711":" ","5712":" ","5713":" ","5714":"<","5715":"/","5716":"d","5717":"i","5718":"v","5719":">","5720":"\\","5721":"r","5722":"\\","5723":"n","5724":" ","5725":" ","5726":" ","5727":" ","5728":" ","5729":" ","5730":" ","5731":" ","5732":" ","5733":" ","5734":" ","5735":" ","5736":" ","5737":" ","5738":" ","5739":" ","5740":" ","5741":" ","5742":" ","5743":" ","5744":" ","5745":" ","5746":" ","5747":" ","5748":"<","5749":"d","5750":"i","5751":"v","5752":" ","5753":"s","5754":"t","5755":"y","5756":"l","5757":"e","5758":"=","5759":"\\","5760":"\"","5761":"d","5762":"i","5763":"s","5764":"p","5765":"l","5766":"a","5767":"y","5768":":","5769":" ","5770":"f","5771":"l","5772":"e","5773":"x","5774":";","5775":"j","5776":"u","5777":"s","5778":"t","5779":"i","5780":"f","5781":"y","5782":"-","5783":"c","5784":"o","5785":"n","5786":"t","5787":"e","5788":"n","5789":"t","5790":":","5791":" ","5792":"s","5793":"p","5794":"a","5795":"c","5796":"e","5797":"-","5798":"b","5799":"e","5800":"t","5801":"w","5802":"e","5803":"e","5804":"n","5805":";","5806":"m","5807":"a","5808":"r","5809":"g","5810":"i","5811":"n","5812":"-","5813":"t","5814":"o","5815":"p","5816":":","5817":" ","5818":"5","5819":"0","5820":"p","5821":"x","5822":"\\","5823":"\"","5824":">","5825":"\\","5826":"r","5827":"\\","5828":"n","5829":" ","5830":" ","5831":" ","5832":" ","5833":" ","5834":" ","5835":" ","5836":" ","5837":" ","5838":" ","5839":" ","5840":" ","5841":" ","5842":" ","5843":" ","5844":" ","5845":" ","5846":" ","5847":" ","5848":" ","5849":" ","5850":" ","5851":" ","5852":" ","5853":" ","5854":" ","5855":" ","5856":" ","5857":"<","5858":"r","5859":"o","5860":"u","5861":"t","5862":"e","5863":"r","5864":"-","5865":"l","5866":"i","5867":"n","5868":"k","5869":" ","5870":"t","5871":"o","5872":"=","5873":"\\","5874":"\"","5875":"/","5876":"4","5877":"0","5878":"4","5879":"\\","5880":"\"","5881":">","5882":"C","5883":"r","5884":"e","5885":"a","5886":"t","5887":"e","5888":" ","5889":"a","5890":"c","5891":"c","5892":"o","5893":"u","5894":"n","5895":"t","5896":"<","5897":"/","5898":"r","5899":"o","5900":"u","5901":"t","5902":"e","5903":"r","5904":"-","5905":"l","5906":"i","5907":"n","5908":"k","5909":">","5910":"\\","5911":"r","5912":"\\","5913":"n","5914":" ","5915":" ","5916":" ","5917":" ","5918":" ","5919":" ","5920":" ","5921":" ","5922":" ","5923":" ","5924":" ","5925":" ","5926":" ","5927":" ","5928":" ","5929":" ","5930":" ","5931":" ","5932":" ","5933":" ","5934":" ","5935":" ","5936":" ","5937":" ","5938":" ","5939":" ","5940":" ","5941":" ","5942":"<","5943":"e","5944":"l","5945":"-","5946":"b","5947":"u","5948":"t","5949":"t","5950":"o","5951":"n","5952":" ","5953":"c","5954":"l","5955":"a","5956":"s","5957":"s","5958":"=","5959":"\\","5960":"\"","5961":"f","5962":"i","5963":"r","5964":"s","5965":"t","5966":"n","5967":"e","5968":"x","5969":"t","5970":"\\","5971":"\"","5972":" ","5973":"@","5974":"c","5975":"l","5976":"i","5977":"c","5978":"k","5979":"=","5980":"\\","5981":"\"","5982":"c","5983":"h","5984":"a","5985":"n","5986":"g","5987":"e","5988":"T","5989":"o","5990":"N","5991":"e","5992":"x","5993":"t","5994":"P","5995":"a","5996":"g","5997":"e","5998":"\\","5999":"\"","6000":" ","6001":" ","6002":"t","6003":"y","6004":"p","6005":"e","6006":"=","6007":"\\","6008":"\"","6009":"p","6010":"r","6011":"i","6012":"m","6013":"a","6014":"r","6015":"y","6016":"\\","6017":"\"","6018":" ","6019":"s","6020":"t","6021":"y","6022":"l","6023":"e","6024":"=","6025":"\\","6026":"\"","6027":"h","6028":"e","6029":"i","6030":"g","6031":"h","6032":"t","6033":":","6034":" ","6035":"3","6036":"6","6037":"p","6038":"x","6039":";","6040":"w","6041":"i","6042":"d","6043":"t","6044":"h","6045":":","6046":" ","6047":"8","6048":"0","6049":"p","6050":"x","6051":"\\","6052":"\"","6053":">","6054":"N","6055":"e","6056":"x","6057":"t","6058":"<","6059":"/","6060":"e","6061":"l","6062":"-","6063":"b","6064":"u","6065":"t","6066":"t","6067":"o","6068":"n","6069":">","6070":"\\","6071":"r","6072":"\\","6073":"n","6074":" ","6075":" ","6076":" ","6077":" ","6078":" ","6079":" ","6080":" ","6081":" ","6082":" ","6083":" ","6084":" ","6085":" ","6086":" ","6087":" ","6088":" ","6089":" ","6090":" ","6091":" ","6092":" ","6093":" ","6094":" ","6095":" ","6096":" ","6097":" ","6098":"<","6099":"/","6100":"d","6101":"i","6102":"v","6103":">","6104":"\\","6105":"r","6106":"\\","6107":"n","6108":" ","6109":" ","6110":" ","6111":" ","6112":" ","6113":" ","6114":" ","6115":" ","6116":" ","6117":" ","6118":" ","6119":" ","6120":" ","6121":" ","6122":" ","6123":" ","6124":" ","6125":" ","6126":" ","6127":" ","6128":"<","6129":"/","6130":"e","6131":"l","6132":"-","6133":"c","6134":"a","6135":"r","6136":"o","6137":"u","6138":"s","6139":"e","6140":"l","6141":"-","6142":"i","6143":"t","6144":"e","6145":"m","6146":">","6147":"\\","6148":"r","6149":"\\","6150":"n","6151":" ","6152":" ","6153":" ","6154":" ","6155":" ","6156":" ","6157":" ","6158":" ","6159":" ","6160":" ","6161":" ","6162":" ","6163":" ","6164":" ","6165":" ","6166":" ","6167":" ","6168":" ","6169":" ","6170":" ","6171":"<","6172":"e","6173":"l","6174":"-","6175":"c","6176":"a","6177":"r","6178":"o","6179":"u","6180":"s","6181":"e","6182":"l","6183":"-","6184":"i","6185":"t","6186":"e","6187":"m","6188":">","6189":"\\","6190":"r","6191":"\\","6192":"n","6193":" ","6194":" ","6195":" ","6196":" ","6197":" ","6198":" ","6199":" ","6200":" ","6201":" ","6202":" ","6203":" ","6204":" ","6205":" ","6206":" ","6207":" ","6208":" ","6209":" ","6210":" ","6211":" ","6212":" ","6213":" ","6214":" ","6215":" ","6216":" ","6217":"<","6218":"e","6219":"l","6220":"-","6221":"i","6222":"n","6223":"p","6224":"u","6225":"t","6226":" ","6227":"s","6228":"t","6229":"y","6230":"l","6231":"e","6232":"=","6233":"\\","6234":"\"","6235":"m","6236":"a","6237":"r","6238":"g","6239":"i","6240":"n","6241":"-","6242":"t","6243":"o","6244":"p","6245":":","6246":" ","6247":"6","6248":"0","6249":"p","6250":"x","6251":"\\","6252":"\"","6253":" ","6254":"v","6255":"-","6256":"m","6257":"o","6258":"d","6259":"e","6260":"l","6261":"=","6262":"\\","6263":"\"","6264":"i","6265":"n","6266":"p","6267":"u","6268":"t","6269":"\\","6270":"\"","6271":" ","6272":"p","6273":"l","6274":"a","6275":"c","6276":"e","6277":"h","6278":"o","6279":"l","6280":"d","6281":"e","6282":"r","6283":"=","6284":"\\","6285":"\"","6286":"E","6287":"n","6288":"t","6289":"e","6290":"r","6291":" ","6292":"y","6293":"o","6294":"u","6295":"r","6296":" ","6297":"p","6298":"a","6299":"s","6300":"s","6301":"w","6302":"o","6303":"r","6304":"d","6305":"\\","6306":"\"","6307":"/","6308":">","6309":"\\","6310":"r","6311":"\\","6312":"n","6313":"\\","6314":"r","6315":"\\","6316":"n","6317":" ","6318":" ","6319":" ","6320":" ","6321":" ","6322":" ","6323":" ","6324":" ","6325":" ","6326":" ","6327":" ","6328":" ","6329":" ","6330":" ","6331":" ","6332":" ","6333":" ","6334":" ","6335":" ","6336":" ","6337":" ","6338":" ","6339":" ","6340":" ","6341":"<","6342":"d","6343":"i","6344":"v","6345":" ","6346":"s","6347":"t","6348":"y","6349":"l","6350":"e","6351":"=","6352":"\\","6353":"\"","6354":"d","6355":"i","6356":"s","6357":"p","6358":"l","6359":"a","6360":"y","6361":":","6362":" ","6363":"f","6364":"l","6365":"e","6366":"x","6367":";","6368":"j","6369":"u","6370":"s","6371":"t","6372":"i","6373":"f","6374":"y","6375":"-","6376":"c","6377":"o","6378":"n","6379":"t","6380":"e","6381":"n","6382":"t","6383":":","6384":" ","6385":"s","6386":"p","6387":"a","6388":"c","6389":"e","6390":"-","6391":"b","6392":"e","6393":"t","6394":"w","6395":"e","6396":"e","6397":"n","6398":";","6399":"m","6400":"a","6401":"r","6402":"g","6403":"i","6404":"n","6405":"-","6406":"t","6407":"o","6408":"p","6409":":","6410":" ","6411":"5","6412":"0","6413":"p","6414":"x","6415":"\\","6416":"\"","6417":">","6418":"\\","6419":"r","6420":"\\","6421":"n","6422":" ","6423":" ","6424":" ","6425":" ","6426":" ","6427":" ","6428":" ","6429":" ","6430":" ","6431":" ","6432":" ","6433":" ","6434":" ","6435":" ","6436":" ","6437":" ","6438":" ","6439":" ","6440":" ","6441":" ","6442":" ","6443":" ","6444":" ","6445":" ","6446":" ","6447":" ","6448":" ","6449":" ","6450":"<","6451":"r","6452":"o","6453":"u","6454":"t","6455":"e","6456":"r","6457":"-","6458":"l","6459":"i","6460":"n","6461":"k","6462":" ","6463":"t","6464":"o","6465":"=","6466":"\\","6467":"\"","6468":"/","6469":"4","6470":"0","6471":"4","6472":"\\","6473":"\"","6474":">","6475":"F","6476":"o","6477":"r"
[...]
"1206":"m","1207":"e","1208":":","1209":" ","1210":"[","1211":"\\","1212":"n","1213":" ","1214":" ","1215":" ","1216":" ","1217":"{","1218":" ","1219":"r","1220":"e","1221":"q","1222":"u","1223":"i","1224":"r","1225":"e","1226":"d","1227":":","1228":" ","1229":"t","1230":"r","1231":"u","1232":"e","1233":",","1234":" ","1235":"m","1236":"e","1237":"s","1238":"s","1239":"a","1240":"g","1241":"e","1242":":","1243":" ","1244":"\\","1245":"\"","1246":"请","1247":"输","1248":"入","1249":"用","1250":"户","1251":"名","1252":"\\","1253":"\"","1254":",","1255":" ","1256":"t","1257":"r","1258":"i","1259":"g","1260":"g","1261":"e","1262":"r","1263":":","1264":" ","1265":"\\","1266":"\"","1267":"b","1268":"l","1269":"u","1270":"r","1271":"\\","1272":"\"","1273":" ","1274":"}","1275":",","1276":"\\","1277":"n","1278":" ","1279":" ","1280":" ","1281":" ","1282":"{","1283":" ","1284":"m","1285":"i","1286":"n","1287":":","1288":" ","1289":"3","1290":",","1291":" ","1292":"m","1293":"a","1294":"x","1295":":","1296":" ","1297":"1","1298":"5","1299":",","1300":" ","1301":"m","1302":"e","1303":"s","1304":"s","1305":"a","1306":"g","1307":"e","1308":":","1309":" ","1310":"\\","1311":"\"","1312":"长","1313":"度","1314":"在","1315":" ","1316":"3","1317":" ","1318":"到","1319":" ","1320":"1","1321":"5","1322":" ","1323":"个","1324":"字","1325":"符","1326":"\\","1327":"\"","1328":",","1329":" ","1330":"t","1331":"r","1332":"i","1333":"g","1334":"g","1335":"e","1336":"r","1337":":","1338":" ","1339":"\\","1340":"\"","1341":"b","1342":"l","1343":"u","1344":"r","1345":"\\","1346":"\"","1347":" ","1348":"}","1349":",","1350":"\\","1351":"n","1352":" ","1353":" ","1354":"]","1355":",","1356":"\\","1357":"n","1358":" ","1359":" ","1360":"p","1361":"a","1362":"s","1363":"s","1364":"w","1365":"o","1366":"r","1367":"d","1368":":","1369":" ","1370":"[","1371":"\\","1372":"n","1373":" ","1374":" ","1375":" ","1376":" ","1377":"{","1378":" ","1379":"r","1380":"e","1381":"q","1382":"u","1383":"i","1384":"r","1385":"e","1386":"d","1387":":","1388":" ","1389":"t","1390":"r","1391":"u","1392":"e","1393":",","1394":" ","1395":"m","1396":"e","1397":"s","1398":"s","1399":"a","1400":"g","1401":"e","1402":":","1403":" ","1404":"\\","1405":"\"","1406":"请","1407":"输","1408":"入","1409":"密","1410":"码","1411":"\\","1412":"\"","1413":",","1414":" ","1415":"t","1416":"r","1417":"i","1418":"g","1419":"g","1420":"e","1421":"r","1422":":","1423":" ","1424":"\\","1425":"\"","1426":"b","1427":"l","1428":"u","1429":"r","1430":"\\","1431":"\"","1432":" ","1433":"}","1434":",","1435":"\\","1436":"n","1437":" ","1438":" ","1439":" ","1440":" ","1441":"{","1442":" ","1443":"m","1444":"i","1445":"n","1446":":","1447":" ","1448":"3","1449":",","1450":" ","1451":"m","1452":"a","1453":"x","1454":":","1455":" ","1456":"2","1457":"5","1458":",","1459":" ","1460":"m","1461":"e","1462":"s","1463":"s","1464":"a","1465":"g","1466":"e","1467":":","1468":" ","1469":"\\","1470":"\"","1471":"长","1472":"度","1473":"在","1474":" ","1475":"3","1476":" ","1477":"到","1478":" ","1479":"2","1480":"5","1481":" ","1482":"个","1483":"字","1484":"符","1485":"\\","1486":"\"","1487":",","1488":" ","1489":"t","1490":"r","1491":"i","1492":"g","1493":"g","1494":"e","1495":"r","1496":":","1497":" ","1498":"\\","1499":"\"","1500":"b","1501":"l","1502":"u","1503":"r","1504":"\\","1505":"\"","1506":" ","1507":"}","1508":",","1509":"\\","1510":"n","1511":" ","1512":" ","1513":"]","1514":",","1515":"\\","1516":"n","1517":"}","1518":")","1519":";","1520":"\\","1521":"n","1522":"<","1523":"/","1524":"s","1525":"c","1526":"r","1527":"i","1528":"p","1529":"t","1530":">","1531":"\\","1532":"n","1533":"\"","1534":"]","1535":"}"}}
,"C:\\project\\customizable-login-component-library\\src\\views\\NormalCentral.vue": {"path":"C:\\project\\customizable-login-component-library\\src\\views\\NormalCentral.vue","statementMap":{"0":{"start":{"line":4,"column":0},"end":{"line":6,"column":3}},"1":{"start":{"line":7,"column":0},"end":{"line":7,"column":25}},"2":{"start":{"line":8,"column":15},"end":{"line":10,"column":1}},"3":{"start":{"line":13,"column":0},"end":{"line":13,"column":13}},"4":{"start":{"line":14,"column":0},"end":{"line":14,"column":62}},"5":{"start":{"line":15,"column":0},"end":{"line":15,"column":24}},"6":{"start":{"line":17,"column":4},"end":{"line":17,"column":16}},"7":{"start":{"line":19,"column":0},"end":{"line":19,"column":24}},"8":{"start":{"line":20,"column":1},"end":{"line":20,"column":48}}},"fnMap":{"0":{"name":"render","decl":{"start":{"line":16,"column":9},"end":{"line":16,"column":15}},"loc":{"start":{"line":16,"column":30},"end":{"line":18,"column":1}},"line":16}},"branchMap":{},"s":{"0":0,"1":0,"2":0,"3":0,"4":0,"5":0,"6":0,"7":0,"8":0},"f":{"0":0},"b":{},"inputSourceMap":{"0":"{","1":"\"","2":"v","3":"e","4":"r","5":"s","6":"i","7":"o","8":"n","9":"\"","10":":","11":"3","12":",","13":"\"","14":"s","15":"o","16":"u","17":"r","18":"c","19":"e","20":"s","21":"\"","22":":","23":"[","24":"\"","25":"C","26":":","27":"\\","28":"\\","29":"p","30":"r","31":"o","32":"j","33":"e","34":"c","35":"t","36":"\\","37":"\\","38":"c","39":"u","40":"s","41":"t","42":"o","43":"m","44":"i","45":"z","46":"a","47":"b","48":"l","49":"e","50":"-","51":"l","52":"o","53":"g","54":"i","55":"n","56":"-","57":"c","58":"o","59":"m","60":"p","61":"o","62":"n","63":"e","64":"n","65":"t","66":"-","67":"l","68":"i","69":"b","70":"r","71":"a","72":"r","73":"y","74":"\\","75":"\\","76":"s","77":"r","78":"c","79":"\\","80":"\\","81":"v","82":"i","83":"e","84":"w","85":"s","86":"\\","87":"\\","88":"N","89":"o","90":"r","91":"m","92":"a","93":"l","94":"C","95":"e","96":"n","97":"t","98":"r","99":"a","100":"l","101":".","102":"v","103":"u","104":"e","105":"\"","106":"]","107":",","108":"\"","109":"n","110":"a","111":"m","112":"e","113":"s","114":"\"","115":":","116":"[","117":"]","118":",","119":"\"","120":"m","121":"a","122":"p","123":"p","124":"i","125":"n","126":"g","127":"s","128":"\"","129":":","130":"\"","131":";","132":";","133":";","134":";","135":";","136":";","137":";","138":"e","139":"A","140":"K","141":"e","142":";","143":"E","144":"A","145":"C","146":"X","147":",","148":"I","149":"A","150":"A","151":"I","152":",","153":"E","154":"A","155":"A","156":"E","157":";","158":"A","159":"A","160":"C","161":"V","162":",","163":"C","164":"A","165":"A","166":"C","167":";","168":"A","169":"A","170":"A","171":"A","172":";","173":"A","174":"A","175":"A","176":"A","177":"\"","178":",","179":"\"","180":"f","181":"i","182":"l","183":"e","184":"\"","185":":","186":"\"","187":"C","188":":","189":"\\","190":"\\","191":"p","192":"r","193":"o","194":"j","195":"e","196":"c","197":"t","198":"\\","199":"\\","200":"c","201":"u","202":"s","203":"t","204":"o","205":"m","206":"i","207":"z","208":"a","209":"b","210":"l","211":"e","212":"-","213":"l","214":"o","215":"g","216":"i","217":"n","218":"-","219":"c","220":"o","221":"m","222":"p","223":"o","224":"n","225":"e","226":"n","227":"t","228":"-","229":"l","230":"i","231":"b","232":"r","233":"a","234":"r","235":"y","236":"\\","237":"\\","238":"s","239":"r","240":"c","241":"\\","242":"\\","243":"v","244":"i","245":"e","246":"w","247":"s","248":"\\","249":"\\","250":"N","251":"o","252":"r","253":"m","254":"a","255":"l","256":"C","257":"e","258":"n","259":"t","260":"r","261":"a","262":"l","263":".","264":"v","265":"u","266":"e","267":"\"","268":",","269":"\"","270":"s","271":"o","272":"u","273":"r","274":"c","275":"e","276":"s","277":"C","278":"o","279":"n","280":"t","281":"e","282":"n","283":"t","284":"\"","285":":","286":"[","287":"\"","288":"<","289":"t","290":"e","291":"m","292":"p","293":"l","294":"a","295":"t","296":"e","297":">","298":"\\","299":"r","300":"\\","301":"n","302":"\\","303":"r","304":"\\","305":"n","306":"<","307":"/","308":"t","309":"e","310":"m","311":"p","312":"l","313":"a","314":"t","315":"e","316":">","317":"\\","318":"r","319":"\\","320":"n","321":"\\","322":"r","323":"\\","324":"n","325":"<","326":"s","327":"c","328":"r","329":"i","330":"p","331":"t","332":">","333":"\\","334":"r","335":"\\","336":"n","337":"e","338":"x","339":"p","340":"o","341":"r","342":"t","343":" ","344":"d","345":"e","346":"f","347":"a","348":"u","349":"l","350":"t","351":" ","352":"{","353":"\\","354":"r","355":"\\","356":"n","357":" ","358":" ","359":" ","360":" ","361":"n","362":"a","363":"m","364":"e","365":":","366":" ","367":"\\","368":"\"","369":"N","370":"o","371":"r","372":"m","373":"a","374":"l","375":"C","376":"e","377":"n","378":"t","379":"r","380":"a","381":"l","382":"\\","383":"\"","384":"\\","385":"r","386":"\\","387":"n","388":"}","389":"\\","390":"r","391":"\\","392":"n","393":"<","394":"/","395":"s","396":"c","397":"r","398":"i","399":"p","400":"t","401":">","402":"\\","403":"r","404":"\\","405":"n","406":"\\","407":"r","408":"\\","409":"n","410":"<","411":"s","412":"t","413":"y","414":"l","415":"e","416":" ","417":"s","418":"c","419":"o","420":"p","421":"e","422":"d","423":">","424":"\\","425":"r","426":"\\","427":"n","428":"\\","429":"r","430":"\\","431":"n","432":"<","433":"/","434":"s","435":"t","436":"y","437":"l","438":"e","439":">","440":"\"","441":"]","442":"}"}}
,"C:\\project\\customizable-login-component-library\\src\\views\\NormalFull.vue": {"path":"C:\\project\\customizable-login-component-library\\src\\views\\NormalFull.vue","statementMap":{"0":{"start":{"line":4,"column":0},"end":{"line":6,"column":3}},"1":{"start":{"line":7,"column":0},"end":{"line":7,"column":25}},"2":{"start":{"line":8,"column":15},"end":{"line":10,"column":1}},"3":{"start":{"line":13,"column":0},"end":{"line":13,"column":13}},"4":{"start":{"line":14,"column":0},"end":{"line":14,"column":62}},"5":{"start":{"line":15,"column":0},"end":{"line":15,"column":24}},"6":{"start":{"line":17,"column":4},"end":{"line":17,"column":16}},"7":{"start":{"line":19,"column":0},"end":{"line":19,"column":24}},"8":{"start":{"line":20,"column":1},"end":{"line":20,"column":48}}},"fnMap":{"0":{"name":"render","decl":{"start":{"line":16,"column":9},"end":{"line":16,"column":15}},"loc":{"start":{"line":16,"column":30},"end":{"line":18,"column":1}},"line":16}},"branchMap":{},"s":{"0":0,"1":0,"2":0,"3":0,"4":0,"5":0,"6":0,"7":0,"8":0},"f":{"0":0},"b":{},"inputSourceMap":{"0":"{","1":"\"","2":"v","3":"e","4":"r","5":"s","6":"i","7":"o","8":"n","9":"\"","10":":","11":"3","12":",","13":"\"","14":"s","15":"o","16":"u","17":"r","18":"c","19":"e","20":"s","21":"\"","22":":","23":"[","24":"\"","25":"C","26":":","27":"\\","28":"\\","29":"p","30":"r","31":"o","32":"j","33":"e","34":"c","35":"t","36":"\\","37":"\\","38":"c","39":"u","40":"s","41":"t","42":"o","43":"m","44":"i","45":"z","46":"a","47":"b","48":"l","49":"e","50":"-","51":"l","52":"o","53":"g","54":"i","55":"n","56":"-","57":"c","58":"o","59":"m","60":"p","61":"o","62":"n","63":"e","64":"n","65":"t","66":"-","67":"l","68":"i","69":"b","70":"r","71":"a","72":"r","73":"y","74":"\\","75":"\\","76":"s","77":"r","78":"c","79":"\\","80":"\\","81":"v","82":"i","83":"e","84":"w","85":"s","86":"\\","87":"\\","88":"N","89":"o","90":"r","91":"m","92":"a","93":"l","94":"F","95":"u","96":"l","97":"l","98":".","99":"v","100":"u","101":"e","102":"\"","103":"]","104":",","105":"\"","106":"n","107":"a","108":"m","109":"e","110":"s","111":"\"","112":":","113":"[","114":"]","115":",","116":"\"","117":"m","118":"a","119":"p","120":"p","121":"i","122":"n","123":"g","124":"s","125":"\"","126":":","127":"\"","128":";","129":";","130":";","131":";","132":";","133":";","134":";","135":"e","136":"A","137":"K","138":"e","139":";","140":"E","141":"A","142":"C","143":"X","144":",","145":"I","146":"A","147":"A","148":"I","149":",","150":"E","151":"A","152":"A","153":"E","154":";","155":"A","156":"A","157":"C","158":"V","159":",","160":"C","161":"A","162":"A","163":"C","164":";","165":"A","166":"A","167":"A","168":"A","169":";","170":"A","171":"A","172":"A","173":"A","174":"\"","175":",","176":"\"","177":"f","178":"i","179":"l","180":"e","181":"\"","182":":","183":"\"","184":"C","185":":","186":"\\","187":"\\","188":"p","189":"r","190":"o","191":"j","192":"e","193":"c","194":"t","195":"\\","196":"\\","197":"c","198":"u","199":"s","200":"t","201":"o","202":"m","203":"i","204":"z","205":"a","206":"b","207":"l","208":"e","209":"-","210":"l","211":"o","212":"g","213":"i","214":"n","215":"-","216":"c","217":"o","218":"m","219":"p","220":"o","221":"n","222":"e","223":"n","224":"t","225":"-","226":"l","227":"i","228":"b","229":"r","230":"a","231":"r","232":"y","233":"\\","234":"\\","235":"s","236":"r","237":"c","238":"\\","239":"\\","240":"v","241":"i","242":"e","243":"w","244":"s","245":"\\","246":"\\","247":"N","248":"o","249":"r","250":"m","251":"a","252":"l","253":"F","254":"u","255":"l","256":"l","257":".","258":"v","259":"u","260":"e","261":"\"","262":",","263":"\"","264":"s","265":"o","266":"u","267":"r","268":"c","269":"e","270":"s","271":"C","272":"o","273":"n","274":"t","275":"e","276":"n","277":"t","278":"\"","279":":","280":"[","281":"\"","282":"<","283":"t","284":"e","285":"m","286":"p","287":"l","288":"a","289":"t","290":"e","291":">","292":"\\","293":"r","294":"\\","295":"n","296":"\\","297":"r","298":"\\","299":"n","300":"<","301":"/","302":"t","303":"e","304":"m","305":"p","306":"l","307":"a","308":"t","309":"e","310":">","311":"\\","312":"r","313":"\\","314":"n","315":"\\","316":"r","317":"\\","318":"n","319":"<","320":"s","321":"c","322":"r","323":"i","324":"p","325":"t","326":">","327":"\\","328":"r","329":"\\","330":"n","331":"e","332":"x","333":"p","334":"o","335":"r","336":"t","337":" ","338":"d","339":"e","340":"f","341":"a","342":"u","343":"l","344":"t","345":" ","346":"{","347":"\\","348":"r","349":"\\","350":"n","351":" ","352":" ","353":" ","354":" ","355":"n","356":"a","357":"m","358":"e","359":":","360":" ","361":"\\","362":"\"","363":"N","364":"o","365":"r","366":"m","367":"a","368":"l","369":"F","370":"u","371":"l","372":"l","373":"\\","374":"\"","375":"\\","376":"r","377":"\\","378":"n","379":"}","380":"\\","381":"r","382":"\\","383":"n","384":"<","385":"/","386":"s","387":"c","388":"r","389":"i","390":"p","391":"t","392":">","393":"\\","394":"r","395":"\\","396":"n","397":"\\","398":"r","399":"\\","400":"n","401":"<","402":"s","403":"t","404":"y","405":"l","406":"e","407":" ","408":"s","409":"c","410":"o","411":"p","412":"e","413":"d","414":">","415":"\\","416":"r","417":"\\","418":"n","419":"\\","420":"r","421":"\\","422":"n","423":"<","424":"/","425":"s","426":"t","427":"y","428":"l","429":"e","430":">","431":"\"","432":"]","433":"}"}}
,"C:\\project\\customizable-login-component-library\\src\\views\\NormalLateral.vue": {"path":"C:\\project\\customizable-login-component-library\\src\\views\\NormalLateral.vue","statementMap":{"0":{"start":{"line":4,"column":0},"end":{"line":6,"column":3}},"1":{"start":{"line":7,"column":0},"end":{"line":7,"column":25}},"2":{"start":{"line":8,"column":15},"end":{"line":10,"column":1}},"3":{"start":{"line":13,"column":0},"end":{"line":13,"column":13}},"4":{"start":{"line":14,"column":0},"end":{"line":14,"column":62}},"5":{"start":{"line":15,"column":0},"end":{"line":15,"column":24}},"6":{"start":{"line":17,"column":4},"end":{"line":17,"column":16}},"7":{"start":{"line":19,"column":0},"end":{"line":19,"column":24}},"8":{"start":{"line":20,"column":1},"end":{"line":20,"column":48}}},"fnMap":{"0":{"name":"render","decl":{"start":{"line":16,"column":9},"end":{"line":16,"column":15}},"loc":{"start":{"line":16,"column":30},"end":{"line":18,"column":1}},"line":16}},"branchMap":{},"s":{"0":0,"1":0,"2":0,"3":0,"4":0,"5":0,"6":0,"7":0,"8":0},"f":{"0":0},"b":{},"inputSourceMap":{"0":"{","1":"\"","2":"v","3":"e","4":"r","5":"s","6":"i","7":"o","8":"n","9":"\"","10":":","11":"3","12":",","13":"\"","14":"s","15":"o","16":"u","17":"r","18":"c","19":"e","20":"s","21":"\"","22":":","23":"[","24":"\"","25":"C","26":":","27":"\\","28":"\\","29":"p","30":"r","31":"o","32":"j","33":"e","34":"c","35":"t","36":"\\","37":"\\","38":"c","39":"u","40":"s","41":"t","42":"o","43":"m","44":"i","45":"z","46":"a","47":"b","48":"l","49":"e","50":"-","51":"l","52":"o","53":"g","54":"i","55":"n","56":"-","57":"c","58":"o","59":"m","60":"p","61":"o","62":"n","63":"e","64":"n","65":"t","66":"-","67":"l","68":"i","69":"b","70":"r","71":"a","72":"r","73":"y","74":"\\","75":"\\","76":"s","77":"r","78":"c","79":"\\","80":"\\","81":"v","82":"i","83":"e","84":"w","85":"s","86":"\\","87":"\\","88":"N","89":"o","90":"r","91":"m","92":"a","93":"l","94":"L","95":"a","96":"t","97":"e","98":"r","99":"a","100":"l","101":".","102":"v","103":"u","104":"e","105":"\"","106":"]","107":",","108":"\"","109":"n","110":"a","111":"m","112":"e","113":"s","114":"\"","115":":","116":"[","117":"]","118":",","119":"\"","120":"m","121":"a","122":"p","123":"p","124":"i","125":"n","126":"g","127":"s","128":"\"","129":":","130":"\"","131":";","132":";","133":";","134":";","135":";","136":";","137":";","138":"e","139":"A","140":"K","141":"e","142":";","143":"E","144":"A","145":"C","146":"X","147":",","148":"I","149":"A","150":"A","151":"I","152":",","153":"E","154":"A","155":"A","156":"E","157":";","158":"A","159":"A","160":"C","161":"V","162":",","163":"C","164":"A","165":"A","166":"C","167":";","168":"A","169":"A","170":"A","171":"A","172":";","173":"A","174":"A","175":"A","176":"A","177":"\"","178":",","179":"\"","180":"f","181":"i","182":"l","183":"e","184":"\"","185":":","186":"\"","187":"C","188":":","189":"\\","190":"\\","191":"p","192":"r","193":"o","194":"j","195":"e","196":"c","197":"t","198":"\\","199":"\\","200":"c","201":"u","202":"s","203":"t","204":"o","205":"m","206":"i","207":"z","208":"a","209":"b","210":"l","211":"e","212":"-","213":"l","214":"o","215":"g","216":"i","217":"n","218":"-","219":"c","220":"o","221":"m","222":"p","223":"o","224":"n","225":"e","226":"n","227":"t","228":"-","229":"l","230":"i","231":"b","232":"r","233":"a","234":"r","235":"y","236":"\\","237":"\\","238":"s","239":"r","240":"c","241":"\\","242":"\\","243":"v","244":"i","245":"e","246":"w","247":"s","248":"\\","249":"\\","250":"N","251":"o","252":"r","253":"m","254":"a","255":"l","256":"L","257":"a","258":"t","259":"e","260":"r","261":"a","262":"l","263":".","264":"v","265":"u","266":"e","267":"\"","268":",","269":"\"","270":"s","271":"o","272":"u","273":"r","274":"c","275":"e","276":"s","277":"C","278":"o","279":"n","280":"t","281":"e","282":"n","283":"t","284":"\"","285":":","286":"[","287":"\"","288":"<","289":"t","290":"e","291":"m","292":"p","293":"l","294":"a","295":"t","296":"e","297":">","298":"\\","299":"r","300":"\\","301":"n","302":"\\","303":"r","304":"\\","305":"n","306":"<","307":"/","308":"t","309":"e","310":"m","311":"p","312":"l","313":"a","314":"t","315":"e","316":">","317":"\\","318":"r","319":"\\","320":"n","321":"\\","322":"r","323":"\\","324":"n","325":"<","326":"s","327":"c","328":"r","329":"i","330":"p","331":"t","332":">","333":"\\","334":"r","335":"\\","336":"n","337":"e","338":"x","339":"p","340":"o","341":"r","342":"t","343":" ","344":"d","345":"e","346":"f","347":"a","348":"u","349":"l","350":"t","351":" ","352":"{","353":"\\","354":"r","355":"\\","356":"n","357":" ","358":" ","359":" ","360":" ","361":"n","362":"a","363":"m","364":"e","365":":","366":" ","367":"\\","368":"\"","369":"N","370":"o","371":"r","372":"m","373":"a","374":"l","375":"L","376":"a","377":"t","378":"e","379":"r","380":"a","381":"l","382":"\\","383":"\"","384":"\\","385":"r","386":"\\","387":"n","388":"}","389":"\\","390":"r","391":"\\","392":"n","393":"<","394":"/","395":"s","396":"c","397":"r","398":"i","399":"p","400":"t","401":">","402":"\\","403":"r","404":"\\","405":"n","406":"\\","407":"r","408":"\\","409":"n","410":"<","411":"s","412":"t","413":"y","414":"l","415":"e","416":" ","417":"s","418":"c","419":"o","420":"p","421":"e","422":"d","423":">","424":"\\","425":"r","426":"\\","427":"n","428":"\\","429":"r","430":"\\","431":"n","432":"<","433":"/","434":"s","435":"t","436":"y","437":"l","438":"e","439":">","440":"\"","441":"]","442":"}"}}
}
