TN:
SF:src\views\GoogleCentral.vue
FN:11,(anonymous_0)
FN:16,(anonymous_1)
FN:126,render
FN:140,(anonymous_3)
FN:152,(anonymous_4)
FN:154,(anonymous_5)
FN:157,(anonymous_6)
FN:162,(anonymous_7)
FN:171,(anonymous_8)
FN:179,(anonymous_9)
FN:190,(anonymous_10)
FN:200,(anonymous_11)
FN:204,(anonymous_12)
FN:209,(anonymous_13)
FN:218,(anonymous_14)
FN:238,(anonymous_15)
FN:243,(anonymous_16)
FN:244,(anonymous_17)
FN:259,(anonymous_18)
FN:268,(anonymous_19)
FN:277,(anonymous_20)
FNF:21
FNH:17
FNDA:1,(anonymous_0)
FNDA:0,(anonymous_1)
FNDA:1,render
FNDA:1,(anonymous_3)
FNDA:1,(anonymous_4)
FNDA:1,(anonymous_5)
FNDA:0,(anonymous_6)
FNDA:1,(anonymous_7)
FNDA:1,(anonymous_8)
FNDA:1,(anonymous_9)
FNDA:1,(anonymous_10)
FNDA:1,(anonymous_11)
FNDA:0,(anonymous_12)
FNDA:1,(anonymous_13)
FNDA:1,(anonymous_14)
FNDA:0,(anonymous_15)
FNDA:1,(anonymous_16)
FNDA:3,(anonymous_17)
FNDA:1,(anonymous_18)
FNDA:1,(anonymous_19)
FNDA:1,(anonymous_20)
DA:3,1
DA:6,1
DA:7,1
DA:8,1
DA:9,1
DA:12,1
DA:13,1
DA:14,1
DA:15,1
DA:16,1
DA:17,0
DA:19,1
DA:24,1
DA:28,1
DA:32,1
DA:33,1
DA:34,1
DA:35,1
DA:36,1
DA:116,1
DA:117,1
DA:118,1
DA:121,1
DA:122,1
DA:123,1
DA:124,1
DA:125,1
DA:127,1
DA:128,1
DA:129,1
DA:130,1
DA:131,1
DA:132,1
DA:133,1
DA:134,1
DA:135,1
DA:140,1
DA:152,1
DA:154,1
DA:157,0
DA:162,1
DA:171,1
DA:179,1
DA:190,1
DA:200,1
DA:204,0
DA:209,1
DA:218,1
DA:238,0
DA:243,1
DA:245,3
DA:259,1
DA:268,1
DA:277,1
DA:286,1
DA:287,1
LF:56
LH:52
BRDA:157,0,0,1
BRDA:157,0,1,1
BRDA:204,1,0,1
BRDA:204,1,1,1
BRDA:238,2,0,1
BRDA:238,2,1,1
BRF:6
BRH:6
end_of_record
TN:
SF:src\views\LoginPage.vue
FN:10,(anonymous_0)
FN:51,render
FN:54,(anonymous_2)
FN:55,(anonymous_3)
FNF:4
FNH:0
FNDA:0,(anonymous_0)
FNDA:0,render
FNDA:0,(anonymous_2)
FNDA:0,(anonymous_3)
DA:3,0
DA:6,0
DA:7,0
DA:8,0
DA:11,0
DA:12,0
DA:13,0
DA:14,0
DA:36,0
DA:40,0
DA:44,0
DA:48,0
DA:49,0
DA:50,0
DA:52,0
DA:53,0
DA:54,0
DA:56,0
DA:65,0
DA:66,0
LF:20
LH:0
BRF:0
BRH:0
end_of_record
TN:
SF:src\views\NormalCentral.vue
FN:16,render
FNF:1
FNH:0
FNDA:0,render
DA:4,0
DA:7,0
DA:8,0
DA:13,0
DA:14,0
DA:15,0
DA:17,0
DA:19,0
DA:20,0
LF:9
LH:0
BRF:0
BRH:0
end_of_record
TN:
SF:src\views\NormalFull.vue
FN:16,render
FNF:1
FNH:0
FNDA:0,render
DA:4,0
DA:7,0
DA:8,0
DA:13,0
DA:14,0
DA:15,0
DA:17,0
DA:19,0
DA:20,0
LF:9
LH:0
BRF:0
BRH:0
end_of_record
TN:
SF:src\views\NormalLateral.vue
FN:16,render
FNF:1
FNH:0
FNDA:0,render
DA:4,0
DA:7,0
DA:8,0
DA:13,0
DA:14,0
DA:15,0
DA:17,0
DA:19,0
DA:20,0
LF:9
LH:0
BRF:0
BRH:0
end_of_record
