TN:
SF:src\packages\Amazon.vue
FN:16,(anonymous_0)
FN:23,(anonymous_1)
FN:28,(anonymous_2)
FN:72,render
FN:82,(anonymous_4)
FN:94,(anonymous_5)
FN:96,(anonymous_6)
FN:100,(anonymous_7)
FN:109,(anonymous_8)
FN:120,(anonymous_9)
FN:128,(anonymous_10)
FN:137,(anonymous_11)
FNF:12
FNH:8
FNDA:1,(anonymous_0)
FNDA:0,(anonymous_1)
FNDA:0,(anonymous_2)
FNDA:1,render
FNDA:1,(anonymous_4)
FNDA:1,(anonymous_5)
FNDA:1,(anonymous_6)
FNDA:0,(anonymous_7)
FNDA:1,(anonymous_8)
FNDA:1,(anonymous_9)
FNDA:0,(anonymous_10)
FNDA:1,(anonymous_11)
DA:4,1
DA:7,1
DA:14,1
DA:17,1
DA:24,0
DA:25,0
DA:26,0
DA:29,0
DA:35,1
DA:36,1
DA:37,1
DA:38,1
DA:39,1
DA:43,1
DA:44,1
DA:45,1
DA:46,1
DA:47,1
DA:48,1
DA:54,1
DA:57,1
DA:58,1
DA:62,1
DA:63,1
DA:73,1
DA:74,1
DA:75,1
DA:76,1
DA:77,1
DA:78,1
DA:82,1
DA:94,1
DA:96,1
DA:100,0
DA:109,1
DA:120,1
DA:128,0
DA:137,1
DA:155,1
DA:156,1
LF:40
LH:34
BRDA:100,0,0,1
BRDA:100,0,1,1
BRDA:128,1,0,1
BRDA:128,1,1,1
BRF:4
BRH:4
end_of_record
TN:
SF:src\packages\Github.vue
FN:45,render
FN:58,(anonymous_1)
FN:63,(anonymous_2)
FN:69,(anonymous_3)
FN:78,(anonymous_4)
FN:91,(anonymous_5)
FNF:6
FNH:4
FNDA:1,render
FNDA:1,(anonymous_1)
FNDA:0,(anonymous_2)
FNDA:0,(anonymous_3)
FNDA:1,(anonymous_4)
FNDA:1,(anonymous_5)
DA:4,1
DA:7,1
DA:13,1
DA:18,1
DA:19,1
DA:20,1
DA:21,1
DA:22,1
DA:33,1
DA:34,1
DA:35,1
DA:36,1
DA:37,1
DA:38,1
DA:42,1
DA:43,1
DA:44,1
DA:46,1
DA:47,1
DA:48,1
DA:49,1
DA:58,1
DA:63,0
DA:69,0
DA:78,1
DA:91,1
DA:99,1
DA:100,1
LF:28
LH:26
BRDA:63,0,0,1
BRDA:63,0,1,1
BRDA:69,1,0,1
BRDA:69,1,1,1
BRF:4
BRH:4
end_of_record
TN:
SF:src\packages\Google.vue
FN:17,(anonymous_0)
FN:25,(anonymous_1)
FN:30,(anonymous_2)
FN:132,render
FN:146,(anonymous_4)
FN:158,(anonymous_5)
FN:160,(anonymous_6)
FN:163,(anonymous_7)
FN:168,(anonymous_8)
FN:177,(anonymous_9)
FN:185,(anonymous_10)
FN:196,(anonymous_11)
FN:206,(anonymous_12)
FN:210,(anonymous_13)
FN:215,(anonymous_14)
FN:225,(anonymous_15)
FN:245,(anonymous_16)
FN:250,(anonymous_17)
FN:251,(anonymous_18)
FN:266,(anonymous_19)
FN:275,(anonymous_20)
FN:284,(anonymous_21)
FNF:22
FNH:17
FNDA:1,(anonymous_0)
FNDA:0,(anonymous_1)
FNDA:0,(anonymous_2)
FNDA:1,render
FNDA:1,(anonymous_4)
FNDA:1,(anonymous_5)
FNDA:1,(anonymous_6)
FNDA:0,(anonymous_7)
FNDA:1,(anonymous_8)
FNDA:1,(anonymous_9)
FNDA:1,(anonymous_10)
FNDA:1,(anonymous_11)
FNDA:1,(anonymous_12)
FNDA:0,(anonymous_13)
FNDA:1,(anonymous_14)
FNDA:1,(anonymous_15)
FNDA:0,(anonymous_16)
FNDA:1,(anonymous_17)
FNDA:3,(anonymous_18)
FNDA:1,(anonymous_19)
FNDA:1,(anonymous_20)
FNDA:1,(anonymous_21)
DA:4,1
DA:7,1
DA:15,1
DA:18,1
DA:26,0
DA:27,0
DA:28,0
DA:31,0
DA:37,1
DA:38,1
DA:39,1
DA:40,1
DA:41,1
DA:42,1
DA:122,1
DA:123,1
DA:124,1
DA:127,1
DA:128,1
DA:129,1
DA:130,1
DA:131,1
DA:133,1
DA:134,1
DA:135,1
DA:136,1
DA:137,1
DA:138,1
DA:139,1
DA:140,1
DA:141,1
DA:146,1
DA:158,1
DA:160,1
DA:163,0
DA:168,1
DA:177,1
DA:185,1
DA:196,1
DA:206,1
DA:210,0
DA:215,1
DA:225,1
DA:245,0
DA:250,1
DA:252,3
DA:266,1
DA:275,1
DA:284,1
DA:293,1
DA:294,1
LF:51
LH:44
BRDA:163,0,0,1
BRDA:163,0,1,1
BRDA:210,1,0,1
BRDA:210,1,1,1
BRDA:245,2,0,1
BRDA:245,2,1,1
BRF:6
BRH:6
end_of_record
